#
# There is insufficient memory for the Java Runtime Environment to continue.
# Native memory allocation (malloc) failed to allocate 2090096 bytes for Chunk::new
# Possible reasons:
#   The system is out of physical RAM or swap space
#   The process is running with CompressedOops enabled, and the Java Heap may be blocking the growth of the native heap
# Possible solutions:
#   Reduce memory load on the system
#   Increase physical memory or swap space
#   Check if swap backing store is full
#   Decrease Java heap size (-Xmx/-Xms)
#   Decrease number of Java threads
#   Decrease Java thread stack sizes (-Xss)
#   Set larger code cache with -XX:ReservedCodeCacheSize=
#   JVM is running with Unscaled Compressed Oops mode in which the Java heap is
#     placed in the first 4GB address space. The Java Heap base address is the
#     maximum limit for the native heap growth. Please use -XX:HeapBaseMinAddress
#     to set the Java Heap base and to place the Java Heap above 4GB virtual address.
# This output file may be truncated or incomplete.
#
#  Out of Memory Error (arena.cpp:189), pid=25328, tid=28636
#
# JRE version: Java(TM) SE Runtime Environment (17.0.8+9) (build 17.0.8+9-LTS-211)
# Java VM: Java HotSpot(TM) 64-Bit Server VM (17.0.8+9-LTS-211, mixed mode, sharing, tiered, compressed oops, compressed class ptrs, g1 gc, windows-amd64)
# No core dump will be written. Minidumps are not enabled by default on client versions of Windows
#

---------------  S U M M A R Y ------------

Command Line: -XX:MaxMetaspaceSize=512m --add-opens=java.base/java.util=ALL-UNNAMED --add-opens=java.base/java.lang=ALL-UNNAMED --add-opens=java.base/java.lang.invoke=ALL-UNNAMED --add-opens=java.prefs/java.util.prefs=ALL-UNNAMED --add-opens=java.base/java.nio.charset=ALL-UNNAMED --add-opens=java.base/java.net=ALL-UNNAMED --add-opens=java.base/java.util.concurrent.atomic=ALL-UNNAMED -Xmx2048m -Dfile.encoding=GBK -Duser.country=CN -Duser.language=zh -Duser.variant org.gradle.launcher.daemon.bootstrap.GradleDaemon 8.0.1

Host: Intel(R) Core(TM) i5-10210U CPU @ 1.60GHz, 8 cores, 7G,  Windows 10 , 64 bit Build 19041 (10.0.19041.3636)
Time: Sun Dec 17 22:05:37 2023  Windows 10 , 64 bit Build 19041 (10.0.19041.3636) elapsed time: 42.344435 seconds (0d 0h 0m 42s)

---------------  T H R E A D  ---------------

Current thread (0x0000021160af4f10):  JavaThread "C2 CompilerThread0" daemon [_thread_in_native, id=28636, stack(0x0000009770700000,0x0000009770800000)]


Current CompileTask:
C2:  42344 9613   !   4       com.sun.beans.TypeResolver::resolve (261 bytes)

Stack: [0x0000009770700000,0x0000009770800000]
Native frames: (J=compiled Java code, j=interpreted, Vv=VM code, C=native code)
V  [jvm.dll+0x677d0a]
V  [jvm.dll+0x7d8c54]
V  [jvm.dll+0x7da3fe]
V  [jvm.dll+0x7daa63]
V  [jvm.dll+0x245c5f]
V  [jvm.dll+0xaaa6b]
V  [jvm.dll+0xab00c]
V  [jvm.dll+0x361e3f]
V  [jvm.dll+0x32c551]
V  [jvm.dll+0x32b9ea]
V  [jvm.dll+0x217fff]
V  [jvm.dll+0x217431]
V  [jvm.dll+0x1a3af0]
V  [jvm.dll+0x2270be]
V  [jvm.dll+0x22535b]
V  [jvm.dll+0x78e7bc]
V  [jvm.dll+0x788bba]
V  [jvm.dll+0x676b35]
C  [ucrtbase.dll+0x21bb2]
C  [KERNEL32.DLL+0x17344]
C  [ntdll.dll+0x526b1]


---------------  P R O C E S S  ---------------

Threads class SMR info:
_java_thread_list=0x0000021104ab1290, length=137, elements={
0x00000211428ea2e0, 0x0000021160ad10d0, 0x0000021160ad26e0, 0x0000021160aea5b0,
0x0000021160aec170, 0x0000021160aefbe0, 0x0000021160af0d30, 0x0000021160af4f10,
0x0000021160af7910, 0x0000021160afb250, 0x0000021160c905d0, 0x0000021160c98b10,
0x0000021101daa050, 0x0000021100baa2b0, 0x000002110103df50, 0x000002110195e080,
0x000002110214df50, 0x0000021100ef8460, 0x0000021100ec7470, 0x0000021100f0fc20,
0x000002110067bd10, 0x000002110067c1e0, 0x000002110067f6d0, 0x000002110067e390,
0x000002110067cb80, 0x000002110067d050, 0x000002110067d520, 0x000002110067d9f0,
0x000002110067ed30, 0x00000211025bfeb0, 0x00000211025ba340, 0x00000211025be1d0,
0x00000211025bb1b0, 0x00000211025bf510, 0x00000211025bd830, 0x00000211025bf9e0,
0x00000211025bc9c0, 0x00000211025b99a0, 0x00000211025c0850, 0x00000211025b9000,
0x00000211025bace0, 0x00000211025bc020, 0x00000211025bc4f0, 0x00000211025bdd00,
0x00000211025bf040, 0x00000211011efa00, 0x00000211011efed0, 0x00000211011ef530,
0x00000211011f03a0, 0x00000211011f1210, 0x00000211011f0870, 0x00000211011f0d40,
0x00000211011f2550, 0x00000211011f16e0, 0x00000211011f1bb0, 0x00000211011f2a20,
0x00000211011ef060, 0x00000211011f2080, 0x00000211024b5310, 0x00000211024b3fd0,
0x00000211024b3160, 0x00000211024b0610, 0x00000211024b0fb0, 0x00000211024ae460,
0x00000211024b5cb0, 0x00000211024b22f0, 0x00000211024b4970, 0x00000211024b1480,
0x00000211024b4e40, 0x00000211024b1950, 0x00000211024b3630, 0x00000211024b1e20,
0x00000211024b57e0, 0x00000211024b3b00, 0x00000211024b0ae0, 0x00000211024af2d0,
0x00000211024af7a0, 0x000002110067dec0, 0x000002110170c6c0, 0x00000211017113c0,
0x000002110170cb90, 0x000002110170d060, 0x000002110170b380, 0x000002110170e870,
0x000002110170a510, 0x000002110170d530, 0x000002110170da00, 0x000002110170fbb0,
0x0000021101710ef0, 0x0000021101710550, 0x0000021101711890, 0x000002110170ded0,
0x000002110170c1f0, 0x000002110170ed40, 0x000002110170e3a0, 0x0000021101710a20,
0x000002110170f210, 0x000002110170f6e0, 0x000002110170a9e0, 0x000002110170aeb0,
0x0000021101710080, 0x0000021101711d60, 0x000002110170b850, 0x000002110170bd20,
0x00000211033b86b0, 0x00000211033b8b80, 0x00000211033b7840, 0x00000211033b5b60,
0x00000211033b9520, 0x00000211033b69d0, 0x00000211033b6030, 0x00000211033b5690,
0x00000211033b99f0, 0x00000211033b9050, 0x00000211033b51c0, 0x00000211033b4820,
0x00000211033b4cf0, 0x00000211033b6500, 0x00000211033b7370, 0x00000211033b4350,
0x00000211033b81e0, 0x00000211033b9ec0, 0x00000211033b2b40, 0x00000211033b3010,
0x00000211033b39b0, 0x00000211033b3e80, 0x0000021103b106c0, 0x0000021103b12d40,
0x0000021103b13210, 0x0000021103b16230, 0x0000021103b15d60, 0x0000021103b136e0,
0x0000021103b14550, 0x0000021103b11060, 0x0000021103b0fd20, 0x0000021103b16700,
0x0000021102fd1010
}

Java Threads: ( => current thread )
  0x00000211428ea2e0 JavaThread "main" [_thread_blocked, id=19960, stack(0x000000976fa00000,0x000000976fb00000)]
  0x0000021160ad10d0 JavaThread "Reference Handler" daemon [_thread_blocked, id=27140, stack(0x0000009770100000,0x0000009770200000)]
  0x0000021160ad26e0 JavaThread "Finalizer" daemon [_thread_blocked, id=25760, stack(0x0000009770200000,0x0000009770300000)]
  0x0000021160aea5b0 JavaThread "Signal Dispatcher" daemon [_thread_blocked, id=10948, stack(0x0000009770300000,0x0000009770400000)]
  0x0000021160aec170 JavaThread "Attach Listener" daemon [_thread_blocked, id=17668, stack(0x0000009770400000,0x0000009770500000)]
  0x0000021160aefbe0 JavaThread "Service Thread" daemon [_thread_blocked, id=26348, stack(0x0000009770500000,0x0000009770600000)]
  0x0000021160af0d30 JavaThread "Monitor Deflation Thread" daemon [_thread_blocked, id=19160, stack(0x0000009770600000,0x0000009770700000)]
=>0x0000021160af4f10 JavaThread "C2 CompilerThread0" daemon [_thread_in_native, id=28636, stack(0x0000009770700000,0x0000009770800000)]
  0x0000021160af7910 JavaThread "C1 CompilerThread0" daemon [_thread_blocked, id=25788, stack(0x0000009770800000,0x0000009770900000)]
  0x0000021160afb250 JavaThread "Sweeper thread" daemon [_thread_blocked, id=18552, stack(0x0000009770900000,0x0000009770a00000)]
  0x0000021160c905d0 JavaThread "Common-Cleaner" daemon [_thread_blocked, id=1832, stack(0x0000009770a00000,0x0000009770b00000)]
  0x0000021160c98b10 JavaThread "Notification Thread" daemon [_thread_blocked, id=22356, stack(0x0000009770b00000,0x0000009770c00000)]
  0x0000021101daa050 JavaThread "Daemon health stats" [_thread_blocked, id=11308, stack(0x0000009771200000,0x0000009771300000)]
  0x0000021100baa2b0 JavaThread "Incoming local TCP Connector on port 64612" [_thread_in_native, id=21912, stack(0x0000009771100000,0x0000009771200000)]
  0x000002110103df50 JavaThread "Daemon periodic checks" [_thread_blocked, id=22052, stack(0x0000009771300000,0x0000009771400000)]
  0x000002110195e080 JavaThread "Daemon" [_thread_blocked, id=31208, stack(0x0000009771400000,0x0000009771500000)]
  0x000002110214df50 JavaThread "Handler for socket connection from /127.0.0.1:64612 to /127.0.0.1:64614" [_thread_in_native, id=22288, stack(0x0000009771500000,0x0000009771600000)]
  0x0000021100ef8460 JavaThread "Cancel handler" [_thread_blocked, id=12084, stack(0x0000009771600000,0x0000009771700000)]
  0x0000021100ec7470 JavaThread "Daemon worker" [_thread_in_native, id=15008, stack(0x0000009771700000,0x0000009771800000)]
  0x0000021100f0fc20 JavaThread "Asynchronous log dispatcher for DefaultDaemonConnection: socket connection from /127.0.0.1:64612 to /127.0.0.1:64614" [_thread_blocked, id=20908, stack(0x0000009771800000,0x0000009771900000)]
  0x000002110067bd10 JavaThread "Stdin handler" [_thread_blocked, id=12340, stack(0x0000009771900000,0x0000009771a00000)]
  0x000002110067c1e0 JavaThread "Daemon client event forwarder" [_thread_blocked, id=15936, stack(0x0000009771a00000,0x0000009771b00000)]
  0x000002110067f6d0 JavaThread "Cache worker for journal cache (C:\Users\Mmjiang\.gradle\caches\journal-1)" [_thread_blocked, id=22848, stack(0x0000009771b00000,0x0000009771c00000)]
  0x000002110067e390 JavaThread "File lock request listener" [_thread_in_native, id=28160, stack(0x0000009771c00000,0x0000009771d00000)]
  0x000002110067cb80 JavaThread "File lock release action executor" [_thread_blocked, id=22160, stack(0x0000009771d00000,0x0000009771e00000)]
  0x000002110067d050 JavaThread "Cache worker for file hash cache (C:\Users\Mmjiang\.gradle\caches\8.0.1\fileHashes)" [_thread_blocked, id=7556, stack(0x0000009771e00000,0x0000009771f00000)]
  0x000002110067d520 JavaThread "File watcher server" daemon [_thread_in_native, id=23232, stack(0x0000009772200000,0x0000009772300000)]
  0x000002110067d9f0 JavaThread "File watcher consumer" daemon [_thread_blocked, id=15924, stack(0x0000009772300000,0x0000009772400000)]
  0x000002110067ed30 JavaThread "Cache worker for checksums cache (C:\Users\Mmjiang\Desktop\AwesomeProject\android\.gradle\8.0.1\checksums)" [_thread_blocked, id=3188, stack(0x0000009772400000,0x0000009772500000)]
  0x00000211025bfeb0 JavaThread "Cache worker for cache directory md-rule (C:\Users\Mmjiang\.gradle\caches\8.0.1\md-rule)" [_thread_blocked, id=13580, stack(0x0000009772600000,0x0000009772700000)]
  0x00000211025ba340 JavaThread "Cache worker for file content cache (C:\Users\Mmjiang\.gradle\caches\8.0.1\fileContent)" [_thread_blocked, id=3092, stack(0x0000009772700000,0x0000009772800000)]
  0x00000211025be1d0 JavaThread "Cache worker for file hash cache (C:\Users\Mmjiang\Desktop\AwesomeProject\android\.gradle\8.0.1\fileHashes)" [_thread_blocked, id=14136, stack(0x0000009772800000,0x0000009772900000)]
  0x00000211025bb1b0 JavaThread "Cache worker for cache directory md-supplier (C:\Users\Mmjiang\.gradle\caches\8.0.1\md-supplier)" [_thread_blocked, id=16720, stack(0x0000009772900000,0x0000009772a00000)]
  0x00000211025bf510 JavaThread "Cache worker for execution history cache (C:\Users\Mmjiang\.gradle\caches\8.0.1\executionHistory)" [_thread_blocked, id=26268, stack(0x0000009772500000,0x0000009772600000)]
  0x00000211025bd830 JavaThread "jar transforms" [_thread_blocked, id=18196, stack(0x0000009772c00000,0x0000009772d00000)]
  0x00000211025bf9e0 JavaThread "jar transforms Thread 2" [_thread_blocked, id=21432, stack(0x0000009772d00000,0x0000009772e00000)]
  0x00000211025bc9c0 JavaThread "jar transforms Thread 3" [_thread_blocked, id=31328, stack(0x0000009772e00000,0x0000009772f00000)]
  0x00000211025b99a0 JavaThread "jar transforms Thread 4" [_thread_blocked, id=29444, stack(0x0000009772b00000,0x0000009772c00000)]
  0x00000211025c0850 JavaThread "Cache worker for kotlin-dsl (C:\Users\Mmjiang\.gradle\caches\8.0.1\kotlin-dsl)" [_thread_blocked, id=15072, stack(0x0000009773000000,0x0000009773100000)]
  0x00000211025b9000 JavaThread "jar transforms Thread 5" [_thread_blocked, id=31464, stack(0x0000009773100000,0x0000009773200000)]
  0x00000211025bace0 JavaThread "jar transforms Thread 6" [_thread_blocked, id=30096, stack(0x0000009772f00000,0x0000009773000000)]
  0x00000211025bc020 JavaThread "Cache worker for dependencies-accessors (C:\Users\Mmjiang\Desktop\AwesomeProject\android\.gradle\8.0.1\dependencies-accessors)" [_thread_blocked, id=2412, stack(0x0000009773200000,0x0000009773300000)]
  0x00000211025bc4f0 JavaThread "Cache worker for Build Output Cleanup Cache (C:\Users\Mmjiang\Desktop\AwesomeProject\node_modules\@react-native\gradle-plugin\.gradle\buildOutputCleanup)" [_thread_blocked, id=15860, stack(0x0000009773400000,0x0000009773500000)]
  0x00000211025bdd00 JavaThread "jar transforms Thread 7" [_thread_blocked, id=12508, stack(0x0000009773500000,0x0000009773600000)]
  0x00000211025bf040 JavaThread "Unconstrained build operations" [_thread_blocked, id=25928, stack(0x0000009773600000,0x0000009773700000)]
  0x00000211011efa00 JavaThread "Unconstrained build operations Thread 2" [_thread_blocked, id=10708, stack(0x0000009773700000,0x0000009773800000)]
  0x00000211011efed0 JavaThread "Unconstrained build operations Thread 3" [_thread_blocked, id=28564, stack(0x0000009773800000,0x0000009773900000)]
  0x00000211011ef530 JavaThread "Unconstrained build operations Thread 4" [_thread_blocked, id=23688, stack(0x0000009773900000,0x0000009773a00000)]
  0x00000211011f03a0 JavaThread "Unconstrained build operations Thread 5" [_thread_blocked, id=28624, stack(0x0000009773a00000,0x0000009773b00000)]
  0x00000211011f1210 JavaThread "Unconstrained build operations Thread 6" [_thread_blocked, id=2424, stack(0x0000009773b00000,0x0000009773c00000)]
  0x00000211011f0870 JavaThread "Unconstrained build operations Thread 7" [_thread_blocked, id=10936, stack(0x0000009773c00000,0x0000009773d00000)]
  0x00000211011f0d40 JavaThread "Unconstrained build operations Thread 8" [_thread_blocked, id=4580, stack(0x0000009773d00000,0x0000009773e00000)]
  0x00000211011f2550 JavaThread "Unconstrained build operations Thread 9" [_thread_blocked, id=14772, stack(0x0000009773e00000,0x0000009773f00000)]
  0x00000211011f16e0 JavaThread "Unconstrained build operations Thread 10" [_thread_blocked, id=12016, stack(0x0000009773f00000,0x0000009774000000)]
  0x00000211011f1bb0 JavaThread "Unconstrained build operations Thread 11" [_thread_blocked, id=3588, stack(0x0000009774000000,0x0000009774100000)]
  0x00000211011f2a20 JavaThread "Unconstrained build operations Thread 12" [_thread_blocked, id=7388, stack(0x0000009774100000,0x0000009774200000)]
  0x00000211011ef060 JavaThread "Unconstrained build operations Thread 13" [_thread_blocked, id=24480, stack(0x0000009774200000,0x0000009774300000)]
  0x00000211011f2080 JavaThread "Unconstrained build operations Thread 14" [_thread_blocked, id=25864, stack(0x0000009774300000,0x0000009774400000)]
  0x00000211024b5310 JavaThread "Unconstrained build operations Thread 15" [_thread_blocked, id=31480, stack(0x0000009774400000,0x0000009774500000)]
  0x00000211024b3fd0 JavaThread "Unconstrained build operations Thread 16" [_thread_blocked, id=16284, stack(0x0000009774500000,0x0000009774600000)]
  0x00000211024b3160 JavaThread "Unconstrained build operations Thread 17" [_thread_blocked, id=15788, stack(0x0000009774600000,0x0000009774700000)]
  0x00000211024b0610 JavaThread "Unconstrained build operations Thread 18" [_thread_blocked, id=26604, stack(0x0000009774700000,0x0000009774800000)]
  0x00000211024b0fb0 JavaThread "Unconstrained build operations Thread 19" [_thread_blocked, id=3724, stack(0x0000009774800000,0x0000009774900000)]
  0x00000211024ae460 JavaThread "Unconstrained build operations Thread 20" [_thread_blocked, id=30540, stack(0x0000009774900000,0x0000009774a00000)]
  0x00000211024b5cb0 JavaThread "Unconstrained build operations Thread 21" [_thread_blocked, id=30116, stack(0x0000009774a00000,0x0000009774b00000)]
  0x00000211024b22f0 JavaThread "Unconstrained build operations Thread 22" [_thread_blocked, id=29112, stack(0x0000009774b00000,0x0000009774c00000)]
  0x00000211024b4970 JavaThread "Unconstrained build operations Thread 23" [_thread_blocked, id=18288, stack(0x0000009774c00000,0x0000009774d00000)]
  0x00000211024b1480 JavaThread "Unconstrained build operations Thread 24" [_thread_blocked, id=27048, stack(0x0000009774d00000,0x0000009774e00000)]
  0x00000211024b4e40 JavaThread "Unconstrained build operations Thread 25" [_thread_blocked, id=13304, stack(0x0000009774e00000,0x0000009774f00000)]
  0x00000211024b1950 JavaThread "Unconstrained build operations Thread 26" [_thread_blocked, id=28680, stack(0x0000009774f00000,0x0000009775000000)]
  0x00000211024b3630 JavaThread "jar transforms Thread 8" [_thread_blocked, id=22116, stack(0x0000009773300000,0x0000009773400000)]
  0x00000211024b1e20 JavaThread "Memory manager" [_thread_blocked, id=14660, stack(0x0000009775100000,0x0000009775200000)]
  0x00000211024b57e0 JavaThread "Cache worker for Build Output Cleanup Cache (C:\Users\Mmjiang\Desktop\AwesomeProject\android\.gradle\buildOutputCleanup)" [_thread_blocked, id=28664, stack(0x0000009775200000,0x0000009775300000)]
  0x00000211024b3b00 JavaThread "included builds" [_thread_blocked, id=16704, stack(0x0000009775300000,0x0000009775400000)]
  0x00000211024b0ae0 JavaThread "Execution worker" [_thread_blocked, id=28092, stack(0x0000009775400000,0x0000009775500000)]
  0x00000211024af2d0 JavaThread "Execution worker Thread 2" [_thread_blocked, id=29280, stack(0x0000009775500000,0x0000009775600000)]
  0x00000211024af7a0 JavaThread "Execution worker Thread 3" [_thread_blocked, id=15636, stack(0x0000009775600000,0x0000009775700000)]
  0x000002110067dec0 JavaThread "Execution worker Thread 4" [_thread_blocked, id=21780, stack(0x0000009775700000,0x0000009775800000)]
  0x000002110170c6c0 JavaThread "Execution worker Thread 5" [_thread_blocked, id=14192, stack(0x0000009775800000,0x0000009775900000)]
  0x00000211017113c0 JavaThread "Execution worker Thread 6" [_thread_blocked, id=1044, stack(0x0000009775900000,0x0000009775a00000)]
  0x000002110170cb90 JavaThread "Execution worker Thread 7" [_thread_blocked, id=8736, stack(0x0000009775a00000,0x0000009775b00000)]
  0x000002110170d060 JavaThread "Cache worker for execution history cache (C:\Users\Mmjiang\Desktop\AwesomeProject\node_modules\@react-native\gradle-plugin\.gradle\8.0.1\executionHistory)" [_thread_blocked, id=11120, stack(0x0000009775b00000,0x0000009775c00000)]
  0x000002110170b380 JavaThread "Unconstrained build operations Thread 27" [_thread_blocked, id=17128, stack(0x0000009775c00000,0x0000009775d00000)]
  0x000002110170e870 JavaThread "Unconstrained build operations Thread 28" [_thread_blocked, id=12532, stack(0x0000009775d00000,0x0000009775e00000)]
  0x000002110170a510 JavaThread "Unconstrained build operations Thread 29" [_thread_blocked, id=18768, stack(0x0000009775e00000,0x0000009775f00000)]
  0x000002110170d530 JavaThread "Unconstrained build operations Thread 30" [_thread_blocked, id=824, stack(0x0000009775f00000,0x0000009776000000)]
  0x000002110170da00 JavaThread "Unconstrained build operations Thread 31" [_thread_blocked, id=11404, stack(0x0000009776000000,0x0000009776100000)]
  0x000002110170fbb0 JavaThread "Unconstrained build operations Thread 32" [_thread_blocked, id=14916, stack(0x0000009776100000,0x0000009776200000)]
  0x0000021101710ef0 JavaThread "Unconstrained build operations Thread 33" [_thread_blocked, id=13404, stack(0x0000009776200000,0x0000009776300000)]
  0x0000021101710550 JavaThread "Unconstrained build operations Thread 34" [_thread_blocked, id=8236, stack(0x0000009776300000,0x0000009776400000)]
  0x0000021101711890 JavaThread "Unconstrained build operations Thread 35" [_thread_blocked, id=13796, stack(0x0000009776400000,0x0000009776500000)]
  0x000002110170ded0 JavaThread "Unconstrained build operations Thread 36" [_thread_blocked, id=25844, stack(0x0000009776500000,0x0000009776600000)]
  0x000002110170c1f0 JavaThread "Unconstrained build operations Thread 37" [_thread_blocked, id=27604, stack(0x0000009776600000,0x0000009776700000)]
  0x000002110170ed40 JavaThread "Unconstrained build operations Thread 38" [_thread_blocked, id=27700, stack(0x0000009776700000,0x0000009776800000)]
  0x000002110170e3a0 JavaThread "Unconstrained build operations Thread 39" [_thread_blocked, id=2268, stack(0x0000009776800000,0x0000009776900000)]
  0x0000021101710a20 JavaThread "Unconstrained build operations Thread 40" [_thread_blocked, id=28240, stack(0x0000009776900000,0x0000009776a00000)]
  0x000002110170f210 JavaThread "Unconstrained build operations Thread 41" [_thread_blocked, id=23392, stack(0x0000009776a00000,0x0000009776b00000)]
  0x000002110170f6e0 JavaThread "Unconstrained build operations Thread 42" [_thread_blocked, id=7200, stack(0x0000009776b00000,0x0000009776c00000)]
  0x000002110170a9e0 JavaThread "Unconstrained build operations Thread 43" [_thread_blocked, id=7768, stack(0x0000009776c00000,0x0000009776d00000)]
  0x000002110170aeb0 JavaThread "Unconstrained build operations Thread 44" [_thread_blocked, id=25264, stack(0x0000009776d00000,0x0000009776e00000)]
  0x0000021101710080 JavaThread "Unconstrained build operations Thread 45" [_thread_blocked, id=2076, stack(0x0000009776e00000,0x0000009776f00000)]
  0x0000021101711d60 JavaThread "Unconstrained build operations Thread 46" [_thread_blocked, id=29436, stack(0x0000009776f00000,0x0000009777000000)]
  0x000002110170b850 JavaThread "Unconstrained build operations Thread 47" [_thread_blocked, id=21668, stack(0x0000009777000000,0x0000009777100000)]
  0x000002110170bd20 JavaThread "Unconstrained build operations Thread 48" [_thread_blocked, id=14028, stack(0x0000009777100000,0x0000009777200000)]
  0x00000211033b86b0 JavaThread "Unconstrained build operations Thread 49" [_thread_blocked, id=27576, stack(0x0000009777200000,0x0000009777300000)]
  0x00000211033b8b80 JavaThread "Unconstrained build operations Thread 50" [_thread_blocked, id=29368, stack(0x0000009777300000,0x0000009777400000)]
  0x00000211033b7840 JavaThread "Unconstrained build operations Thread 51" [_thread_blocked, id=6176, stack(0x0000009777400000,0x0000009777500000)]
  0x00000211033b5b60 JavaThread "Unconstrained build operations Thread 52" [_thread_blocked, id=22420, stack(0x0000009775000000,0x0000009775100000)]
  0x00000211033b9520 JavaThread "Unconstrained build operations Thread 53" [_thread_blocked, id=11648, stack(0x0000009777700000,0x0000009777800000)]
  0x00000211033b69d0 JavaThread "Unconstrained build operations Thread 54" [_thread_blocked, id=4832, stack(0x0000009777800000,0x0000009777900000)]
  0x00000211033b6030 JavaThread "Unconstrained build operations Thread 55" [_thread_blocked, id=1924, stack(0x0000009777900000,0x0000009777a00000)]
  0x00000211033b5690 JavaThread "Unconstrained build operations Thread 56" [_thread_blocked, id=14020, stack(0x0000009777a00000,0x0000009777b00000)]
  0x00000211033b99f0 JavaThread "Unconstrained build operations Thread 57" [_thread_blocked, id=2836, stack(0x0000009777b00000,0x0000009777c00000)]
  0x00000211033b9050 JavaThread "Unconstrained build operations Thread 58" [_thread_blocked, id=13360, stack(0x0000009777c00000,0x0000009777d00000)]
  0x00000211033b51c0 JavaThread "Unconstrained build operations Thread 59" [_thread_blocked, id=20040, stack(0x0000009777d00000,0x0000009777e00000)]
  0x00000211033b4820 JavaThread "Unconstrained build operations Thread 60" [_thread_blocked, id=24980, stack(0x0000009777e00000,0x0000009777f00000)]
  0x00000211033b4cf0 JavaThread "Unconstrained build operations Thread 61" [_thread_blocked, id=13192, stack(0x0000009777f00000,0x0000009778000000)]
  0x00000211033b6500 JavaThread "Unconstrained build operations Thread 62" [_thread_blocked, id=30008, stack(0x0000009778000000,0x0000009778100000)]
  0x00000211033b7370 JavaThread "Unconstrained build operations Thread 63" [_thread_blocked, id=15324, stack(0x0000009778100000,0x0000009778200000)]
  0x00000211033b4350 JavaThread "Unconstrained build operations Thread 64" [_thread_blocked, id=30160, stack(0x0000009778200000,0x0000009778300000)]
  0x00000211033b81e0 JavaThread "Unconstrained build operations Thread 65" [_thread_blocked, id=27308, stack(0x0000009778300000,0x0000009778400000)]
  0x00000211033b9ec0 JavaThread "Unconstrained build operations Thread 66" [_thread_blocked, id=8404, stack(0x0000009778400000,0x0000009778500000)]
  0x00000211033b2b40 JavaThread "Unconstrained build operations Thread 67" [_thread_blocked, id=26420, stack(0x0000009778500000,0x0000009778600000)]
  0x00000211033b3010 JavaThread "Unconstrained build operations Thread 68" [_thread_blocked, id=26396, stack(0x0000009778600000,0x0000009778700000)]
  0x00000211033b39b0 JavaThread "Unconstrained build operations Thread 69" [_thread_blocked, id=27572, stack(0x0000009778700000,0x0000009778800000)]
  0x00000211033b3e80 JavaThread "Unconstrained build operations Thread 70" [_thread_blocked, id=24456, stack(0x0000009778800000,0x0000009778900000)]
  0x0000021103b106c0 JavaThread "Unconstrained build operations Thread 71" [_thread_blocked, id=9892, stack(0x0000009778900000,0x0000009778a00000)]
  0x0000021103b12d40 JavaThread "Unconstrained build operations Thread 72" [_thread_blocked, id=26404, stack(0x0000009778a00000,0x0000009778b00000)]
  0x0000021103b13210 JavaThread "Unconstrained build operations Thread 73" [_thread_blocked, id=21936, stack(0x0000009778b00000,0x0000009778c00000)]
  0x0000021103b16230 JavaThread "Unconstrained build operations Thread 74" [_thread_blocked, id=15764, stack(0x0000009778c00000,0x0000009778d00000)]
  0x0000021103b15d60 JavaThread "Unconstrained build operations Thread 75" [_thread_blocked, id=23196, stack(0x0000009778d00000,0x0000009778e00000)]
  0x0000021103b136e0 JavaThread "Unconstrained build operations Thread 76" [_thread_blocked, id=324, stack(0x0000009778e00000,0x0000009778f00000)]
  0x0000021103b14550 JavaThread "Unconstrained build operations Thread 77" [_thread_blocked, id=28708, stack(0x0000009778f00000,0x0000009779000000)]
  0x0000021103b11060 JavaThread "Unconstrained build operations Thread 78" [_thread_blocked, id=28584, stack(0x0000009779000000,0x0000009779100000)]
  0x0000021103b0fd20 JavaThread "Unconstrained build operations Thread 79" [_thread_blocked, id=19436, stack(0x0000009779100000,0x0000009779200000)]
  0x0000021103b16700 JavaThread "Unconstrained build operations Thread 80" [_thread_blocked, id=12888, stack(0x0000009779200000,0x0000009779300000)]
  0x0000021102fd1010 JavaThread "C2 CompilerThread1" daemon [_thread_blocked, id=2892, stack(0x0000009779300000,0x0000009779400000)]

Other Threads:
  0x0000021160acad30 VMThread "VM Thread" [stack: 0x0000009770000000,0x0000009770100000] [id=15352]
  0x000002114295f3d0 WatcherThread [stack: 0x0000009770c00000,0x0000009770d00000] [id=20584]
  0x0000021142947000 GCTaskThread "GC Thread#0" [stack: 0x000000976fb00000,0x000000976fc00000] [id=21112]
  0x000002110072df00 GCTaskThread "GC Thread#1" [stack: 0x0000009770d00000,0x0000009770e00000] [id=13336]
  0x0000021100449210 GCTaskThread "GC Thread#2" [stack: 0x0000009770e00000,0x0000009770f00000] [id=30300]
  0x00000211008ca910 GCTaskThread "GC Thread#3" [stack: 0x0000009770f00000,0x0000009771000000] [id=27532]
  0x0000021100a17370 GCTaskThread "GC Thread#4" [stack: 0x0000009771000000,0x0000009771100000] [id=30296]
  0x0000021101944960 GCTaskThread "GC Thread#5" [stack: 0x0000009771f00000,0x0000009772000000] [id=12640]
  0x0000021101943ea0 GCTaskThread "GC Thread#6" [stack: 0x0000009772000000,0x0000009772100000] [id=17196]
  0x0000021101944150 GCTaskThread "GC Thread#7" [stack: 0x0000009772100000,0x0000009772200000] [id=27800]
  0x0000021142957f40 ConcurrentGCThread "G1 Main Marker" [stack: 0x000000976fc00000,0x000000976fd00000] [id=2192]
  0x00000211429590f0 ConcurrentGCThread "G1 Conc#0" [stack: 0x000000976fd00000,0x000000976fe00000] [id=29840]
  0x0000021160d6afa0 ConcurrentGCThread "G1 Conc#1" [stack: 0x0000009772a00000,0x0000009772b00000] [id=31168]
  0x00000211429be7f0 ConcurrentGCThread "G1 Refine#0" [stack: 0x000000976fe00000,0x000000976ff00000] [id=10980]
  0x0000021160962310 ConcurrentGCThread "G1 Service" [stack: 0x000000976ff00000,0x0000009770000000] [id=31072]

Threads with active compile tasks:
C2 CompilerThread0    42404 9613   !   4       com.sun.beans.TypeResolver::resolve (261 bytes)

VM state: not at safepoint (normal execution)

VM Mutex/Monitor currently owned by a thread: None

Heap address: 0x0000000080000000, size: 2048 MB, Compressed Oops mode: 32-bit

CDS archive(s) mapped at: [0x0000021161000000-0x0000021161bd0000-0x0000021161bd0000), size 12386304, SharedBaseAddress: 0x0000021161000000, ArchiveRelocationMode: 1.
Compressed class space mapped at: 0x0000021162000000-0x000002117c000000, reserved size: 436207616
Narrow klass base: 0x0000021161000000, Narrow klass shift: 0, Narrow klass range: 0x100000000

GC Precious Log:
 CPUs: 8 total, 8 available
 Memory: 7977M
 Large Page Support: Disabled
 NUMA Support: Disabled
 Compressed Oops: Enabled (32-bit)
 Heap Region Size: 1M
 Heap Min Capacity: 8M
 Heap Initial Capacity: 126M
 Heap Max Capacity: 2G
 Pre-touch: Disabled
 Parallel Workers: 8
 Concurrent Workers: 2
 Concurrent Refinement Workers: 8
 Periodic GC: Disabled

Heap:
 garbage-first heap   total 142336K, used 95163K [0x0000000080000000, 0x0000000100000000)
  region size 1024K, 23 young (23552K), 2 survivors (2048K)
 Metaspace       used 73238K, committed 73920K, reserved 491520K
  class space    used 10014K, committed 10368K, reserved 425984K

Heap Regions: E=young(eden), S=young(survivor), O=old, HS=humongous(starts), HC=humongous(continues), CS=collection set, F=free, OA=open archive, CA=closed archive, TAMS=top-at-mark-start (previous, next)
|   0|0x0000000080000000, 0x0000000080100000, 0x0000000080100000|100%|HS|  |TAMS 0x0000000080100000, 0x0000000080000000| Complete 
|   1|0x0000000080100000, 0x0000000080200000, 0x0000000080200000|100%|HC|  |TAMS 0x0000000080200000, 0x0000000080100000| Complete 
|   2|0x0000000080200000, 0x0000000080300000, 0x0000000080300000|100%|HC|  |TAMS 0x0000000080300000, 0x0000000080200000| Complete 
|   3|0x0000000080300000, 0x0000000080400000, 0x0000000080400000|100%|HC|  |TAMS 0x0000000080400000, 0x0000000080300000| Complete 
|   4|0x0000000080400000, 0x0000000080500000, 0x0000000080500000|100%| O|  |TAMS 0x0000000080500000, 0x0000000080400000| Untracked 
|   5|0x0000000080500000, 0x0000000080600000, 0x0000000080600000|100%| O|  |TAMS 0x0000000080600000, 0x0000000080500000| Untracked 
|   6|0x0000000080600000, 0x0000000080700000, 0x0000000080700000|100%| O|  |TAMS 0x0000000080700000, 0x0000000080600000| Untracked 
|   7|0x0000000080700000, 0x0000000080800000, 0x0000000080800000|100%| O|  |TAMS 0x0000000080800000, 0x0000000080700000| Untracked 
|   8|0x0000000080800000, 0x0000000080900000, 0x0000000080900000|100%| O|  |TAMS 0x0000000080900000, 0x0000000080800000| Untracked 
|   9|0x0000000080900000, 0x0000000080a00000, 0x0000000080a00000|100%| O|  |TAMS 0x0000000080a00000, 0x0000000080900000| Untracked 
|  10|0x0000000080a00000, 0x0000000080b00000, 0x0000000080b00000|100%| O|  |TAMS 0x0000000080b00000, 0x0000000080a00000| Untracked 
|  11|0x0000000080b00000, 0x0000000080c00000, 0x0000000080c00000|100%| O|  |TAMS 0x0000000080c00000, 0x0000000080b00000| Untracked 
|  12|0x0000000080c00000, 0x0000000080d00000, 0x0000000080d00000|100%| O|  |TAMS 0x0000000080d00000, 0x0000000080c00000| Untracked 
|  13|0x0000000080d00000, 0x0000000080e00000, 0x0000000080e00000|100%| O|  |TAMS 0x0000000080e00000, 0x0000000080d00000| Untracked 
|  14|0x0000000080e00000, 0x0000000080f00000, 0x0000000080f00000|100%| O|  |TAMS 0x0000000080f00000, 0x0000000080e00000| Untracked 
|  15|0x0000000080f00000, 0x0000000081000000, 0x0000000081000000|100%| O|  |TAMS 0x0000000081000000, 0x0000000080f00000| Untracked 
|  16|0x0000000081000000, 0x0000000081100000, 0x0000000081100000|100%| O|  |TAMS 0x0000000081100000, 0x0000000081000000| Untracked 
|  17|0x0000000081100000, 0x0000000081200000, 0x0000000081200000|100%| O|  |TAMS 0x0000000081200000, 0x0000000081100000| Untracked 
|  18|0x0000000081200000, 0x0000000081300000, 0x0000000081300000|100%| O|  |TAMS 0x0000000081300000, 0x0000000081200000| Untracked 
|  19|0x0000000081300000, 0x0000000081400000, 0x0000000081400000|100%| O|  |TAMS 0x0000000081400000, 0x0000000081300000| Untracked 
|  20|0x0000000081400000, 0x0000000081500000, 0x0000000081500000|100%| O|  |TAMS 0x0000000081500000, 0x0000000081400000| Untracked 
|  21|0x0000000081500000, 0x0000000081600000, 0x0000000081600000|100%| O|  |TAMS 0x0000000081600000, 0x0000000081500000| Untracked 
|  22|0x0000000081600000, 0x0000000081700000, 0x0000000081700000|100%| O|  |TAMS 0x0000000081700000, 0x0000000081600000| Untracked 
|  23|0x0000000081700000, 0x0000000081800000, 0x0000000081800000|100%| O|  |TAMS 0x0000000081800000, 0x0000000081700000| Untracked 
|  24|0x0000000081800000, 0x0000000081900000, 0x0000000081900000|100%| O|  |TAMS 0x0000000081900000, 0x0000000081800000| Untracked 
|  25|0x0000000081900000, 0x0000000081a00000, 0x0000000081a00000|100%| O|  |TAMS 0x0000000081a00000, 0x0000000081900000| Untracked 
|  26|0x0000000081a00000, 0x0000000081b00000, 0x0000000081b00000|100%| O|  |TAMS 0x0000000081b00000, 0x0000000081a00000| Untracked 
|  27|0x0000000081b00000, 0x0000000081c00000, 0x0000000081c00000|100%| O|  |TAMS 0x0000000081c00000, 0x0000000081b00000| Untracked 
|  28|0x0000000081c00000, 0x0000000081d00000, 0x0000000081d00000|100%| O|  |TAMS 0x0000000081d00000, 0x0000000081c00000| Untracked 
|  29|0x0000000081d00000, 0x0000000081e00000, 0x0000000081e00000|100%|HS|  |TAMS 0x0000000081e00000, 0x0000000081d00000| Complete 
|  30|0x0000000081e00000, 0x0000000081f00000, 0x0000000081f00000|100%|HC|  |TAMS 0x0000000081f00000, 0x0000000081e00000| Complete 
|  31|0x0000000081f00000, 0x0000000082000000, 0x0000000082000000|100%| O|  |TAMS 0x0000000082000000, 0x0000000081f00000| Untracked 
|  32|0x0000000082000000, 0x0000000082100000, 0x0000000082100000|100%| O|  |TAMS 0x0000000082100000, 0x0000000082000000| Untracked 
|  33|0x0000000082100000, 0x0000000082200000, 0x0000000082200000|100%| O|  |TAMS 0x0000000082200000, 0x0000000082100000| Untracked 
|  34|0x0000000082200000, 0x0000000082300000, 0x0000000082300000|100%| O|  |TAMS 0x0000000082300000, 0x0000000082200000| Untracked 
|  35|0x0000000082300000, 0x0000000082400000, 0x0000000082400000|100%| O|  |TAMS 0x0000000082400000, 0x0000000082300000| Untracked 
|  36|0x0000000082400000, 0x0000000082500000, 0x0000000082500000|100%| O|  |TAMS 0x0000000082500000, 0x0000000082400000| Untracked 
|  37|0x0000000082500000, 0x0000000082600000, 0x0000000082600000|100%|HS|  |TAMS 0x0000000082600000, 0x0000000082500000| Complete 
|  38|0x0000000082600000, 0x0000000082700000, 0x0000000082700000|100%|HC|  |TAMS 0x0000000082700000, 0x0000000082600000| Complete 
|  39|0x0000000082700000, 0x0000000082800000, 0x0000000082800000|100%|HC|  |TAMS 0x0000000082800000, 0x0000000082700000| Complete 
|  40|0x0000000082800000, 0x0000000082900000, 0x0000000082900000|100%|HC|  |TAMS 0x0000000082900000, 0x0000000082800000| Complete 
|  41|0x0000000082900000, 0x0000000082a00000, 0x0000000082a00000|100%| O|  |TAMS 0x0000000082a00000, 0x0000000082900000| Untracked 
|  42|0x0000000082a00000, 0x0000000082b00000, 0x0000000082b00000|100%| O|  |TAMS 0x0000000082b00000, 0x0000000082a00000| Untracked 
|  43|0x0000000082b00000, 0x0000000082c00000, 0x0000000082c00000|100%| O|  |TAMS 0x0000000082c00000, 0x0000000082b00000| Untracked 
|  44|0x0000000082c00000, 0x0000000082d00000, 0x0000000082d00000|100%| O|  |TAMS 0x0000000082d00000, 0x0000000082c00000| Untracked 
|  45|0x0000000082d00000, 0x0000000082e00000, 0x0000000082e00000|100%| O|  |TAMS 0x0000000082e00000, 0x0000000082d00000| Untracked 
|  46|0x0000000082e00000, 0x0000000082f00000, 0x0000000082f00000|100%| O|  |TAMS 0x0000000082f00000, 0x0000000082e00000| Untracked 
|  47|0x0000000082f00000, 0x0000000083000000, 0x0000000083000000|100%| O|  |TAMS 0x0000000083000000, 0x0000000082f00000| Untracked 
|  48|0x0000000083000000, 0x0000000083100000, 0x0000000083100000|100%| O|  |TAMS 0x0000000083100000, 0x0000000083000000| Untracked 
|  49|0x0000000083100000, 0x0000000083200000, 0x0000000083200000|100%| O|  |TAMS 0x0000000083200000, 0x0000000083100000| Untracked 
|  50|0x0000000083200000, 0x0000000083300000, 0x0000000083300000|100%| O|  |TAMS 0x0000000083300000, 0x0000000083200000| Untracked 
|  51|0x0000000083300000, 0x0000000083400000, 0x0000000083400000|100%| O|  |TAMS 0x0000000083400000, 0x0000000083300000| Untracked 
|  52|0x0000000083400000, 0x0000000083500000, 0x0000000083500000|100%| O|  |TAMS 0x0000000083500000, 0x0000000083400000| Untracked 
|  53|0x0000000083500000, 0x0000000083600000, 0x0000000083600000|100%| O|  |TAMS 0x0000000083600000, 0x0000000083500000| Untracked 
|  54|0x0000000083600000, 0x0000000083600000, 0x0000000083700000|  0%| F|  |TAMS 0x0000000083600000, 0x0000000083600000| Untracked 
|  55|0x0000000083700000, 0x0000000083800000, 0x0000000083800000|100%|HS|  |TAMS 0x0000000083800000, 0x0000000083700000| Complete 
|  56|0x0000000083800000, 0x0000000083900000, 0x0000000083900000|100%|HS|  |TAMS 0x0000000083900000, 0x0000000083800000| Complete 
|  57|0x0000000083900000, 0x0000000083a00000, 0x0000000083a00000|100%| O|  |TAMS 0x0000000083a00000, 0x0000000083900000| Untracked 
|  58|0x0000000083a00000, 0x0000000083b00000, 0x0000000083b00000|100%| O|  |TAMS 0x0000000083b00000, 0x0000000083a00000| Untracked 
|  59|0x0000000083b00000, 0x0000000083c00000, 0x0000000083c00000|100%| O|  |TAMS 0x0000000083c00000, 0x0000000083b00000| Untracked 
|  60|0x0000000083c00000, 0x0000000083d00000, 0x0000000083d00000|100%| O|  |TAMS 0x0000000083d00000, 0x0000000083c00000| Untracked 
|  61|0x0000000083d00000, 0x0000000083e00000, 0x0000000083e00000|100%| O|  |TAMS 0x0000000083e00000, 0x0000000083d00000| Untracked 
|  62|0x0000000083e00000, 0x0000000083f00000, 0x0000000083f00000|100%| O|  |TAMS 0x0000000083f00000, 0x0000000083e00000| Untracked 
|  63|0x0000000083f00000, 0x0000000083f00000, 0x0000000084000000|  0%| F|  |TAMS 0x0000000083f00000, 0x0000000083f00000| Untracked 
|  64|0x0000000084000000, 0x0000000084100000, 0x0000000084100000|100%| O|  |TAMS 0x0000000084100000, 0x0000000084000000| Untracked 
|  65|0x0000000084100000, 0x0000000084100000, 0x0000000084200000|  0%| F|  |TAMS 0x0000000084100000, 0x0000000084100000| Untracked 
|  66|0x0000000084200000, 0x0000000084200000, 0x0000000084300000|  0%| F|  |TAMS 0x0000000084200000, 0x0000000084200000| Untracked 
|  67|0x0000000084300000, 0x0000000084400000, 0x0000000084400000|100%| O|  |TAMS 0x0000000084400000, 0x0000000084300000| Untracked 
|  68|0x0000000084400000, 0x0000000084500000, 0x0000000084500000|100%| O|  |TAMS 0x0000000084500000, 0x0000000084400000| Untracked 
|  69|0x0000000084500000, 0x0000000084600000, 0x0000000084600000|100%| O|  |TAMS 0x0000000084600000, 0x0000000084500000| Untracked 
|  70|0x0000000084600000, 0x0000000084700000, 0x0000000084700000|100%| O|  |TAMS 0x0000000084700000, 0x0000000084600000| Untracked 
|  71|0x0000000084700000, 0x0000000084800000, 0x0000000084800000|100%| O|  |TAMS 0x0000000084800000, 0x0000000084700000| Untracked 
|  72|0x0000000084800000, 0x0000000084800000, 0x0000000084900000|  0%| F|  |TAMS 0x0000000084800000, 0x0000000084800000| Untracked 
|  73|0x0000000084900000, 0x0000000084a00000, 0x0000000084a00000|100%| O|  |TAMS 0x0000000084a00000, 0x0000000084900000| Untracked 
|  74|0x0000000084a00000, 0x0000000084b00000, 0x0000000084b00000|100%| O|  |TAMS 0x0000000084b00000, 0x0000000084a00000| Untracked 
|  75|0x0000000084b00000, 0x0000000084c00000, 0x0000000084c00000|100%| O|  |TAMS 0x0000000084c00000, 0x0000000084b00000| Complete 
|  76|0x0000000084c00000, 0x0000000084c00000, 0x0000000084d00000|  0%| F|  |TAMS 0x0000000084c00000, 0x0000000084c00000| Untracked 
|  77|0x0000000084d00000, 0x0000000084d00000, 0x0000000084e00000|  0%| F|  |TAMS 0x0000000084d00000, 0x0000000084d00000| Untracked 
|  78|0x0000000084e00000, 0x0000000084e00000, 0x0000000084f00000|  0%| F|  |TAMS 0x0000000084e00000, 0x0000000084e00000| Untracked 
|  79|0x0000000084f00000, 0x0000000084f00000, 0x0000000085000000|  0%| F|  |TAMS 0x0000000084f00000, 0x0000000084f00000| Untracked 
|  80|0x0000000085000000, 0x0000000085000000, 0x0000000085100000|  0%| F|  |TAMS 0x0000000085000000, 0x0000000085000000| Untracked 
|  81|0x0000000085100000, 0x0000000085100000, 0x0000000085200000|  0%| F|  |TAMS 0x0000000085100000, 0x0000000085100000| Untracked 
|  82|0x0000000085200000, 0x0000000085200000, 0x0000000085300000|  0%| F|  |TAMS 0x0000000085200000, 0x0000000085200000| Untracked 
|  83|0x0000000085300000, 0x0000000085300000, 0x0000000085400000|  0%| F|  |TAMS 0x0000000085300000, 0x0000000085300000| Untracked 
|  84|0x0000000085400000, 0x0000000085400000, 0x0000000085500000|  0%| F|  |TAMS 0x0000000085400000, 0x0000000085400000| Untracked 
|  85|0x0000000085500000, 0x0000000085500000, 0x0000000085600000|  0%| F|  |TAMS 0x0000000085500000, 0x0000000085500000| Untracked 
|  86|0x0000000085600000, 0x0000000085600000, 0x0000000085700000|  0%| F|  |TAMS 0x0000000085600000, 0x0000000085600000| Untracked 
|  87|0x0000000085700000, 0x0000000085700000, 0x0000000085800000|  0%| F|  |TAMS 0x0000000085700000, 0x0000000085700000| Untracked 
|  88|0x0000000085800000, 0x0000000085800000, 0x0000000085900000|  0%| F|  |TAMS 0x0000000085800000, 0x0000000085800000| Untracked 
|  89|0x0000000085900000, 0x0000000085900000, 0x0000000085a00000|  0%| F|  |TAMS 0x0000000085900000, 0x0000000085900000| Untracked 
|  90|0x0000000085a00000, 0x0000000085a00000, 0x0000000085b00000|  0%| F|  |TAMS 0x0000000085a00000, 0x0000000085a00000| Untracked 
|  91|0x0000000085b00000, 0x0000000085b00000, 0x0000000085c00000|  0%| F|  |TAMS 0x0000000085b00000, 0x0000000085b00000| Untracked 
|  92|0x0000000085c00000, 0x0000000085c00000, 0x0000000085d00000|  0%| F|  |TAMS 0x0000000085c00000, 0x0000000085c00000| Untracked 
|  93|0x0000000085d00000, 0x0000000085d00000, 0x0000000085e00000|  0%| F|  |TAMS 0x0000000085d00000, 0x0000000085d00000| Untracked 
|  94|0x0000000085e00000, 0x0000000085e00000, 0x0000000085f00000|  0%| F|  |TAMS 0x0000000085e00000, 0x0000000085e00000| Untracked 
|  95|0x0000000085f00000, 0x0000000085f00000, 0x0000000086000000|  0%| F|  |TAMS 0x0000000085f00000, 0x0000000085f00000| Untracked 
|  96|0x0000000086000000, 0x0000000086000000, 0x0000000086100000|  0%| F|  |TAMS 0x0000000086000000, 0x0000000086000000| Untracked 
|  97|0x0000000086100000, 0x0000000086100000, 0x0000000086200000|  0%| F|  |TAMS 0x0000000086100000, 0x0000000086100000| Untracked 
|  98|0x0000000086200000, 0x00000000862eee78, 0x0000000086300000| 93%| S|CS|TAMS 0x0000000086200000, 0x0000000086200000| Complete 
|  99|0x0000000086300000, 0x0000000086400000, 0x0000000086400000|100%| S|CS|TAMS 0x0000000086300000, 0x0000000086300000| Complete 
| 100|0x0000000086400000, 0x0000000086400000, 0x0000000086500000|  0%| F|  |TAMS 0x0000000086400000, 0x0000000086400000| Untracked 
| 101|0x0000000086500000, 0x0000000086500000, 0x0000000086600000|  0%| F|  |TAMS 0x0000000086500000, 0x0000000086500000| Untracked 
| 102|0x0000000086600000, 0x0000000086600000, 0x0000000086700000|  0%| F|  |TAMS 0x0000000086600000, 0x0000000086600000| Untracked 
| 103|0x0000000086700000, 0x0000000086700000, 0x0000000086800000|  0%| F|  |TAMS 0x0000000086700000, 0x0000000086700000| Untracked 
| 104|0x0000000086800000, 0x0000000086800000, 0x0000000086900000|  0%| F|  |TAMS 0x0000000086800000, 0x0000000086800000| Untracked 
| 105|0x0000000086900000, 0x0000000086900000, 0x0000000086a00000|  0%| F|  |TAMS 0x0000000086900000, 0x0000000086900000| Untracked 
| 106|0x0000000086a00000, 0x0000000086a00000, 0x0000000086b00000|  0%| F|  |TAMS 0x0000000086a00000, 0x0000000086a00000| Untracked 
| 107|0x0000000086b00000, 0x0000000086b00000, 0x0000000086c00000|  0%| F|  |TAMS 0x0000000086b00000, 0x0000000086b00000| Untracked 
| 108|0x0000000086c00000, 0x0000000086c00000, 0x0000000086d00000|  0%| F|  |TAMS 0x0000000086c00000, 0x0000000086c00000| Untracked 
| 109|0x0000000086d00000, 0x0000000086d00000, 0x0000000086e00000|  0%| F|  |TAMS 0x0000000086d00000, 0x0000000086d00000| Untracked 
| 110|0x0000000086e00000, 0x0000000086e00000, 0x0000000086f00000|  0%| F|  |TAMS 0x0000000086e00000, 0x0000000086e00000| Untracked 
| 111|0x0000000086f00000, 0x0000000086f00000, 0x0000000087000000|  0%| F|  |TAMS 0x0000000086f00000, 0x0000000086f00000| Untracked 
| 112|0x0000000087000000, 0x0000000087000000, 0x0000000087100000|  0%| F|  |TAMS 0x0000000087000000, 0x0000000087000000| Untracked 
| 113|0x0000000087100000, 0x0000000087100000, 0x0000000087200000|  0%| F|  |TAMS 0x0000000087100000, 0x0000000087100000| Untracked 
| 114|0x0000000087200000, 0x0000000087200000, 0x0000000087300000|  0%| F|  |TAMS 0x0000000087200000, 0x0000000087200000| Untracked 
| 115|0x0000000087300000, 0x0000000087300000, 0x0000000087400000|  0%| F|  |TAMS 0x0000000087300000, 0x0000000087300000| Untracked 
| 116|0x0000000087400000, 0x0000000087400000, 0x0000000087500000|  0%| F|  |TAMS 0x0000000087400000, 0x0000000087400000| Untracked 
| 117|0x0000000087500000, 0x0000000087500000, 0x0000000087600000|  0%| F|  |TAMS 0x0000000087500000, 0x0000000087500000| Untracked 
| 118|0x0000000087600000, 0x0000000087680800, 0x0000000087700000| 50%| E|  |TAMS 0x0000000087600000, 0x0000000087600000| Complete 
| 119|0x0000000087700000, 0x0000000087800000, 0x0000000087800000|100%| E|CS|TAMS 0x0000000087700000, 0x0000000087700000| Complete 
| 120|0x0000000087800000, 0x0000000087900000, 0x0000000087900000|100%| E|CS|TAMS 0x0000000087800000, 0x0000000087800000| Complete 
| 121|0x0000000087900000, 0x0000000087a00000, 0x0000000087a00000|100%| E|CS|TAMS 0x0000000087900000, 0x0000000087900000| Complete 
| 122|0x0000000087a00000, 0x0000000087b00000, 0x0000000087b00000|100%| E|CS|TAMS 0x0000000087a00000, 0x0000000087a00000| Complete 
| 123|0x0000000087b00000, 0x0000000087c00000, 0x0000000087c00000|100%| E|CS|TAMS 0x0000000087b00000, 0x0000000087b00000| Complete 
| 124|0x0000000087c00000, 0x0000000087d00000, 0x0000000087d00000|100%| E|CS|TAMS 0x0000000087c00000, 0x0000000087c00000| Complete 
| 125|0x0000000087d00000, 0x0000000087e00000, 0x0000000087e00000|100%| E|CS|TAMS 0x0000000087d00000, 0x0000000087d00000| Complete 
| 126|0x0000000087e00000, 0x0000000087f00000, 0x0000000087f00000|100%| E|CS|TAMS 0x0000000087e00000, 0x0000000087e00000| Complete 
| 127|0x0000000087f00000, 0x0000000088000000, 0x0000000088000000|100%| E|CS|TAMS 0x0000000087f00000, 0x0000000087f00000| Complete 
| 128|0x0000000088000000, 0x0000000088100000, 0x0000000088100000|100%| E|CS|TAMS 0x0000000088000000, 0x0000000088000000| Complete 
| 129|0x0000000088100000, 0x0000000088200000, 0x0000000088200000|100%| E|CS|TAMS 0x0000000088100000, 0x0000000088100000| Complete 
| 130|0x0000000088200000, 0x0000000088300000, 0x0000000088300000|100%| E|CS|TAMS 0x0000000088200000, 0x0000000088200000| Complete 
| 131|0x0000000088300000, 0x0000000088400000, 0x0000000088400000|100%| E|CS|TAMS 0x0000000088300000, 0x0000000088300000| Complete 
| 132|0x0000000088400000, 0x0000000088500000, 0x0000000088500000|100%| E|CS|TAMS 0x0000000088400000, 0x0000000088400000| Complete 
| 133|0x0000000088500000, 0x0000000088600000, 0x0000000088600000|100%| E|CS|TAMS 0x0000000088500000, 0x0000000088500000| Complete 
| 134|0x0000000088600000, 0x0000000088700000, 0x0000000088700000|100%| E|CS|TAMS 0x0000000088600000, 0x0000000088600000| Complete 
| 135|0x0000000088700000, 0x0000000088800000, 0x0000000088800000|100%| E|CS|TAMS 0x0000000088700000, 0x0000000088700000| Complete 
| 136|0x0000000088800000, 0x0000000088900000, 0x0000000088900000|100%| E|CS|TAMS 0x0000000088800000, 0x0000000088800000| Complete 
| 137|0x0000000088900000, 0x0000000088a00000, 0x0000000088a00000|100%| E|CS|TAMS 0x0000000088900000, 0x0000000088900000| Complete 
| 138|0x0000000088a00000, 0x0000000088b00000, 0x0000000088b00000|100%| E|CS|TAMS 0x0000000088a00000, 0x0000000088a00000| Complete 

Card table byte_map: [0x00000211598c0000,0x0000021159cc0000] _byte_map_base: 0x00000211594c0000

Marking Bits (Prev, Next): (CMBitMap*) 0x0000021142947610, (CMBitMap*) 0x0000021142947650
 Prev Bits: [0x000002115a0c0000, 0x000002115c0c0000)
 Next Bits: [0x000002115c0c0000, 0x000002115e0c0000)

Polling page: 0x0000021140a90000

Metaspace:

Usage:
  Non-class:     61.74 MB used.
      Class:      9.78 MB used.
       Both:     71.52 MB used.

Virtual space:
  Non-class space:       64.00 MB reserved,      62.06 MB ( 97%) committed,  1 nodes.
      Class space:      416.00 MB reserved,      10.12 MB (  2%) committed,  1 nodes.
             Both:      480.00 MB reserved,      72.19 MB ( 15%) committed. 

Chunk freelists:
   Non-Class:  1.94 MB
       Class:  5.87 MB
        Both:  7.81 MB

MaxMetaspaceSize: 512.00 MB
CompressedClassSpaceSize: 416.00 MB
Initial GC threshold: 21.00 MB
Current GC threshold: 120.25 MB
CDS: on
MetaspaceReclaimPolicy: balanced
 - commit_granule_bytes: 65536.
 - commit_granule_words: 8192.
 - virtual_space_node_default_size: 8388608.
 - enlarge_chunks_in_place: 1.
 - new_chunks_are_fully_committed: 0.
 - uncommit_free_chunks: 1.
 - use_allocation_guard: 0.
 - handle_deallocations: 1.


Internal statistics:

num_allocs_failed_limit: 6.
num_arena_births: 820.
num_arena_deaths: 0.
num_vsnodes_births: 2.
num_vsnodes_deaths: 0.
num_space_committed: 1155.
num_space_uncommitted: 0.
num_chunks_returned_to_freelist: 6.
num_chunks_taken_from_freelist: 3751.
num_chunk_merges: 6.
num_chunk_splits: 2535.
num_chunks_enlarged: 1726.
num_purges: 0.
num_inconsistent_stats: 0.

CodeHeap 'non-profiled nmethods': size=120000Kb used=5088Kb max_used=5088Kb free=114911Kb
 bounds [0x0000021151c60000, 0x0000021152160000, 0x0000021159190000]
CodeHeap 'profiled nmethods': size=120000Kb used=18029Kb max_used=18029Kb free=101970Kb
 bounds [0x000002114a190000, 0x000002114b330000, 0x00000211516c0000]
CodeHeap 'non-nmethods': size=5760Kb used=2391Kb max_used=2492Kb free=3368Kb
 bounds [0x00000211516c0000, 0x0000021151940000, 0x0000021151c60000]
 total_blobs=9695 nmethods=8772 adapters=834
 compilation: enabled
              stopped_count=0, restarted_count=0
 full_count=0

Compilation events (20 events):
Event: 41.887 Thread 0x0000021160af7910 nmethod 9615 0x000002114b31fd90 code [0x000002114b320740, 0x000002114b327e18]
Event: 41.887 Thread 0x0000021160af7910 9616       3       java.util.LinkedList::<init> (11 bytes)
Event: 41.887 Thread 0x0000021160af7910 nmethod 9616 0x000002114b329990 code [0x000002114b329b60, 0x000002114b329f08]
Event: 41.887 Thread 0x0000021160af7910 9617   !   3       org.gradle.internal.metaobject.BeanDynamicObject$MetaClassAdapter::lookupProperty (47 bytes)
Event: 41.888 Thread 0x0000021160af7910 nmethod 9617 0x000002114b32a090 code [0x000002114b32a300, 0x000002114b32afb8]
Event: 41.888 Thread 0x0000021160af7910 9618       3       org.gradle.internal.metaobject.BeanDynamicObject::access$1000 (4 bytes)
Event: 41.888 Thread 0x0000021160af7910 nmethod 9618 0x000002114b32b490 code [0x000002114b32b620, 0x000002114b32b718]
Event: 42.006 Thread 0x0000021160af4f10 nmethod 9610 0x000002115213b890 code [0x000002115213bc00, 0x000002115213f750]
Event: 42.006 Thread 0x0000021160af4f10 9613   !   4       com.sun.beans.TypeResolver::resolve (261 bytes)
Event: 42.123 Thread 0x0000021102fd1010 nmethod 9217 0x0000021152141310 code [0x0000021152141f20, 0x000002115214eb90]
Event: 42.124 Thread 0x0000021102fd1010 9614       4       java.util.Hashtable$Enumerator::nextElement (111 bytes)
Event: 42.128 Thread 0x0000021102fd1010 nmethod 9614 0x0000021152154c10 code [0x0000021152154d80, 0x0000021152155118]
Event: 42.128 Thread 0x0000021102fd1010 9487       4       java.util.regex.Pattern::escape (1327 bytes)
Event: 42.152 Thread 0x0000021102fd1010 nmethod 9487 0x0000021152155210 code [0x0000021152155440, 0x0000021152156440]
Event: 42.152 Thread 0x0000021102fd1010 9611   !   4       org.codehaus.groovy.reflection.stdclasses.CachedSAMClass::hasUsableImplementation (72 bytes)
Event: 42.160 Thread 0x0000021102fd1010 nmethod 9611 0x0000021152156890 code [0x0000021152156a60, 0x0000021152156fa8]
Event: 42.160 Thread 0x0000021102fd1010 9492       4       java.util.regex.Pattern::newCharProperty (39 bytes)
Event: 42.165 Thread 0x0000021102fd1010 nmethod 9492 0x0000021152157390 code [0x0000021152157520, 0x0000021152157838]
Event: 42.165 Thread 0x0000021102fd1010 9445       4       com.google.gson.stream.JsonReader::doPeek (744 bytes)
Event: 42.172 Thread 0x0000021102fd1010 nmethod 9445 0x0000021152157990 code [0x0000021152157b80, 0x0000021152157ff0]

GC Heap History (20 events):
Event: 34.895 GC heap before
{Heap before GC invocations=24 (full 0):
 garbage-first heap   total 99328K, used 79683K [0x0000000080000000, 0x0000000100000000)
  region size 1024K, 27 young (27648K), 3 survivors (3072K)
 Metaspace       used 62249K, committed 62976K, reserved 491520K
  class space    used 8676K, committed 9024K, reserved 425984K
}
Event: 34.903 GC heap after
{Heap after GC invocations=25 (full 0):
 garbage-first heap   total 99328K, used 58557K [0x0000000080000000, 0x0000000100000000)
  region size 1024K, 4 young (4096K), 4 survivors (4096K)
 Metaspace       used 62249K, committed 62976K, reserved 491520K
  class space    used 8676K, committed 9024K, reserved 425984K
}
Event: 38.276 GC heap before
{Heap before GC invocations=26 (full 0):
 garbage-first heap   total 104448K, used 80061K [0x0000000080000000, 0x0000000100000000)
  region size 1024K, 24 young (24576K), 4 survivors (4096K)
 Metaspace       used 62627K, committed 63360K, reserved 491520K
  class space    used 8719K, committed 9088K, reserved 425984K
}
Event: 38.281 GC heap after
{Heap after GC invocations=27 (full 0):
 garbage-first heap   total 104448K, used 63458K [0x0000000080000000, 0x0000000100000000)
  region size 1024K, 3 young (3072K), 3 survivors (3072K)
 Metaspace       used 62627K, committed 63360K, reserved 491520K
  class space    used 8719K, committed 9088K, reserved 425984K
}
Event: 38.337 GC heap before
{Heap before GC invocations=27 (full 0):
 garbage-first heap   total 104448K, used 64482K [0x0000000080000000, 0x0000000100000000)
  region size 1024K, 5 young (5120K), 3 survivors (3072K)
 Metaspace       used 62933K, committed 63616K, reserved 491520K
  class space    used 8758K, committed 9088K, reserved 425984K
}
Event: 38.339 GC heap after
{Heap after GC invocations=28 (full 0):
 garbage-first heap   total 104448K, used 63420K [0x0000000080000000, 0x0000000100000000)
  region size 1024K, 1 young (1024K), 1 survivors (1024K)
 Metaspace       used 62933K, committed 63616K, reserved 491520K
  class space    used 8758K, committed 9088K, reserved 425984K
}
Event: 38.951 GC heap before
{Heap before GC invocations=28 (full 0):
 garbage-first heap   total 104448K, used 82876K [0x0000000080000000, 0x0000000100000000)
  region size 1024K, 21 young (21504K), 1 survivors (1024K)
 Metaspace       used 65743K, committed 66432K, reserved 491520K
  class space    used 9054K, committed 9408K, reserved 425984K
}
Event: 38.953 GC heap after
{Heap after GC invocations=29 (full 0):
 garbage-first heap   total 104448K, used 64746K [0x0000000080000000, 0x0000000100000000)
  region size 1024K, 2 young (2048K), 2 survivors (2048K)
 Metaspace       used 65743K, committed 66432K, reserved 491520K
  class space    used 9054K, committed 9408K, reserved 425984K
}
Event: 39.799 GC heap before
{Heap before GC invocations=30 (full 0):
 garbage-first heap   total 112640K, used 90346K [0x0000000080000000, 0x0000000100000000)
  region size 1024K, 22 young (22528K), 2 survivors (2048K)
 Metaspace       used 68179K, committed 68864K, reserved 491520K
  class space    used 9342K, committed 9664K, reserved 425984K
}
Event: 39.803 GC heap after
{Heap after GC invocations=31 (full 0):
 garbage-first heap   total 112640K, used 72290K [0x0000000080000000, 0x0000000100000000)
  region size 1024K, 3 young (3072K), 3 survivors (3072K)
 Metaspace       used 68179K, committed 68864K, reserved 491520K
  class space    used 9342K, committed 9664K, reserved 425984K
}
Event: 39.838 GC heap before
{Heap before GC invocations=31 (full 0):
 garbage-first heap   total 112640K, used 74338K [0x0000000080000000, 0x0000000100000000)
  region size 1024K, 5 young (5120K), 3 survivors (3072K)
 Metaspace       used 68179K, committed 68864K, reserved 491520K
  class space    used 9342K, committed 9664K, reserved 425984K
}
Event: 39.841 GC heap after
{Heap after GC invocations=32 (full 0):
 garbage-first heap   total 112640K, used 72966K [0x0000000080000000, 0x0000000100000000)
  region size 1024K, 1 young (1024K), 1 survivors (1024K)
 Metaspace       used 68179K, committed 68864K, reserved 491520K
  class space    used 9342K, committed 9664K, reserved 425984K
}
Event: 39.928 GC heap before
{Heap before GC invocations=32 (full 0):
 garbage-first heap   total 112640K, used 75014K [0x0000000080000000, 0x0000000100000000)
  region size 1024K, 4 young (4096K), 1 survivors (1024K)
 Metaspace       used 68184K, committed 68864K, reserved 491520K
  class space    used 9342K, committed 9664K, reserved 425984K
}
Event: 39.930 GC heap after
{Heap after GC invocations=33 (full 0):
 garbage-first heap   total 135168K, used 73347K [0x0000000080000000, 0x0000000100000000)
  region size 1024K, 2 young (2048K), 2 survivors (2048K)
 Metaspace       used 68184K, committed 68864K, reserved 491520K
  class space    used 9342K, committed 9664K, reserved 425984K
}
Event: 40.907 GC heap before
{Heap before GC invocations=34 (full 0):
 garbage-first heap   total 135168K, used 111235K [0x0000000080000000, 0x0000000100000000)
  region size 1024K, 37 young (37888K), 2 survivors (2048K)
 Metaspace       used 71216K, committed 71936K, reserved 491520K
  class space    used 9724K, committed 10048K, reserved 425984K
}
Event: 40.913 GC heap after
{Heap after GC invocations=35 (full 0):
 garbage-first heap   total 135168K, used 77230K [0x0000000080000000, 0x0000000100000000)
  region size 1024K, 5 young (5120K), 5 survivors (5120K)
 Metaspace       used 71216K, committed 71936K, reserved 491520K
  class space    used 9724K, committed 10048K, reserved 425984K
}
Event: 40.938 GC heap before
{Heap before GC invocations=35 (full 0):
 garbage-first heap   total 135168K, used 78254K [0x0000000080000000, 0x0000000100000000)
  region size 1024K, 6 young (6144K), 5 survivors (5120K)
 Metaspace       used 71274K, committed 72000K, reserved 491520K
  class space    used 9732K, committed 10048K, reserved 425984K
}
Event: 40.944 GC heap after
{Heap after GC invocations=36 (full 0):
 garbage-first heap   total 135168K, used 77382K [0x0000000080000000, 0x0000000100000000)
  region size 1024K, 1 young (1024K), 1 survivors (1024K)
 Metaspace       used 71274K, committed 72000K, reserved 491520K
  class space    used 9732K, committed 10048K, reserved 425984K
}
Event: 41.601 GC heap before
{Heap before GC invocations=36 (full 0):
 garbage-first heap   total 135168K, used 110150K [0x0000000080000000, 0x0000000100000000)
  region size 1024K, 32 young (32768K), 1 survivors (1024K)
 Metaspace       used 73118K, committed 73792K, reserved 491520K
  class space    used 10003K, committed 10304K, reserved 425984K
}
Event: 41.605 GC heap after
{Heap after GC invocations=37 (full 0):
 garbage-first heap   total 135168K, used 78820K [0x0000000080000000, 0x0000000100000000)
  region size 1024K, 2 young (2048K), 2 survivors (2048K)
 Metaspace       used 73118K, committed 73792K, reserved 491520K
  class space    used 10003K, committed 10304K, reserved 425984K
}

Deoptimization events (20 events):
Event: 41.339 Thread 0x0000021100ec7470 Uncommon trap: trap_request=0xffffffd6 fr.pc=0x00000211521263e0 relative=0x00000000000003c0
Event: 41.339 Thread 0x0000021100ec7470 Uncommon trap: reason=array_check action=maybe_recompile pc=0x00000211521263e0 method=java.util.LinkedHashMap.keysToArray([Ljava/lang/Object;)[Ljava/lang/Object; @ 25 c2
Event: 41.339 Thread 0x0000021100ec7470 DEOPT PACKING pc=0x00000211521263e0 sp=0x00000097717f7030
Event: 41.339 Thread 0x0000021100ec7470 DEOPT UNPACKING pc=0x00000211517123a3 sp=0x00000097717f6fd8 mode 2
Event: 41.412 Thread 0x0000021100ec7470 Uncommon trap: trap_request=0xffffff45 fr.pc=0x0000021151cbfc5c relative=0x000000000000049c
Event: 41.412 Thread 0x0000021100ec7470 Uncommon trap: reason=unstable_if action=reinterpret pc=0x0000021151cbfc5c method=java.util.StringJoiner.add(Ljava/lang/CharSequence;)Ljava/util/StringJoiner; @ 33 c2
Event: 41.412 Thread 0x0000021100ec7470 DEOPT PACKING pc=0x0000021151cbfc5c sp=0x00000097717f6e40
Event: 41.412 Thread 0x0000021100ec7470 DEOPT UNPACKING pc=0x00000211517123a3 sp=0x00000097717f6df0 mode 2
Event: 41.425 Thread 0x0000021100ec7470 Uncommon trap: trap_request=0xffffff45 fr.pc=0x0000021151f78de0 relative=0x0000000000000700
Event: 41.425 Thread 0x0000021100ec7470 Uncommon trap: reason=unstable_if action=reinterpret pc=0x0000021151f78de0 method=com.sun.beans.introspect.MethodInfo$MethodOrder.compare(Ljava/lang/reflect/Method;Ljava/lang/reflect/Method;)I @ 148 c2
Event: 41.425 Thread 0x0000021100ec7470 DEOPT PACKING pc=0x0000021151f78de0 sp=0x00000097717f7470
Event: 41.425 Thread 0x0000021100ec7470 DEOPT UNPACKING pc=0x00000211517123a3 sp=0x00000097717f73a8 mode 2
Event: 41.425 Thread 0x0000021100ec7470 Uncommon trap: trap_request=0xffffff45 fr.pc=0x0000021151f7a09c relative=0x00000000000006bc
Event: 41.425 Thread 0x0000021100ec7470 Uncommon trap: reason=unstable_if action=reinterpret pc=0x0000021151f7a09c method=com.sun.beans.introspect.MethodInfo$MethodOrder.compare(Ljava/lang/reflect/Method;Ljava/lang/reflect/Method;)I @ 148 c2
Event: 41.425 Thread 0x0000021100ec7470 DEOPT PACKING pc=0x0000021151f7a09c sp=0x00000097717f73d0
Event: 41.425 Thread 0x0000021100ec7470 DEOPT UNPACKING pc=0x00000211517123a3 sp=0x00000097717f7390 mode 2
Event: 41.720 Thread 0x0000021100ec7470 DEOPT PACKING pc=0x000002114b2b5f75 sp=0x00000097717f3060
Event: 41.720 Thread 0x0000021100ec7470 DEOPT UNPACKING pc=0x0000021151712b43 sp=0x00000097717f2588 mode 0
Event: 41.884 Thread 0x0000021100ec7470 DEOPT PACKING pc=0x000002114ab716d9 sp=0x00000097717f90a0
Event: 41.884 Thread 0x0000021100ec7470 DEOPT UNPACKING pc=0x0000021151712b43 sp=0x00000097717f8598 mode 0

Classes unloaded (0 events):
No events

Classes redefined (0 events):
No events

Internal exceptions (20 events):
Event: 41.820 Thread 0x0000021100ec7470 Exception <a 'java/lang/ClassNotFoundException'{0x0000000088586c78}: com/android/build/gradle/internal/dsl/BuildType$AgpDecorated_DecoratedBeanInfo> (0x0000000088586c78) 
thrown [s\open\src\hotspot\share\classfile\systemDictionary.cpp, line 256]
Event: 41.820 Thread 0x0000021100ec7470 Exception <a 'java/lang/ClassNotFoundException'{0x0000000088595448}: com/android/build/gradle/internal/dsl/BuildType$AgpDecoratedBeanInfo> (0x0000000088595448) 
thrown [s\open\src\hotspot\share\classfile\systemDictionary.cpp, line 256]
Event: 41.821 Thread 0x0000021100ec7470 Exception <a 'java/lang/ClassNotFoundException'{0x00000000885a3a18}: com/android/build/gradle/internal/dsl/BuildTypeBeanInfo> (0x00000000885a3a18) 
thrown [s\open\src\hotspot\share\classfile\systemDictionary.cpp, line 256]
Event: 41.822 Thread 0x0000021100ec7470 Exception <a 'java/lang/ClassNotFoundException'{0x00000000885b1d50}: com/android/builder/core/AbstractBuildTypeBeanInfo> (0x00000000885b1d50) 
thrown [s\open\src\hotspot\share\classfile\systemDictionary.cpp, line 256]
Event: 41.823 Thread 0x0000021100ec7470 Exception <a 'java/lang/ClassNotFoundException'{0x00000000885c0078}: com/android/builder/core/AbstractBuildTypeCustomizer> (0x00000000885c0078) 
thrown [s\open\src\hotspot\share\classfile\systemDictionary.cpp, line 256]
Event: 41.825 Thread 0x0000021100ec7470 Exception <a 'java/lang/ClassNotFoundException'{0x00000000885eae60}: com/android/build/gradle/internal/dsl/BuildTypeCustomizer> (0x00000000885eae60) 
thrown [s\open\src\hotspot\share\classfile\systemDictionary.cpp, line 256]
Event: 41.830 Thread 0x0000021100ec7470 Exception <a 'java/lang/ClassNotFoundException'{0x00000000884746d0}: com/android/build/gradle/internal/dsl/BuildType$AgpDecoratedCustomizer> (0x00000000884746d0) 
thrown [s\open\src\hotspot\share\classfile\systemDictionary.cpp, line 256]
Event: 41.833 Thread 0x0000021100ec7470 Exception <a 'java/lang/ClassNotFoundException'{0x00000000884c7f28}: com/android/build/gradle/internal/dsl/BuildType$AgpDecorated_DecoratedCustomizer> (0x00000000884c7f28) 
thrown [s\open\src\hotspot\share\classfile\systemDictionary.cpp, line 256]
Event: 41.843 Thread 0x0000021100ec7470 Exception <a 'java/lang/ClassNotFoundException'{0x00000000879b2f08}: build_f1gi91w4d1awt3j5c4qawxkes$_run_closure2$_closure6BeanInfo> (0x00000000879b2f08) 
thrown [s\open\src\hotspot\share\classfile\systemDictionary.cpp, line 256]
Event: 41.843 Thread 0x0000021100ec7470 Exception <a 'java/lang/ClassNotFoundException'{0x00000000879bdc08}: build_f1gi91w4d1awt3j5c4qawxkes$_run_closure2$_closure6Customizer> (0x00000000879bdc08) 
thrown [s\open\src\hotspot\share\classfile\systemDictionary.cpp, line 256]
Event: 41.858 Thread 0x0000021100ec7470 Exception <a 'java/lang/ClassNotFoundException'{0x0000000087899920}: org/gradle/api/internal/artifacts/dependencies/DefaultExternalModuleDependency_DecoratedBeanInfo> (0x0000000087899920) 
thrown [s\open\src\hotspot\share\classfile\systemDictionary.cpp, line 256]
Event: 41.860 Thread 0x0000021100ec7470 Exception <a 'java/lang/ClassNotFoundException'{0x00000000878b5860}: org/gradle/api/internal/artifacts/dependencies/DefaultExternalModuleDependencyBeanInfo> (0x00000000878b5860) 
thrown [s\open\src\hotspot\share\classfile\systemDictionary.cpp, line 256]
Event: 41.861 Thread 0x0000021100ec7470 Exception <a 'java/lang/ClassNotFoundException'{0x00000000878d1a20}: org/gradle/api/internal/artifacts/dependencies/AbstractExternalModuleDependencyBeanInfo> (0x00000000878d1a20) 
thrown [s\open\src\hotspot\share\classfile\systemDictionary.cpp, line 256]
Event: 41.862 Thread 0x0000021100ec7470 Exception <a 'java/lang/ClassNotFoundException'{0x00000000878ea070}: org/gradle/api/internal/artifacts/dependencies/AbstractModuleDependencyBeanInfo> (0x00000000878ea070) 
thrown [s\open\src\hotspot\share\classfile\systemDictionary.cpp, line 256]
Event: 41.864 Thread 0x0000021100ec7470 Exception <a 'java/lang/ClassNotFoundException'{0x00000000877029d8}: org/gradle/api/internal/artifacts/dependencies/AbstractDependencyBeanInfo> (0x00000000877029d8) 
thrown [s\open\src\hotspot\share\classfile\systemDictionary.cpp, line 256]
Event: 41.865 Thread 0x0000021100ec7470 Exception <a 'java/lang/ClassNotFoundException'{0x000000008771adf0}: org/gradle/api/internal/artifacts/dependencies/AbstractDependencyCustomizer> (0x000000008771adf0) 
thrown [s\open\src\hotspot\share\classfile\systemDictionary.cpp, line 256]
Event: 41.867 Thread 0x0000021100ec7470 Exception <a 'java/lang/ClassNotFoundException'{0x0000000087736b20}: org/gradle/api/internal/artifacts/dependencies/AbstractModuleDependencyCustomizer> (0x0000000087736b20) 
thrown [s\open\src\hotspot\share\classfile\systemDictionary.cpp, line 256]
Event: 41.869 Thread 0x0000021100ec7470 Exception <a 'java/lang/ClassNotFoundException'{0x000000008776ef78}: org/gradle/api/internal/artifacts/dependencies/AbstractExternalModuleDependencyCustomizer> (0x000000008776ef78) 
thrown [s\open\src\hotspot\share\classfile\systemDictionary.cpp, line 256]
Event: 41.874 Thread 0x0000021100ec7470 Exception <a 'java/lang/ClassNotFoundException'{0x000000008779b320}: org/gradle/api/internal/artifacts/dependencies/DefaultExternalModuleDependencyCustomizer> (0x000000008779b320) 
thrown [s\open\src\hotspot\share\classfile\systemDictionary.cpp, line 256]
Event: 41.878 Thread 0x0000021100ec7470 Exception <a 'java/lang/ClassNotFoundException'{0x00000000877c2ba0}: org/gradle/api/internal/artifacts/dependencies/DefaultExternalModuleDependency_DecoratedCustomizer> (0x00000000877c2ba0) 
thrown [s\open\src\hotspot\share\classfile\systemDictionary.cpp, line 256]

VM Operations (20 events):
Event: 39.799 Executing VM operation: G1CollectForAllocation
Event: 39.804 Executing VM operation: G1CollectForAllocation done
Event: 39.838 Executing VM operation: G1CollectForAllocation
Event: 39.841 Executing VM operation: G1CollectForAllocation done
Event: 39.928 Executing VM operation: G1TryInitiateConcMark
Event: 39.930 Executing VM operation: G1TryInitiateConcMark done
Event: 40.026 Executing VM operation: G1Concurrent
Event: 40.038 Executing VM operation: G1Concurrent done
Event: 40.085 Executing VM operation: G1Concurrent
Event: 40.085 Executing VM operation: G1Concurrent done
Event: 40.907 Executing VM operation: G1CollectForAllocation
Event: 40.913 Executing VM operation: G1CollectForAllocation done
Event: 40.938 Executing VM operation: G1CollectForAllocation
Event: 40.944 Executing VM operation: G1CollectForAllocation done
Event: 41.601 Executing VM operation: G1CollectForAllocation
Event: 41.605 Executing VM operation: G1CollectForAllocation done
Event: 41.698 Executing VM operation: G1Concurrent
Event: 41.705 Executing VM operation: G1Concurrent done
Event: 41.751 Executing VM operation: G1Concurrent
Event: 41.752 Executing VM operation: G1Concurrent done

Events (20 events):
Event: 40.817 loading class javax/xml/stream/XMLStreamException
Event: 40.817 loading class javax/xml/stream/XMLStreamException done
Event: 40.924 loading class sun/reflect/annotation/AnnotationInvocationHandler$1
Event: 40.925 loading class sun/reflect/annotation/AnnotationInvocationHandler$1 done
Event: 41.057 loading class java/util/concurrent/atomic/AtomicIntegerArray
Event: 41.057 loading class java/util/concurrent/atomic/AtomicIntegerArray done
Event: 41.060 loading class java/util/Currency
Event: 41.060 loading class java/util/Currency done
Event: 41.068 loading class java/util/concurrent/atomic/AtomicLongArray
Event: 41.068 loading class java/util/concurrent/atomic/AtomicLongArray done
Event: 41.096 loading class sun/reflect/generics/repository/FieldRepository
Event: 41.096 loading class sun/reflect/generics/repository/FieldRepository done
Event: 41.118 loading class jdk/internal/vm/annotation/ForceInline
Event: 41.118 loading class jdk/internal/vm/annotation/ForceInline done
Event: 41.200 loading class java/util/regex/Pattern$Caret
Event: 41.200 loading class java/util/regex/Pattern$Caret done
Event: 41.313 loading class java/util/regex/Pattern$Pos
Event: 41.313 loading class java/util/regex/Pattern$Pos done
Event: 41.634 loading class java/beans/IntrospectionException
Event: 41.634 loading class java/beans/IntrospectionException done


Dynamic libraries:
0x00007ff7ce320000 - 0x00007ff7ce330000 	D:\jdk\bin\java.exe
0x00007ffb60ad0000 - 0x00007ffb60cc8000 	C:\WINDOWS\SYSTEM32\ntdll.dll
0x00007ffb5efb0000 - 0x00007ffb5f06d000 	C:\WINDOWS\System32\KERNEL32.DLL
0x00007ffb5e4f0000 - 0x00007ffb5e7e6000 	C:\WINDOWS\System32\KERNELBASE.dll
0x00007ffb5e1b0000 - 0x00007ffb5e2b0000 	C:\WINDOWS\System32\ucrtbase.dll
0x00007ffb3ed90000 - 0x00007ffb3edab000 	D:\jdk\bin\VCRUNTIME140.dll
0x00007ffb3f520000 - 0x00007ffb3f539000 	D:\jdk\bin\jli.dll
0x00007ffb602e0000 - 0x00007ffb6038f000 	C:\WINDOWS\System32\ADVAPI32.dll
0x00007ffb5fa40000 - 0x00007ffb5fade000 	C:\WINDOWS\System32\msvcrt.dll
0x00007ffb5ebe0000 - 0x00007ffb5ec7c000 	C:\WINDOWS\System32\sechost.dll
0x00007ffb60790000 - 0x00007ffb608b6000 	C:\WINDOWS\System32\RPCRT4.dll
0x00007ffb5ee10000 - 0x00007ffb5efae000 	C:\WINDOWS\System32\USER32.dll
0x00007ffb5e990000 - 0x00007ffb5e9b2000 	C:\WINDOWS\System32\win32u.dll
0x00007ffb60a60000 - 0x00007ffb60a8c000 	C:\WINDOWS\System32\GDI32.dll
0x00007ffb5e9c0000 - 0x00007ffb5eada000 	C:\WINDOWS\System32\gdi32full.dll
0x00007ffb5e8f0000 - 0x00007ffb5e98d000 	C:\WINDOWS\System32\msvcp_win.dll
0x00007ffb38940000 - 0x00007ffb38bda000 	C:\WINDOWS\WinSxS\amd64_microsoft.windows.common-controls_6595b64144ccf1df_6.0.19041.3636_none_60b6a03d71f818d5\COMCTL32.dll
0x00007ffb525e0000 - 0x00007ffb525ea000 	C:\WINDOWS\SYSTEM32\VERSION.dll
0x00007ffb5fa10000 - 0x00007ffb5fa40000 	C:\WINDOWS\System32\IMM32.DLL
0x00007ffb54020000 - 0x00007ffb5402c000 	D:\jdk\bin\vcruntime140_1.dll
0x00007ffb326c0000 - 0x00007ffb3274e000 	D:\jdk\bin\msvcp140.dll
0x00007ffb0b660000 - 0x00007ffb0c23e000 	D:\jdk\bin\server\jvm.dll
0x00007ffb60620000 - 0x00007ffb60628000 	C:\WINDOWS\System32\PSAPI.DLL
0x00007ffb3f5e0000 - 0x00007ffb3f5e9000 	C:\WINDOWS\SYSTEM32\WSOCK32.dll
0x00007ffb60400000 - 0x00007ffb6046b000 	C:\WINDOWS\System32\WS2_32.dll
0x00007ffb41e20000 - 0x00007ffb41e47000 	C:\WINDOWS\SYSTEM32\WINMM.dll
0x00007ffb5ca00000 - 0x00007ffb5ca12000 	C:\WINDOWS\SYSTEM32\kernel.appcore.dll
0x00007ffb53e70000 - 0x00007ffb53e7a000 	D:\jdk\bin\jimage.dll
0x00007ffb5bd70000 - 0x00007ffb5bf54000 	C:\WINDOWS\SYSTEM32\DBGHELP.DLL
0x00007ffb39260000 - 0x00007ffb39294000 	C:\WINDOWS\SYSTEM32\dbgcore.DLL
0x00007ffb5e7f0000 - 0x00007ffb5e872000 	C:\WINDOWS\System32\bcryptPrimitives.dll
0x00007ffb3c360000 - 0x00007ffb3c385000 	D:\jdk\bin\java.dll
0x00007ffb1be80000 - 0x00007ffb1bf57000 	D:\jdk\bin\jsvml.dll
0x00007ffb5fb90000 - 0x00007ffb602d4000 	C:\WINDOWS\System32\SHELL32.dll
0x00007ffb5c250000 - 0x00007ffb5c9eb000 	C:\WINDOWS\SYSTEM32\windows.storage.dll
0x00007ffb5f4e0000 - 0x00007ffb5f834000 	C:\WINDOWS\System32\combase.dll
0x00007ffb5dbf0000 - 0x00007ffb5dc1d000 	C:\WINDOWS\SYSTEM32\Wldp.dll
0x00007ffb5fae0000 - 0x00007ffb5fb8d000 	C:\WINDOWS\System32\SHCORE.dll
0x00007ffb603a0000 - 0x00007ffb603f5000 	C:\WINDOWS\System32\shlwapi.dll
0x00007ffb5e0e0000 - 0x00007ffb5e105000 	C:\WINDOWS\SYSTEM32\profapi.dll
0x00007ffb3b660000 - 0x00007ffb3b679000 	D:\jdk\bin\net.dll
0x00007ffb5b190000 - 0x00007ffb5b29a000 	C:\WINDOWS\SYSTEM32\WINHTTP.dll
0x00007ffb5d950000 - 0x00007ffb5d9ba000 	C:\WINDOWS\system32\mswsock.dll
0x00007ffb3b640000 - 0x00007ffb3b656000 	D:\jdk\bin\nio.dll
0x00007ffb3b620000 - 0x00007ffb3b638000 	D:\jdk\bin\zip.dll
0x00007ffb53da0000 - 0x00007ffb53db0000 	D:\jdk\bin\verify.dll
0x00007ffb3acb0000 - 0x00007ffb3acd7000 	C:\Users\Mmjiang\.gradle\native\68d5fa5c4cc2d200863cafc0d521ce42e7d3e7ee720ec0a83991735586a16f82\windows-amd64\native-platform.dll
0x00007ffb16010000 - 0x00007ffb16154000 	C:\Users\Mmjiang\.gradle\native\e376f236ea51e6404a007f0833ffe2c6e607c4080706a723a18a27aeea778392\windows-amd64\native-platform-file-events.dll
0x00007ffb53cb0000 - 0x00007ffb53cba000 	D:\jdk\bin\management.dll
0x00007ffb53190000 - 0x00007ffb5319b000 	D:\jdk\bin\management_ext.dll
0x00007ffb5db40000 - 0x00007ffb5db58000 	C:\WINDOWS\SYSTEM32\CRYPTSP.dll
0x00007ffb5d210000 - 0x00007ffb5d244000 	C:\WINDOWS\system32\rsaenh.dll
0x00007ffb5e2b0000 - 0x00007ffb5e2d7000 	C:\WINDOWS\System32\bcrypt.dll
0x00007ffb5e060000 - 0x00007ffb5e08e000 	C:\WINDOWS\SYSTEM32\USERENV.dll
0x00007ffb5db60000 - 0x00007ffb5db6c000 	C:\WINDOWS\SYSTEM32\CRYPTBASE.dll
0x00007ffb5d5f0000 - 0x00007ffb5d62b000 	C:\WINDOWS\SYSTEM32\IPHLPAPI.DLL
0x00007ffb606f0000 - 0x00007ffb606f8000 	C:\WINDOWS\System32\NSI.dll
0x00007ffb543f0000 - 0x00007ffb54407000 	C:\WINDOWS\SYSTEM32\dhcpcsvc6.DLL
0x00007ffb54360000 - 0x00007ffb5437d000 	C:\WINDOWS\SYSTEM32\dhcpcsvc.DLL
0x00007ffb5d640000 - 0x00007ffb5d70a000 	C:\WINDOWS\SYSTEM32\DNSAPI.dll
0x00007ffb525d0000 - 0x00007ffb525de000 	D:\jdk\bin\sunmscapi.dll
0x00007ffb5e390000 - 0x00007ffb5e4ed000 	C:\WINDOWS\System32\CRYPT32.dll
0x00007ffb5dc60000 - 0x00007ffb5dc87000 	C:\WINDOWS\SYSTEM32\ncrypt.dll
0x00007ffb5dc20000 - 0x00007ffb5dc5b000 	C:\WINDOWS\SYSTEM32\NTASN1.dll
0x00007ffb4d3d0000 - 0x00007ffb4d3d7000 	C:\WINDOWS\system32\wshunix.dll

dbghelp: loaded successfully - version: 4.0.5 - missing functions: none
symbol engine: initialized successfully - sym options: 0x614 - pdb path: .;D:\jdk\bin;C:\WINDOWS\SYSTEM32;C:\WINDOWS\WinSxS\amd64_microsoft.windows.common-controls_6595b64144ccf1df_6.0.19041.3636_none_60b6a03d71f818d5;D:\jdk\bin\server;C:\Users\Mmjiang\.gradle\native\68d5fa5c4cc2d200863cafc0d521ce42e7d3e7ee720ec0a83991735586a16f82\windows-amd64;C:\Users\Mmjiang\.gradle\native\e376f236ea51e6404a007f0833ffe2c6e607c4080706a723a18a27aeea778392\windows-amd64

VM Arguments:
jvm_args: -XX:MaxMetaspaceSize=512m --add-opens=java.base/java.util=ALL-UNNAMED --add-opens=java.base/java.lang=ALL-UNNAMED --add-opens=java.base/java.lang.invoke=ALL-UNNAMED --add-opens=java.prefs/java.util.prefs=ALL-UNNAMED --add-opens=java.base/java.nio.charset=ALL-UNNAMED --add-opens=java.base/java.net=ALL-UNNAMED --add-opens=java.base/java.util.concurrent.atomic=ALL-UNNAMED -Xmx2048m -Dfile.encoding=GBK -Duser.country=CN -Duser.language=zh -Duser.variant 
java_command: org.gradle.launcher.daemon.bootstrap.GradleDaemon 8.0.1
java_class_path (initial): C:\Users\Mmjiang\.gradle\wrapper\dists\gradle-8.0.1-all\aro4hu1c3oeioove7l0i4i14o\gradle-8.0.1\lib\gradle-launcher-8.0.1.jar
Launcher Type: SUN_STANDARD

[Global flags]
     intx CICompilerCount                          = 4                                         {product} {ergonomic}
   size_t CompressedClassSpaceSize                 = 436207616                                 {product} {ergonomic}
     uint ConcGCThreads                            = 2                                         {product} {ergonomic}
     uint G1ConcRefinementThreads                  = 8                                         {product} {ergonomic}
   size_t G1HeapRegionSize                         = 1048576                                   {product} {ergonomic}
    uintx GCDrainStackTargetSize                   = 64                                        {product} {ergonomic}
   size_t InitialHeapSize                          = 132120576                                 {product} {ergonomic}
   size_t MarkStackSize                            = 4194304                                   {product} {ergonomic}
   size_t MaxHeapSize                              = 2147483648                                {product} {command line}
   size_t MaxMetaspaceSize                         = 536870912                                 {product} {command line}
   size_t MaxNewSize                               = 1287651328                                {product} {ergonomic}
   size_t MinHeapDeltaBytes                        = 1048576                                   {product} {ergonomic}
   size_t MinHeapSize                              = 8388608                                   {product} {ergonomic}
    uintx NonNMethodCodeHeapSize                   = 5839372                                {pd product} {ergonomic}
    uintx NonProfiledCodeHeapSize                  = 122909434                              {pd product} {ergonomic}
    uintx ProfiledCodeHeapSize                     = 122909434                              {pd product} {ergonomic}
    uintx ReservedCodeCacheSize                    = 251658240                              {pd product} {ergonomic}
     bool SegmentedCodeCache                       = true                                      {product} {ergonomic}
   size_t SoftMaxHeapSize                          = 2147483648                             {manageable} {ergonomic}
     bool UseCompressedClassPointers               = true                           {product lp64_product} {ergonomic}
     bool UseCompressedOops                        = true                           {product lp64_product} {ergonomic}
     bool UseG1GC                                  = true                                      {product} {ergonomic}
     bool UseLargePagesIndividualAllocation        = false                                  {pd product} {ergonomic}

Logging:
Log output configuration:
 #0: stdout all=warning uptime,level,tags
 #1: stderr all=off uptime,level,tags

Environment Variables:
JAVA_HOME=D:\jdk
CLASSPATH=C:\Users\Mmjiang\Desktop\AwesomeProject\android\\gradle\wrapper\gradle-wrapper.jar
PATH=C:\Users\Mmjiang\Desktop\AwesomeProject\node_modules\.bin;C:\Users\Mmjiang\Desktop\AwesomeProject\node_modules\.bin;C:\Users\Mmjiang\Desktop\node_modules\.bin;C:\Users\Mmjiang\node_modules\.bin;C:\Users\node_modules\.bin;C:\node_modules\.bin;C:\Users\Mmjiang\AppData\Roaming\npm\node_modules\npm\node_modules\@npmcli\run-script\lib\node-gyp-bin;C:\Users\Mmjiang\AppData\Local\Temp\yarn--1702821873494-0.8309053957176225;C:\Users\Mmjiang\Desktop\AwesomeProject\node_modules\.bin;C:\Users\Mmjiang\AppData\Local\Yarn\Data\link\node_modules\.bin;C:\Users\Mmjiang\AppData\Local\Yarn\bin;D:\libexec\lib\node_modules\npm\bin\node-gyp-bin;D:\lib\node_modules\npm\bin\node-gyp-bin;D:\nodejs\node_modules\npm\bin\node-gyp-bin;C:\Program Files\Common Files\Oracle\Java\javapath;C:\Python311\Scripts\;C:\Python311\;D:\bin\;C:\WINDOWS\system32;C:\WINDOWS;C:\WINDOWS\System32\Wbem;C:\WINDOWS\System32\WindowsPowerShell\v1.0\;C:\WINDOWS\System32\OpenSSH\;C:\Program Files\MySQL\MySQL Server 5.7\bin;D:\;C:\ProgramData\chocolatey\bin;D:\nodejs\;D:\android-sdk\Sdk\emulator;D:\android-sdk\Sdk\platform-tools;D:\android-sdk\Sdk\cmdline-tools\10.0\bin;D:\LLVM\bin;C:\Users\Mmjiang\AppData\Local\Programs\Python\Python37\Scripts\;C:\Users\Mmjiang\AppData\Local\Programs\Python\Python37\;C:\Users\Mmjiang\AppData\Local\Microsoft\WindowsApps;C:\Program Files (x86)\SSH Communications Security\SSH Secure Shell;C:\Users\Mmjiang\AppData\Local\Pandoc\;D:\MiTeX\miktex\bin\x64\;C:\Users\Mmjiang\Desktop\G\bin;C:\Program Files (x86)\Tencent\WeChat\;C:\Program Files\Bandizip\;D:\Git\cmd;D:\Mogoose\bin;D:\CLion 2023.2\bin;;C:\Users\Mmjiang\AppData\Roaming\npm;D:\Microsoft VS Code\bin
USERNAME=Mmjiang
OS=Windows_NT
PROCESSOR_IDENTIFIER=Intel64 Family 6 Model 142 Stepping 12, GenuineIntel



---------------  S Y S T E M  ---------------

OS:
 Windows 10 , 64 bit Build 19041 (10.0.19041.3636)
OS uptime: 25 days 20:11 hours

CPU: total 8 (initial active 8) (4 cores per cpu, 2 threads per core) family 6 model 142 stepping 12 microcode 0xde, cx8, cmov, fxsr, ht, mmx, 3dnowpref, sse, sse2, sse3, ssse3, sse4.1, sse4.2, popcnt, lzcnt, tsc, tscinvbit, avx, avx2, aes, erms, clmul, bmi1, bmi2, adx, fma, vzeroupper, clflush, clflushopt

Memory: 4k page, system-wide physical 7977M (379M free)
TotalPageFile size 32553M (AvailPageFile size 2M)
current process WorkingSet (physical memory assigned to process): 374M, peak: 378M
current process commit charge ("private bytes"): 418M, peak: 423M

vm_info: Java HotSpot(TM) 64-Bit Server VM (17.0.8+9-LTS-211) for windows-amd64 JRE (17.0.8+9-LTS-211), built on Jun 14 2023 10:34:31 by "mach5one" with MS VC++ 17.1 (VS2022)

END.
