#
# There is insufficient memory for the Java Runtime Environment to continue.
# Native memory allocation (malloc) failed to allocate 1718256 bytes for Chunk::new
# Possible reasons:
#   The system is out of physical RAM or swap space
#   The process is running with CompressedOops enabled, and the Java Heap may be blocking the growth of the native heap
# Possible solutions:
#   Reduce memory load on the system
#   Increase physical memory or swap space
#   Check if swap backing store is full
#   Decrease Java heap size (-Xmx/-Xms)
#   Decrease number of Java threads
#   Decrease Java thread stack sizes (-Xss)
#   Set larger code cache with -XX:ReservedCodeCacheSize=
#   JVM is running with Unscaled Compressed Oops mode in which the Java heap is
#     placed in the first 4GB address space. The Java Heap base address is the
#     maximum limit for the native heap growth. Please use -XX:HeapBaseMinAddress
#     to set the Java Heap base and to place the Java Heap above 4GB virtual address.
# This output file may be truncated or incomplete.
#
#  Out of Memory Error (arena.cpp:189), pid=4304, tid=28756
#
# JRE version: Java(TM) SE Runtime Environment (17.0.8+9) (build 17.0.8+9-LTS-211)
# Java VM: Java HotSpot(TM) 64-Bit Server VM (17.0.8+9-LTS-211, mixed mode, sharing, tiered, compressed oops, compressed class ptrs, g1 gc, windows-amd64)
# No core dump will be written. Minidumps are not enabled by default on client versions of Windows
#

---------------  S U M M A R Y ------------

Command Line: -XX:MaxMetaspaceSize=512m --add-opens=java.base/java.util=ALL-UNNAMED --add-opens=java.base/java.lang=ALL-UNNAMED --add-opens=java.base/java.lang.invoke=ALL-UNNAMED --add-opens=java.prefs/java.util.prefs=ALL-UNNAMED --add-opens=java.base/java.nio.charset=ALL-UNNAMED --add-opens=java.base/java.net=ALL-UNNAMED --add-opens=java.base/java.util.concurrent.atomic=ALL-UNNAMED -Xmx2048m -Dfile.encoding=GBK -Duser.country=CN -Duser.language=zh -Duser.variant org.gradle.launcher.daemon.bootstrap.GradleDaemon 8.0.1

Host: Intel(R) Core(TM) i5-10210U CPU @ 1.60GHz, 8 cores, 7G,  Windows 10 , 64 bit Build 19041 (10.0.19041.3636)
Time: Sun Dec 17 22:05:37 2023  Windows 10 , 64 bit Build 19041 (10.0.19041.3636) elapsed time: 42.304465 seconds (0d 0h 0m 42s)

---------------  T H R E A D  ---------------

Current thread (0x000001b2f138a780):  JavaThread "C2 CompilerThread1" daemon [_thread_in_native, id=28756, stack(0x000000ad33a00000,0x000000ad33b00000)]


Current CompileTask:
C2:  42304 8822       4       org.objectweb.asm.Frame::execute (2318 bytes)

Stack: [0x000000ad33a00000,0x000000ad33b00000]
Native frames: (J=compiled Java code, j=interpreted, Vv=VM code, C=native code)
V  [jvm.dll+0x677d0a]
V  [jvm.dll+0x7d8c54]
V  [jvm.dll+0x7da3fe]
V  [jvm.dll+0x7daa63]
V  [jvm.dll+0x245c5f]
V  [jvm.dll+0xaaa6b]
V  [jvm.dll+0xab00c]
V  [jvm.dll+0x361e3f]
V  [jvm.dll+0x32c551]
V  [jvm.dll+0x32b9ea]
V  [jvm.dll+0x217fff]
V  [jvm.dll+0x217431]
V  [jvm.dll+0x1a3af0]
V  [jvm.dll+0x2270be]
V  [jvm.dll+0x22535b]
V  [jvm.dll+0x78e7bc]
V  [jvm.dll+0x788bba]
V  [jvm.dll+0x676b35]
C  [ucrtbase.dll+0x21bb2]
C  [KERNEL32.DLL+0x17344]
C  [ntdll.dll+0x526b1]


---------------  P R O C E S S  ---------------

Threads class SMR info:
_java_thread_list=0x000001b2ef4f1b60, length=137, elements={
0x000001b2b00cae80, 0x000001b2ce2a24a0, 0x000001b2ce2a3ab0, 0x000001b2ce2bba00,
0x000001b2ce2bd5c0, 0x000001b2ce2be170, 0x000001b2ce2c0b30, 0x000001b2ce2c1810,
0x000001b2ce2c4210, 0x000001b2ce2c93f0, 0x000001b2ce402080, 0x000001b2ce405570,
0x000001b2eeab87a0, 0x000001b2eefce570, 0x000001b2ef5343b0, 0x000001b2ef77c050,
0x000001b2ef8d7710, 0x000001b2ee340a20, 0x000001b2ee9e9150, 0x000001b2ef566030,
0x000001b2ee321cc0, 0x000001b2ee3217f0, 0x000001b2ee322190, 0x000001b2ee320980,
0x000001b2ee320e50, 0x000001b2ee321320, 0x000001b2ef72c7d0, 0x000001b2ef72e980,
0x000001b2ef72b960, 0x000001b2ef72d170, 0x000001b2ef72cca0, 0x000001b2ef72d640,
0x000001b2ef72dfe0, 0x000001b2ef72be30, 0x000001b2ef72e4b0, 0x000001b2ef72afc0,
0x000001b2f0b0a410, 0x000001b2f0b0ff80, 0x000001b2f0b0adb0, 0x000001b2f0b0e2a0,
0x000001b2f0b0e770, 0x000001b2f0b0c5c0, 0x000001b2f0b0ca90, 0x000001b2f0b0bc20,
0x000001b2f0b0f110, 0x000001b2f0b0fab0, 0x000001b2f0b0f5e0, 0x000001b2f0b10450,
0x000001b2f0b0b280, 0x000001b2f0b0d430, 0x000001b2f0b0a8e0, 0x000001b2f0b10df0,
0x000001b2f0b0cf60, 0x000001b2f0b10920, 0x000001b2f0b0c0f0, 0x000001b2f0b112c0,
0x000001b2f0b09a70, 0x000001b2f0b09f40, 0x000001b2f0b0ddd0, 0x000001b2ee7d1680,
0x000001b2ee7d1b50, 0x000001b2ee7d29c0, 0x000001b2ee7d0ce0, 0x000001b2ee7d11b0,
0x000001b2ee7d2020, 0x000001b2ee7d0340, 0x000001b2ee7d3830, 0x000001b2ee7ce660,
0x000001b2ee7d24f0, 0x000001b2ee7d3360, 0x000001b2ee7cf4d0, 0x000001b2ee7ceb30,
0x000001b2ee7d41d0, 0x000001b2ee7cd320, 0x000001b2ee7cd7f0, 0x000001b2ee7cf9a0,
0x000001b2ee7cdcc0, 0x000001b2ee7ce190, 0x000001b2ee7cf000, 0x000001b2ee7cfe70,
0x000001b2ef8b0730, 0x000001b2ef8ac8a0, 0x000001b2ef8a93b0, 0x000001b2ef8ab560,
0x000001b2ef8aea50, 0x000001b2ef8af8c0, 0x000001b2ef8a9880, 0x000001b2ef8ae0b0,
0x000001b2ef8adbe0, 0x000001b2ef8ae580, 0x000001b2ef8aa220, 0x000001b2ef8af3f0,
0x000001b2ef8ac3d0, 0x000001b2ef8acd70, 0x000001b2ef8aba30, 0x000001b2ef8aa6f0,
0x000001b2ef8ab090, 0x000001b2ef8ad240, 0x000001b2ef8aef20, 0x000001b2ef8afd90,
0x000001b2ef8aabc0, 0x000001b2ef8b0c00, 0x000001b2ef8ad710, 0x000001b2ef8abf00,
0x000001b2ef8b0260, 0x000001b2ef8a9d50, 0x000001b2f0f3f9f0, 0x000001b2f0f41200,
0x000001b2f0f42070, 0x000001b2f0f43d50, 0x000001b2f0f44220, 0x000001b2f0f45a30,
0x000001b2f0f3f520, 0x000001b2f0f433b0, 0x000001b2f0f40390, 0x000001b2f0f45090,
0x000001b2f0f446f0, 0x000001b2f0f3eb80, 0x000001b2f0f40860, 0x000001b2f0f40d30,
0x000001b2f0f45f00, 0x000001b2f0f416d0, 0x000001b2f0f3e6b0, 0x000001b2f0f41ba0,
0x000001b2f0f44bc0, 0x000001b2f0f42540, 0x000001b2f0f42a10, 0x000001b2f0f42ee0,
0x000001b2f1ac8ce0, 0x000001b2f1acc1d0, 0x000001b2f1ac79a0, 0x000001b2f1ac74d0,
0x000001b2f1ac7e70, 0x000001b2f1acd510, 0x000001b2f1acb360, 0x000001b2f1acc6a0,
0x000001b2f138a780
}

Java Threads: ( => current thread )
  0x000001b2b00cae80 JavaThread "main" [_thread_blocked, id=15380, stack(0x000000ad2df00000,0x000000ad2e000000)]
  0x000001b2ce2a24a0 JavaThread "Reference Handler" daemon [_thread_blocked, id=19904, stack(0x000000ad2e600000,0x000000ad2e700000)]
  0x000001b2ce2a3ab0 JavaThread "Finalizer" daemon [_thread_blocked, id=7172, stack(0x000000ad2e700000,0x000000ad2e800000)]
  0x000001b2ce2bba00 JavaThread "Signal Dispatcher" daemon [_thread_blocked, id=24524, stack(0x000000ad2e800000,0x000000ad2e900000)]
  0x000001b2ce2bd5c0 JavaThread "Attach Listener" daemon [_thread_blocked, id=27632, stack(0x000000ad2e900000,0x000000ad2ea00000)]
  0x000001b2ce2be170 JavaThread "Service Thread" daemon [_thread_blocked, id=8664, stack(0x000000ad2ea00000,0x000000ad2eb00000)]
  0x000001b2ce2c0b30 JavaThread "Monitor Deflation Thread" daemon [_thread_blocked, id=3552, stack(0x000000ad2eb00000,0x000000ad2ec00000)]
  0x000001b2ce2c1810 JavaThread "C2 CompilerThread0" daemon [_thread_in_native, id=17096, stack(0x000000ad2ec00000,0x000000ad2ed00000)]
  0x000001b2ce2c4210 JavaThread "C1 CompilerThread0" daemon [_thread_blocked, id=356, stack(0x000000ad2ed00000,0x000000ad2ee00000)]
  0x000001b2ce2c93f0 JavaThread "Sweeper thread" daemon [_thread_blocked, id=10960, stack(0x000000ad2ee00000,0x000000ad2ef00000)]
  0x000001b2ce402080 JavaThread "Common-Cleaner" daemon [_thread_blocked, id=984, stack(0x000000ad2ef00000,0x000000ad2f000000)]
  0x000001b2ce405570 JavaThread "Notification Thread" daemon [_thread_blocked, id=7152, stack(0x000000ad2f000000,0x000000ad2f100000)]
  0x000001b2eeab87a0 JavaThread "Daemon health stats" [_thread_blocked, id=12472, stack(0x000000ad2f700000,0x000000ad2f800000)]
  0x000001b2eefce570 JavaThread "Incoming local TCP Connector on port 64611" [_thread_in_native, id=16936, stack(0x000000ad2f600000,0x000000ad2f700000)]
  0x000001b2ef5343b0 JavaThread "Daemon periodic checks" [_thread_blocked, id=15080, stack(0x000000ad2f800000,0x000000ad2f900000)]
  0x000001b2ef77c050 JavaThread "Daemon" [_thread_blocked, id=24052, stack(0x000000ad2f900000,0x000000ad2fa00000)]
  0x000001b2ef8d7710 JavaThread "Handler for socket connection from /127.0.0.1:64611 to /127.0.0.1:64613" [_thread_in_native, id=244, stack(0x000000ad2fa00000,0x000000ad2fb00000)]
  0x000001b2ee340a20 JavaThread "Cancel handler" [_thread_blocked, id=12360, stack(0x000000ad2fb00000,0x000000ad2fc00000)]
  0x000001b2ee9e9150 JavaThread "Daemon worker" [_thread_in_vm, id=3628, stack(0x000000ad2fc00000,0x000000ad2fd00000)]
  0x000001b2ef566030 JavaThread "Asynchronous log dispatcher for DefaultDaemonConnection: socket connection from /127.0.0.1:64611 to /127.0.0.1:64613" [_thread_blocked, id=4100, stack(0x000000ad2fd00000,0x000000ad2fe00000)]
  0x000001b2ee321cc0 JavaThread "Stdin handler" [_thread_blocked, id=24096, stack(0x000000ad2fe00000,0x000000ad2ff00000)]
  0x000001b2ee3217f0 JavaThread "Daemon client event forwarder" [_thread_blocked, id=24156, stack(0x000000ad2ff00000,0x000000ad30000000)]
  0x000001b2ee322190 JavaThread "Cache worker for journal cache (C:\Users\Mmjiang\.gradle\caches\journal-1)" [_thread_blocked, id=9716, stack(0x000000ad30000000,0x000000ad30100000)]
  0x000001b2ee320980 JavaThread "File lock request listener" [_thread_in_native, id=17092, stack(0x000000ad30100000,0x000000ad30200000)]
  0x000001b2ee320e50 JavaThread "File lock release action executor" [_thread_blocked, id=11140, stack(0x000000ad30200000,0x000000ad30300000)]
  0x000001b2ee321320 JavaThread "Cache worker for file hash cache (C:\Users\Mmjiang\.gradle\caches\8.0.1\fileHashes)" [_thread_blocked, id=21528, stack(0x000000ad30300000,0x000000ad30400000)]
  0x000001b2ef72c7d0 JavaThread "File watcher server" daemon [_thread_in_native, id=1720, stack(0x000000ad30700000,0x000000ad30800000)]
  0x000001b2ef72e980 JavaThread "File watcher consumer" daemon [_thread_blocked, id=18904, stack(0x000000ad30800000,0x000000ad30900000)]
  0x000001b2ef72b960 JavaThread "Cache worker for checksums cache (C:\Users\Mmjiang\Desktop\AwesomeProject\android\.gradle\8.0.1\checksums)" [_thread_blocked, id=21412, stack(0x000000ad30900000,0x000000ad30a00000)]
  0x000001b2ef72d170 JavaThread "Cache worker for cache directory md-rule (C:\Users\Mmjiang\.gradle\caches\8.0.1\md-rule)" [_thread_blocked, id=21832, stack(0x000000ad30b00000,0x000000ad30c00000)]
  0x000001b2ef72cca0 JavaThread "Cache worker for file content cache (C:\Users\Mmjiang\.gradle\caches\8.0.1\fileContent)" [_thread_blocked, id=21932, stack(0x000000ad30c00000,0x000000ad30d00000)]
  0x000001b2ef72d640 JavaThread "Cache worker for file hash cache (C:\Users\Mmjiang\Desktop\AwesomeProject\android\.gradle\8.0.1\fileHashes)" [_thread_blocked, id=11596, stack(0x000000ad30d00000,0x000000ad30e00000)]
  0x000001b2ef72dfe0 JavaThread "Cache worker for cache directory md-supplier (C:\Users\Mmjiang\.gradle\caches\8.0.1\md-supplier)" [_thread_blocked, id=14964, stack(0x000000ad30a00000,0x000000ad30b00000)]
  0x000001b2ef72be30 JavaThread "Cache worker for execution history cache (C:\Users\Mmjiang\.gradle\caches\8.0.1\executionHistory)" [_thread_blocked, id=18724, stack(0x000000ad30f00000,0x000000ad31000000)]
  0x000001b2ef72e4b0 JavaThread "jar transforms" [_thread_blocked, id=5812, stack(0x000000ad31000000,0x000000ad31100000)]
  0x000001b2ef72afc0 JavaThread "jar transforms Thread 2" [_thread_blocked, id=9368, stack(0x000000ad31100000,0x000000ad31200000)]
  0x000001b2f0b0a410 JavaThread "jar transforms Thread 3" [_thread_blocked, id=30040, stack(0x000000ad31200000,0x000000ad31300000)]
  0x000001b2f0b0ff80 JavaThread "jar transforms Thread 4" [_thread_blocked, id=25560, stack(0x000000ad31300000,0x000000ad31400000)]
  0x000001b2f0b0adb0 JavaThread "Cache worker for kotlin-dsl (C:\Users\Mmjiang\.gradle\caches\8.0.1\kotlin-dsl)" [_thread_blocked, id=15840, stack(0x000000ad31500000,0x000000ad31600000)]
  0x000001b2f0b0e2a0 JavaThread "jar transforms Thread 5" [_thread_blocked, id=16376, stack(0x000000ad31700000,0x000000ad31800000)]
  0x000001b2f0b0e770 JavaThread "jar transforms Thread 6" [_thread_blocked, id=19852, stack(0x000000ad31400000,0x000000ad31500000)]
  0x000001b2f0b0c5c0 JavaThread "Cache worker for dependencies-accessors (C:\Users\Mmjiang\Desktop\AwesomeProject\android\.gradle\8.0.1\dependencies-accessors)" [_thread_blocked, id=16728, stack(0x000000ad31800000,0x000000ad31900000)]
  0x000001b2f0b0ca90 JavaThread "Cache worker for Build Output Cleanup Cache (C:\Users\Mmjiang\Desktop\AwesomeProject\node_modules\@react-native\gradle-plugin\.gradle\buildOutputCleanup)" [_thread_blocked, id=29572, stack(0x000000ad31900000,0x000000ad31a00000)]
  0x000001b2f0b0bc20 JavaThread "jar transforms Thread 7" [_thread_blocked, id=29048, stack(0x000000ad31a00000,0x000000ad31b00000)]
  0x000001b2f0b0f110 JavaThread "Unconstrained build operations" [_thread_blocked, id=16204, stack(0x000000ad31b00000,0x000000ad31c00000)]
  0x000001b2f0b0fab0 JavaThread "Unconstrained build operations Thread 2" [_thread_blocked, id=30408, stack(0x000000ad31c00000,0x000000ad31d00000)]
  0x000001b2f0b0f5e0 JavaThread "Unconstrained build operations Thread 3" [_thread_blocked, id=30900, stack(0x000000ad31d00000,0x000000ad31e00000)]
  0x000001b2f0b10450 JavaThread "Unconstrained build operations Thread 4" [_thread_blocked, id=29512, stack(0x000000ad31e00000,0x000000ad31f00000)]
  0x000001b2f0b0b280 JavaThread "Unconstrained build operations Thread 5" [_thread_blocked, id=19860, stack(0x000000ad31f00000,0x000000ad32000000)]
  0x000001b2f0b0d430 JavaThread "Unconstrained build operations Thread 6" [_thread_blocked, id=11320, stack(0x000000ad32000000,0x000000ad32100000)]
  0x000001b2f0b0a8e0 JavaThread "Unconstrained build operations Thread 7" [_thread_blocked, id=14368, stack(0x000000ad32100000,0x000000ad32200000)]
  0x000001b2f0b10df0 JavaThread "Unconstrained build operations Thread 8" [_thread_blocked, id=31160, stack(0x000000ad32200000,0x000000ad32300000)]
  0x000001b2f0b0cf60 JavaThread "Unconstrained build operations Thread 9" [_thread_blocked, id=28456, stack(0x000000ad32300000,0x000000ad32400000)]
  0x000001b2f0b10920 JavaThread "Unconstrained build operations Thread 10" [_thread_blocked, id=30672, stack(0x000000ad32400000,0x000000ad32500000)]
  0x000001b2f0b0c0f0 JavaThread "Unconstrained build operations Thread 11" [_thread_blocked, id=21992, stack(0x000000ad32500000,0x000000ad32600000)]
  0x000001b2f0b112c0 JavaThread "Unconstrained build operations Thread 12" [_thread_blocked, id=14312, stack(0x000000ad32600000,0x000000ad32700000)]
  0x000001b2f0b09a70 JavaThread "Unconstrained build operations Thread 13" [_thread_blocked, id=23984, stack(0x000000ad32700000,0x000000ad32800000)]
  0x000001b2f0b09f40 JavaThread "Unconstrained build operations Thread 14" [_thread_blocked, id=24336, stack(0x000000ad32800000,0x000000ad32900000)]
  0x000001b2f0b0ddd0 JavaThread "Unconstrained build operations Thread 15" [_thread_blocked, id=17332, stack(0x000000ad32900000,0x000000ad32a00000)]
  0x000001b2ee7d1680 JavaThread "Unconstrained build operations Thread 16" [_thread_blocked, id=23144, stack(0x000000ad32a00000,0x000000ad32b00000)]
  0x000001b2ee7d1b50 JavaThread "Unconstrained build operations Thread 17" [_thread_blocked, id=24632, stack(0x000000ad32b00000,0x000000ad32c00000)]
  0x000001b2ee7d29c0 JavaThread "Unconstrained build operations Thread 18" [_thread_blocked, id=17860, stack(0x000000ad32c00000,0x000000ad32d00000)]
  0x000001b2ee7d0ce0 JavaThread "Unconstrained build operations Thread 19" [_thread_blocked, id=21376, stack(0x000000ad32d00000,0x000000ad32e00000)]
  0x000001b2ee7d11b0 JavaThread "Unconstrained build operations Thread 20" [_thread_blocked, id=28840, stack(0x000000ad32e00000,0x000000ad32f00000)]
  0x000001b2ee7d2020 JavaThread "Unconstrained build operations Thread 21" [_thread_blocked, id=28304, stack(0x000000ad32f00000,0x000000ad33000000)]
  0x000001b2ee7d0340 JavaThread "Unconstrained build operations Thread 22" [_thread_blocked, id=2952, stack(0x000000ad33000000,0x000000ad33100000)]
  0x000001b2ee7d3830 JavaThread "Unconstrained build operations Thread 23" [_thread_blocked, id=10496, stack(0x000000ad33100000,0x000000ad33200000)]
  0x000001b2ee7ce660 JavaThread "Unconstrained build operations Thread 24" [_thread_blocked, id=23780, stack(0x000000ad33200000,0x000000ad33300000)]
  0x000001b2ee7d24f0 JavaThread "Unconstrained build operations Thread 25" [_thread_blocked, id=29592, stack(0x000000ad33300000,0x000000ad33400000)]
  0x000001b2ee7d3360 JavaThread "Unconstrained build operations Thread 26" [_thread_blocked, id=28040, stack(0x000000ad33400000,0x000000ad33500000)]
  0x000001b2ee7cf4d0 JavaThread "jar transforms Thread 8" [_thread_blocked, id=24360, stack(0x000000ad33600000,0x000000ad33700000)]
  0x000001b2ee7ceb30 JavaThread "Memory manager" [_thread_blocked, id=29288, stack(0x000000ad33700000,0x000000ad33800000)]
  0x000001b2ee7d41d0 JavaThread "Cache worker for Build Output Cleanup Cache (C:\Users\Mmjiang\Desktop\AwesomeProject\android\.gradle\buildOutputCleanup)" [_thread_blocked, id=23860, stack(0x000000ad33500000,0x000000ad33600000)]
  0x000001b2ee7cd320 JavaThread "included builds" [_thread_blocked, id=28788, stack(0x000000ad33b00000,0x000000ad33c00000)]
  0x000001b2ee7cd7f0 JavaThread "Execution worker" [_thread_blocked, id=12004, stack(0x000000ad33c00000,0x000000ad33d00000)]
  0x000001b2ee7cf9a0 JavaThread "Execution worker Thread 2" [_thread_blocked, id=31024, stack(0x000000ad33d00000,0x000000ad33e00000)]
  0x000001b2ee7cdcc0 JavaThread "Execution worker Thread 3" [_thread_blocked, id=26248, stack(0x000000ad33e00000,0x000000ad33f00000)]
  0x000001b2ee7ce190 JavaThread "Execution worker Thread 4" [_thread_blocked, id=17088, stack(0x000000ad33f00000,0x000000ad34000000)]
  0x000001b2ee7cf000 JavaThread "Execution worker Thread 5" [_thread_blocked, id=26496, stack(0x000000ad34000000,0x000000ad34100000)]
  0x000001b2ee7cfe70 JavaThread "Execution worker Thread 6" [_thread_blocked, id=18156, stack(0x000000ad34100000,0x000000ad34200000)]
  0x000001b2ef8b0730 JavaThread "Execution worker Thread 7" [_thread_blocked, id=30624, stack(0x000000ad34200000,0x000000ad34300000)]
  0x000001b2ef8ac8a0 JavaThread "Cache worker for execution history cache (C:\Users\Mmjiang\Desktop\AwesomeProject\node_modules\@react-native\gradle-plugin\.gradle\8.0.1\executionHistory)" [_thread_blocked, id=21708, stack(0x000000ad34300000,0x000000ad34400000)]
  0x000001b2ef8a93b0 JavaThread "Unconstrained build operations Thread 27" [_thread_blocked, id=16252, stack(0x000000ad34400000,0x000000ad34500000)]
  0x000001b2ef8ab560 JavaThread "Unconstrained build operations Thread 28" [_thread_blocked, id=16792, stack(0x000000ad34500000,0x000000ad34600000)]
  0x000001b2ef8aea50 JavaThread "Unconstrained build operations Thread 29" [_thread_blocked, id=30120, stack(0x000000ad34600000,0x000000ad34700000)]
  0x000001b2ef8af8c0 JavaThread "Unconstrained build operations Thread 30" [_thread_blocked, id=25352, stack(0x000000ad34700000,0x000000ad34800000)]
  0x000001b2ef8a9880 JavaThread "Unconstrained build operations Thread 31" [_thread_blocked, id=26932, stack(0x000000ad34800000,0x000000ad34900000)]
  0x000001b2ef8ae0b0 JavaThread "Unconstrained build operations Thread 32" [_thread_blocked, id=28884, stack(0x000000ad34900000,0x000000ad34a00000)]
  0x000001b2ef8adbe0 JavaThread "Unconstrained build operations Thread 33" [_thread_blocked, id=24448, stack(0x000000ad34a00000,0x000000ad34b00000)]
  0x000001b2ef8ae580 JavaThread "Unconstrained build operations Thread 34" [_thread_blocked, id=10744, stack(0x000000ad34b00000,0x000000ad34c00000)]
  0x000001b2ef8aa220 JavaThread "Unconstrained build operations Thread 35" [_thread_blocked, id=6792, stack(0x000000ad34c00000,0x000000ad34d00000)]
  0x000001b2ef8af3f0 JavaThread "Unconstrained build operations Thread 36" [_thread_blocked, id=22384, stack(0x000000ad34d00000,0x000000ad34e00000)]
  0x000001b2ef8ac3d0 JavaThread "Unconstrained build operations Thread 37" [_thread_blocked, id=29784, stack(0x000000ad34e00000,0x000000ad34f00000)]
  0x000001b2ef8acd70 JavaThread "Unconstrained build operations Thread 38" [_thread_blocked, id=31404, stack(0x000000ad34f00000,0x000000ad35000000)]
  0x000001b2ef8aba30 JavaThread "Unconstrained build operations Thread 39" [_thread_blocked, id=4808, stack(0x000000ad35000000,0x000000ad35100000)]
  0x000001b2ef8aa6f0 JavaThread "Unconstrained build operations Thread 40" [_thread_blocked, id=14180, stack(0x000000ad35100000,0x000000ad35200000)]
  0x000001b2ef8ab090 JavaThread "Unconstrained build operations Thread 41" [_thread_blocked, id=27200, stack(0x000000ad35200000,0x000000ad35300000)]
  0x000001b2ef8ad240 JavaThread "Unconstrained build operations Thread 42" [_thread_blocked, id=25680, stack(0x000000ad35300000,0x000000ad35400000)]
  0x000001b2ef8aef20 JavaThread "Unconstrained build operations Thread 43" [_thread_blocked, id=20104, stack(0x000000ad35400000,0x000000ad35500000)]
  0x000001b2ef8afd90 JavaThread "Unconstrained build operations Thread 44" [_thread_blocked, id=19300, stack(0x000000ad35500000,0x000000ad35600000)]
  0x000001b2ef8aabc0 JavaThread "Unconstrained build operations Thread 45" [_thread_blocked, id=25160, stack(0x000000ad35600000,0x000000ad35700000)]
  0x000001b2ef8b0c00 JavaThread "Unconstrained build operations Thread 46" [_thread_blocked, id=13120, stack(0x000000ad35700000,0x000000ad35800000)]
  0x000001b2ef8ad710 JavaThread "Unconstrained build operations Thread 47" [_thread_blocked, id=14532, stack(0x000000ad35800000,0x000000ad35900000)]
  0x000001b2ef8abf00 JavaThread "Unconstrained build operations Thread 48" [_thread_blocked, id=21920, stack(0x000000ad35900000,0x000000ad35a00000)]
  0x000001b2ef8b0260 JavaThread "Unconstrained build operations Thread 49" [_thread_blocked, id=7100, stack(0x000000ad35a00000,0x000000ad35b00000)]
  0x000001b2ef8a9d50 JavaThread "Unconstrained build operations Thread 50" [_thread_blocked, id=26724, stack(0x000000ad35b00000,0x000000ad35c00000)]
  0x000001b2f0f3f9f0 JavaThread "Unconstrained build operations Thread 51" [_thread_blocked, id=24616, stack(0x000000ad35c00000,0x000000ad35d00000)]
  0x000001b2f0f41200 JavaThread "Unconstrained build operations Thread 52" [_thread_blocked, id=24320, stack(0x000000ad35d00000,0x000000ad35e00000)]
  0x000001b2f0f42070 JavaThread "Unconstrained build operations Thread 53" [_thread_blocked, id=14736, stack(0x000000ad35e00000,0x000000ad35f00000)]
  0x000001b2f0f43d50 JavaThread "Unconstrained build operations Thread 54" [_thread_blocked, id=1928, stack(0x000000ad35f00000,0x000000ad36000000)]
  0x000001b2f0f44220 JavaThread "Unconstrained build operations Thread 55" [_thread_blocked, id=11260, stack(0x000000ad36000000,0x000000ad36100000)]
  0x000001b2f0f45a30 JavaThread "Unconstrained build operations Thread 56" [_thread_blocked, id=12080, stack(0x000000ad36100000,0x000000ad36200000)]
  0x000001b2f0f3f520 JavaThread "Unconstrained build operations Thread 57" [_thread_blocked, id=18912, stack(0x000000ad36200000,0x000000ad36300000)]
  0x000001b2f0f433b0 JavaThread "Unconstrained build operations Thread 58" [_thread_blocked, id=27024, stack(0x000000ad36300000,0x000000ad36400000)]
  0x000001b2f0f40390 JavaThread "Unconstrained build operations Thread 59" [_thread_blocked, id=31368, stack(0x000000ad36400000,0x000000ad36500000)]
  0x000001b2f0f45090 JavaThread "Unconstrained build operations Thread 60" [_thread_blocked, id=5804, stack(0x000000ad36500000,0x000000ad36600000)]
  0x000001b2f0f446f0 JavaThread "Unconstrained build operations Thread 61" [_thread_blocked, id=26708, stack(0x000000ad36600000,0x000000ad36700000)]
  0x000001b2f0f3eb80 JavaThread "Unconstrained build operations Thread 62" [_thread_blocked, id=26376, stack(0x000000ad36700000,0x000000ad36800000)]
  0x000001b2f0f40860 JavaThread "Unconstrained build operations Thread 63" [_thread_blocked, id=20364, stack(0x000000ad36800000,0x000000ad36900000)]
  0x000001b2f0f40d30 JavaThread "Unconstrained build operations Thread 64" [_thread_blocked, id=27404, stack(0x000000ad36900000,0x000000ad36a00000)]
  0x000001b2f0f45f00 JavaThread "Unconstrained build operations Thread 65" [_thread_blocked, id=23004, stack(0x000000ad36a00000,0x000000ad36b00000)]
  0x000001b2f0f416d0 JavaThread "Unconstrained build operations Thread 66" [_thread_blocked, id=23244, stack(0x000000ad36b00000,0x000000ad36c00000)]
  0x000001b2f0f3e6b0 JavaThread "Unconstrained build operations Thread 67" [_thread_blocked, id=28928, stack(0x000000ad36c00000,0x000000ad36d00000)]
  0x000001b2f0f41ba0 JavaThread "Unconstrained build operations Thread 68" [_thread_blocked, id=17104, stack(0x000000ad36d00000,0x000000ad36e00000)]
  0x000001b2f0f44bc0 JavaThread "Unconstrained build operations Thread 69" [_thread_blocked, id=14912, stack(0x000000ad36e00000,0x000000ad36f00000)]
  0x000001b2f0f42540 JavaThread "Unconstrained build operations Thread 70" [_thread_blocked, id=25188, stack(0x000000ad36f00000,0x000000ad37000000)]
  0x000001b2f0f42a10 JavaThread "Unconstrained build operations Thread 71" [_thread_blocked, id=29060, stack(0x000000ad37000000,0x000000ad37100000)]
  0x000001b2f0f42ee0 JavaThread "Unconstrained build operations Thread 72" [_thread_blocked, id=8916, stack(0x000000ad37100000,0x000000ad37200000)]
  0x000001b2f1ac8ce0 JavaThread "Unconstrained build operations Thread 73" [_thread_blocked, id=31004, stack(0x000000ad37200000,0x000000ad37300000)]
  0x000001b2f1acc1d0 JavaThread "Unconstrained build operations Thread 74" [_thread_blocked, id=6720, stack(0x000000ad37300000,0x000000ad37400000)]
  0x000001b2f1ac79a0 JavaThread "Unconstrained build operations Thread 75" [_thread_blocked, id=2868, stack(0x000000ad37400000,0x000000ad37500000)]
  0x000001b2f1ac74d0 JavaThread "Unconstrained build operations Thread 76" [_thread_blocked, id=21252, stack(0x000000ad37500000,0x000000ad37600000)]
  0x000001b2f1ac7e70 JavaThread "Unconstrained build operations Thread 77" [_thread_blocked, id=26760, stack(0x000000ad37600000,0x000000ad37700000)]
  0x000001b2f1acd510 JavaThread "Unconstrained build operations Thread 78" [_thread_blocked, id=13032, stack(0x000000ad37700000,0x000000ad37800000)]
  0x000001b2f1acb360 JavaThread "Unconstrained build operations Thread 79" [_thread_blocked, id=21784, stack(0x000000ad37800000,0x000000ad37900000)]
  0x000001b2f1acc6a0 JavaThread "Unconstrained build operations Thread 80" [_thread_blocked, id=1480, stack(0x000000ad37900000,0x000000ad37a00000)]
=>0x000001b2f138a780 JavaThread "C2 CompilerThread1" daemon [_thread_in_native, id=28756, stack(0x000000ad33a00000,0x000000ad33b00000)]

Other Threads:
  0x000001b2ce29c100 VMThread "VM Thread" [stack: 0x000000ad2e500000,0x000000ad2e600000] [id=1788]
  0x000001b2ce407a50 WatcherThread [stack: 0x000000ad2f100000,0x000000ad2f200000] [id=16748]
  0x000001b2b0127b70 GCTaskThread "GC Thread#0" [stack: 0x000000ad2e000000,0x000000ad2e100000] [id=22836]
  0x000001b2ce8f0b70 GCTaskThread "GC Thread#1" [stack: 0x000000ad2f200000,0x000000ad2f300000] [id=17528]
  0x000001b2ce8f0e20 GCTaskThread "GC Thread#2" [stack: 0x000000ad2f300000,0x000000ad2f400000] [id=11968]
  0x000001b2ced89640 GCTaskThread "GC Thread#3" [stack: 0x000000ad2f400000,0x000000ad2f500000] [id=25804]
  0x000001b2ee0552e0 GCTaskThread "GC Thread#4" [stack: 0x000000ad2f500000,0x000000ad2f600000] [id=22508]
  0x000001b2ce548030 GCTaskThread "GC Thread#5" [stack: 0x000000ad30400000,0x000000ad30500000] [id=24264]
  0x000001b2ce5482e0 GCTaskThread "GC Thread#6" [stack: 0x000000ad30500000,0x000000ad30600000] [id=11956]
  0x000001b2ce548590 GCTaskThread "GC Thread#7" [stack: 0x000000ad30600000,0x000000ad30700000] [id=28344]
  0x000001b2b0138ab0 ConcurrentGCThread "G1 Main Marker" [stack: 0x000000ad2e100000,0x000000ad2e200000] [id=22456]
  0x000001b2b01394c0 ConcurrentGCThread "G1 Conc#0" [stack: 0x000000ad2e200000,0x000000ad2e300000] [id=1584]
  0x000001b2ee89c070 ConcurrentGCThread "G1 Conc#1" [stack: 0x000000ad30e00000,0x000000ad30f00000] [id=18128]
  0x000001b2b019d640 ConcurrentGCThread "G1 Refine#0" [stack: 0x000000ad2e300000,0x000000ad2e400000] [id=30436]
  0x000001b2ee8af920 ConcurrentGCThread "G1 Refine#1" [stack: 0x000000ad31600000,0x000000ad31700000] [id=29096]
  0x000001b2b019e060 ConcurrentGCThread "G1 Service" [stack: 0x000000ad2e400000,0x000000ad2e500000] [id=26700]

Threads with active compile tasks:
C2 CompilerThread0    42375 8841   !   4       java.net.URLClassLoader$1::run (81 bytes)
C2 CompilerThread1    42375 8822       4       org.objectweb.asm.Frame::execute (2318 bytes)

VM state: not at safepoint (normal execution)

VM Mutex/Monitor currently owned by a thread:  ([mutex/lock_event])
[0x000001b2b00bad50] Metaspace_lock - owner thread: 0x000001b2ee9e9150

Heap address: 0x0000000080000000, size: 2048 MB, Compressed Oops mode: 32-bit

CDS archive(s) mapped at: [0x000001b2cf000000-0x000001b2cfbd0000-0x000001b2cfbd0000), size 12386304, SharedBaseAddress: 0x000001b2cf000000, ArchiveRelocationMode: 1.
Compressed class space mapped at: 0x000001b2d0000000-0x000001b2ea000000, reserved size: 436207616
Narrow klass base: 0x000001b2cf000000, Narrow klass shift: 0, Narrow klass range: 0x100000000

GC Precious Log:
 CPUs: 8 total, 8 available
 Memory: 7977M
 Large Page Support: Disabled
 NUMA Support: Disabled
 Compressed Oops: Enabled (32-bit)
 Heap Region Size: 1M
 Heap Min Capacity: 8M
 Heap Initial Capacity: 126M
 Heap Max Capacity: 2G
 Pre-touch: Disabled
 Parallel Workers: 8
 Concurrent Workers: 2
 Concurrent Refinement Workers: 8
 Periodic GC: Disabled

Heap:
 garbage-first heap   total 107520K, used 73397K [0x0000000080000000, 0x0000000100000000)
  region size 1024K, 11 young (11264K), 3 survivors (3072K)
 Metaspace       used 66474K, committed 67136K, reserved 491520K
  class space    used 9161K, committed 9472K, reserved 425984K

Heap Regions: E=young(eden), S=young(survivor), O=old, HS=humongous(starts), HC=humongous(continues), CS=collection set, F=free, OA=open archive, CA=closed archive, TAMS=top-at-mark-start (previous, next)
|   0|0x0000000080000000, 0x0000000080100000, 0x0000000080100000|100%|HS|  |TAMS 0x0000000080100000, 0x0000000080000000| Complete 
|   1|0x0000000080100000, 0x0000000080200000, 0x0000000080200000|100%|HC|  |TAMS 0x0000000080200000, 0x0000000080100000| Complete 
|   2|0x0000000080200000, 0x0000000080300000, 0x0000000080300000|100%|HC|  |TAMS 0x0000000080300000, 0x0000000080200000| Complete 
|   3|0x0000000080300000, 0x0000000080400000, 0x0000000080400000|100%|HC|  |TAMS 0x0000000080400000, 0x0000000080300000| Complete 
|   4|0x0000000080400000, 0x0000000080500000, 0x0000000080500000|100%| O|  |TAMS 0x0000000080500000, 0x0000000080400000| Untracked 
|   5|0x0000000080500000, 0x0000000080600000, 0x0000000080600000|100%| O|  |TAMS 0x0000000080600000, 0x0000000080500000| Untracked 
|   6|0x0000000080600000, 0x0000000080700000, 0x0000000080700000|100%| O|  |TAMS 0x0000000080700000, 0x0000000080600000| Untracked 
|   7|0x0000000080700000, 0x0000000080800000, 0x0000000080800000|100%| O|  |TAMS 0x0000000080800000, 0x0000000080700000| Untracked 
|   8|0x0000000080800000, 0x0000000080900000, 0x0000000080900000|100%| O|  |TAMS 0x0000000080900000, 0x0000000080800000| Untracked 
|   9|0x0000000080900000, 0x0000000080a00000, 0x0000000080a00000|100%| O|  |TAMS 0x0000000080a00000, 0x0000000080900000| Untracked 
|  10|0x0000000080a00000, 0x0000000080b00000, 0x0000000080b00000|100%| O|  |TAMS 0x0000000080b00000, 0x0000000080a00000| Untracked 
|  11|0x0000000080b00000, 0x0000000080c00000, 0x0000000080c00000|100%| O|  |TAMS 0x0000000080c00000, 0x0000000080b00000| Untracked 
|  12|0x0000000080c00000, 0x0000000080d00000, 0x0000000080d00000|100%| O|  |TAMS 0x0000000080d00000, 0x0000000080c00000| Untracked 
|  13|0x0000000080d00000, 0x0000000080e00000, 0x0000000080e00000|100%| O|  |TAMS 0x0000000080e00000, 0x0000000080d00000| Untracked 
|  14|0x0000000080e00000, 0x0000000080f00000, 0x0000000080f00000|100%| O|  |TAMS 0x0000000080f00000, 0x0000000080e00000| Untracked 
|  15|0x0000000080f00000, 0x0000000081000000, 0x0000000081000000|100%| O|  |TAMS 0x0000000081000000, 0x0000000080f00000| Untracked 
|  16|0x0000000081000000, 0x0000000081100000, 0x0000000081100000|100%| O|  |TAMS 0x0000000081100000, 0x0000000081000000| Untracked 
|  17|0x0000000081100000, 0x0000000081200000, 0x0000000081200000|100%| O|  |TAMS 0x0000000081200000, 0x0000000081100000| Untracked 
|  18|0x0000000081200000, 0x0000000081300000, 0x0000000081300000|100%| O|  |TAMS 0x0000000081300000, 0x0000000081200000| Untracked 
|  19|0x0000000081300000, 0x0000000081400000, 0x0000000081400000|100%| O|  |TAMS 0x0000000081400000, 0x0000000081300000| Untracked 
|  20|0x0000000081400000, 0x0000000081500000, 0x0000000081500000|100%| O|  |TAMS 0x0000000081500000, 0x0000000081400000| Untracked 
|  21|0x0000000081500000, 0x0000000081600000, 0x0000000081600000|100%| O|  |TAMS 0x0000000081600000, 0x0000000081500000| Untracked 
|  22|0x0000000081600000, 0x0000000081700000, 0x0000000081700000|100%| O|  |TAMS 0x0000000081700000, 0x0000000081600000| Untracked 
|  23|0x0000000081700000, 0x0000000081800000, 0x0000000081800000|100%| O|  |TAMS 0x0000000081800000, 0x0000000081700000| Untracked 
|  24|0x0000000081800000, 0x0000000081900000, 0x0000000081900000|100%| O|  |TAMS 0x0000000081900000, 0x0000000081800000| Untracked 
|  25|0x0000000081900000, 0x0000000081a00000, 0x0000000081a00000|100%| O|  |TAMS 0x0000000081a00000, 0x0000000081900000| Untracked 
|  26|0x0000000081a00000, 0x0000000081b00000, 0x0000000081b00000|100%| O|  |TAMS 0x0000000081b00000, 0x0000000081a00000| Untracked 
|  27|0x0000000081b00000, 0x0000000081c00000, 0x0000000081c00000|100%| O|  |TAMS 0x0000000081c00000, 0x0000000081b00000| Untracked 
|  28|0x0000000081c00000, 0x0000000081d00000, 0x0000000081d00000|100%| O|  |TAMS 0x0000000081d00000, 0x0000000081c00000| Untracked 
|  29|0x0000000081d00000, 0x0000000081e00000, 0x0000000081e00000|100%| O|  |TAMS 0x0000000081e00000, 0x0000000081d00000| Untracked 
|  30|0x0000000081e00000, 0x0000000081f00000, 0x0000000081f00000|100%| O|  |TAMS 0x0000000081f00000, 0x0000000081e00000| Untracked 
|  31|0x0000000081f00000, 0x0000000082000000, 0x0000000082000000|100%| O|  |TAMS 0x0000000082000000, 0x0000000081f00000| Untracked 
|  32|0x0000000082000000, 0x0000000082100000, 0x0000000082100000|100%|HS|  |TAMS 0x0000000082100000, 0x0000000082000000| Complete 
|  33|0x0000000082100000, 0x0000000082200000, 0x0000000082200000|100%|HC|  |TAMS 0x0000000082200000, 0x0000000082100000| Complete 
|  34|0x0000000082200000, 0x0000000082300000, 0x0000000082300000|100%|HS|  |TAMS 0x0000000082300000, 0x0000000082200000| Complete 
|  35|0x0000000082300000, 0x0000000082400000, 0x0000000082400000|100%|HC|  |TAMS 0x0000000082400000, 0x0000000082300000| Complete 
|  36|0x0000000082400000, 0x0000000082500000, 0x0000000082500000|100%|HC|  |TAMS 0x0000000082500000, 0x0000000082400000| Complete 
|  37|0x0000000082500000, 0x0000000082600000, 0x0000000082600000|100%|HC|  |TAMS 0x0000000082600000, 0x0000000082500000| Complete 
|  38|0x0000000082600000, 0x0000000082700000, 0x0000000082700000|100%| O|  |TAMS 0x0000000082700000, 0x0000000082600000| Untracked 
|  39|0x0000000082700000, 0x0000000082800000, 0x0000000082800000|100%| O|  |TAMS 0x0000000082800000, 0x0000000082700000| Untracked 
|  40|0x0000000082800000, 0x0000000082900000, 0x0000000082900000|100%| O|  |TAMS 0x0000000082900000, 0x0000000082800000| Untracked 
|  41|0x0000000082900000, 0x0000000082a00000, 0x0000000082a00000|100%| O|  |TAMS 0x0000000082a00000, 0x0000000082900000| Untracked 
|  42|0x0000000082a00000, 0x0000000082b00000, 0x0000000082b00000|100%| O|  |TAMS 0x0000000082b00000, 0x0000000082a00000| Untracked 
|  43|0x0000000082b00000, 0x0000000082c00000, 0x0000000082c00000|100%| O|  |TAMS 0x0000000082c00000, 0x0000000082b00000| Untracked 
|  44|0x0000000082c00000, 0x0000000082d00000, 0x0000000082d00000|100%| O|  |TAMS 0x0000000082d00000, 0x0000000082c00000| Untracked 
|  45|0x0000000082d00000, 0x0000000082e00000, 0x0000000082e00000|100%| O|  |TAMS 0x0000000082e00000, 0x0000000082d00000| Untracked 
|  46|0x0000000082e00000, 0x0000000082f00000, 0x0000000082f00000|100%| O|  |TAMS 0x0000000082f00000, 0x0000000082e00000| Untracked 
|  47|0x0000000082f00000, 0x0000000083000000, 0x0000000083000000|100%| O|  |TAMS 0x0000000083000000, 0x0000000082f00000| Untracked 
|  48|0x0000000083000000, 0x0000000083100000, 0x0000000083100000|100%| O|  |TAMS 0x0000000083100000, 0x0000000083000000| Untracked 
|  49|0x0000000083100000, 0x0000000083200000, 0x0000000083200000|100%| O|  |TAMS 0x0000000083200000, 0x0000000083100000| Untracked 
|  50|0x0000000083200000, 0x0000000083300000, 0x0000000083300000|100%| O|  |TAMS 0x0000000083300000, 0x0000000083200000| Untracked 
|  51|0x0000000083300000, 0x0000000083400000, 0x0000000083400000|100%| O|  |TAMS 0x0000000083400000, 0x0000000083300000| Untracked 
|  52|0x0000000083400000, 0x0000000083500000, 0x0000000083500000|100%| O|  |TAMS 0x0000000083500000, 0x0000000083400000| Untracked 
|  53|0x0000000083500000, 0x0000000083600000, 0x0000000083600000|100%| O|  |TAMS 0x0000000083600000, 0x0000000083500000| Untracked 
|  54|0x0000000083600000, 0x0000000083700000, 0x0000000083700000|100%| O|  |TAMS 0x0000000083700000, 0x0000000083600000| Untracked 
|  55|0x0000000083700000, 0x0000000083800000, 0x0000000083800000|100%| O|  |TAMS 0x0000000083800000, 0x0000000083700000| Untracked 
|  56|0x0000000083800000, 0x0000000083900000, 0x0000000083900000|100%| O|  |TAMS 0x0000000083874a00, 0x0000000083800000| Untracked 
|  57|0x0000000083900000, 0x0000000083a00000, 0x0000000083a00000|100%| O|  |TAMS 0x0000000083900000, 0x0000000083900000| Untracked 
|  58|0x0000000083a00000, 0x0000000083b00000, 0x0000000083b00000|100%| O|  |TAMS 0x0000000083a00000, 0x0000000083a00000| Untracked 
|  59|0x0000000083b00000, 0x0000000083c00000, 0x0000000083c00000|100%|HS|  |TAMS 0x0000000083b00000, 0x0000000083b00000| Complete 
|  60|0x0000000083c00000, 0x0000000083d00000, 0x0000000083d00000|100%|HS|  |TAMS 0x0000000083c00000, 0x0000000083c00000| Complete 
|  61|0x0000000083d00000, 0x0000000083dad600, 0x0000000083e00000| 67%| O|  |TAMS 0x0000000083d00000, 0x0000000083d00000| Untracked 
|  62|0x0000000083e00000, 0x0000000083e00000, 0x0000000083f00000|  0%| F|  |TAMS 0x0000000083e00000, 0x0000000083e00000| Untracked 
|  63|0x0000000083f00000, 0x0000000083f00000, 0x0000000084000000|  0%| F|  |TAMS 0x0000000083f00000, 0x0000000083f00000| Untracked 
|  64|0x0000000084000000, 0x0000000084000000, 0x0000000084100000|  0%| F|  |TAMS 0x0000000084000000, 0x0000000084000000| Untracked 
|  65|0x0000000084100000, 0x0000000084100000, 0x0000000084200000|  0%| F|  |TAMS 0x0000000084100000, 0x0000000084100000| Untracked 
|  66|0x0000000084200000, 0x0000000084200000, 0x0000000084300000|  0%| F|  |TAMS 0x0000000084200000, 0x0000000084200000| Untracked 
|  67|0x0000000084300000, 0x0000000084300000, 0x0000000084400000|  0%| F|  |TAMS 0x0000000084300000, 0x0000000084300000| Untracked 
|  68|0x0000000084400000, 0x0000000084400000, 0x0000000084500000|  0%| F|  |TAMS 0x0000000084400000, 0x0000000084400000| Untracked 
|  69|0x0000000084500000, 0x0000000084500000, 0x0000000084600000|  0%| F|  |TAMS 0x0000000084500000, 0x0000000084500000| Untracked 
|  70|0x0000000084600000, 0x0000000084600000, 0x0000000084700000|  0%| F|  |TAMS 0x0000000084600000, 0x0000000084600000| Untracked 
|  71|0x0000000084700000, 0x0000000084700000, 0x0000000084800000|  0%| F|  |TAMS 0x0000000084700000, 0x0000000084700000| Untracked 
|  72|0x0000000084800000, 0x0000000084800000, 0x0000000084900000|  0%| F|  |TAMS 0x0000000084800000, 0x0000000084800000| Untracked 
|  73|0x0000000084900000, 0x0000000084900000, 0x0000000084a00000|  0%| F|  |TAMS 0x0000000084900000, 0x0000000084900000| Untracked 
|  74|0x0000000084a00000, 0x0000000084a00000, 0x0000000084b00000|  0%| F|  |TAMS 0x0000000084a00000, 0x0000000084a00000| Untracked 
|  75|0x0000000084b00000, 0x0000000084b00000, 0x0000000084c00000|  0%| F|  |TAMS 0x0000000084b00000, 0x0000000084b00000| Untracked 
|  76|0x0000000084c00000, 0x0000000084c00000, 0x0000000084d00000|  0%| F|  |TAMS 0x0000000084c00000, 0x0000000084c00000| Untracked 
|  77|0x0000000084d00000, 0x0000000084d00000, 0x0000000084e00000|  0%| F|  |TAMS 0x0000000084d00000, 0x0000000084d00000| Untracked 
|  78|0x0000000084e00000, 0x0000000084f00000, 0x0000000084f00000|100%| S|CS|TAMS 0x0000000084e00000, 0x0000000084e00000| Complete 
|  79|0x0000000084f00000, 0x0000000085000000, 0x0000000085000000|100%| S|CS|TAMS 0x0000000084f00000, 0x0000000084f00000| Complete 
|  80|0x0000000085000000, 0x0000000085100000, 0x0000000085100000|100%| S|CS|TAMS 0x0000000085000000, 0x0000000085000000| Complete 
|  81|0x0000000085100000, 0x0000000085100000, 0x0000000085200000|  0%| F|  |TAMS 0x0000000085100000, 0x0000000085100000| Untracked 
|  82|0x0000000085200000, 0x0000000085200000, 0x0000000085300000|  0%| F|  |TAMS 0x0000000085200000, 0x0000000085200000| Untracked 
|  83|0x0000000085300000, 0x0000000085300000, 0x0000000085400000|  0%| F|  |TAMS 0x0000000085300000, 0x0000000085300000| Untracked 
|  84|0x0000000085400000, 0x0000000085400000, 0x0000000085500000|  0%| F|  |TAMS 0x0000000085400000, 0x0000000085400000| Untracked 
|  85|0x0000000085500000, 0x0000000085500000, 0x0000000085600000|  0%| F|  |TAMS 0x0000000085500000, 0x0000000085500000| Untracked 
|  86|0x0000000085600000, 0x0000000085600000, 0x0000000085700000|  0%| F|  |TAMS 0x0000000085600000, 0x0000000085600000| Untracked 
|  87|0x0000000085700000, 0x0000000085700000, 0x0000000085800000|  0%| F|  |TAMS 0x0000000085700000, 0x0000000085700000| Untracked 
|  88|0x0000000085800000, 0x0000000085800000, 0x0000000085900000|  0%| F|  |TAMS 0x0000000085800000, 0x0000000085800000| Untracked 
|  89|0x0000000085900000, 0x0000000085900000, 0x0000000085a00000|  0%| F|  |TAMS 0x0000000085900000, 0x0000000085900000| Untracked 
|  90|0x0000000085a00000, 0x0000000085a00000, 0x0000000085b00000|  0%| F|  |TAMS 0x0000000085a00000, 0x0000000085a00000| Untracked 
|  91|0x0000000085b00000, 0x0000000085b00000, 0x0000000085c00000|  0%| F|  |TAMS 0x0000000085b00000, 0x0000000085b00000| Untracked 
|  92|0x0000000085c00000, 0x0000000085c00000, 0x0000000085d00000|  0%| F|  |TAMS 0x0000000085c00000, 0x0000000085c00000| Untracked 
|  93|0x0000000085d00000, 0x0000000085d00000, 0x0000000085e00000|  0%| F|  |TAMS 0x0000000085d00000, 0x0000000085d00000| Untracked 
|  94|0x0000000085e00000, 0x0000000085e00000, 0x0000000085f00000|  0%| F|  |TAMS 0x0000000085e00000, 0x0000000085e00000| Untracked 
|  95|0x0000000085f00000, 0x0000000085f00000, 0x0000000086000000|  0%| F|  |TAMS 0x0000000085f00000, 0x0000000085f00000| Untracked 
|  96|0x0000000086000000, 0x0000000086000000, 0x0000000086100000|  0%| F|  |TAMS 0x0000000086000000, 0x0000000086000000| Untracked 
|  97|0x0000000086100000, 0x00000000861a1c78, 0x0000000086200000| 63%| E|  |TAMS 0x0000000086100000, 0x0000000086100000| Complete 
|  98|0x0000000086200000, 0x0000000086300000, 0x0000000086300000|100%| E|CS|TAMS 0x0000000086200000, 0x0000000086200000| Complete 
|  99|0x0000000086300000, 0x0000000086400000, 0x0000000086400000|100%| E|CS|TAMS 0x0000000086300000, 0x0000000086300000| Complete 
| 100|0x0000000086400000, 0x0000000086500000, 0x0000000086500000|100%| E|CS|TAMS 0x0000000086400000, 0x0000000086400000| Complete 
| 101|0x0000000086500000, 0x0000000086600000, 0x0000000086600000|100%| E|CS|TAMS 0x0000000086500000, 0x0000000086500000| Complete 
| 123|0x0000000087b00000, 0x0000000087c00000, 0x0000000087c00000|100%| E|CS|TAMS 0x0000000087b00000, 0x0000000087b00000| Complete 
| 124|0x0000000087c00000, 0x0000000087d00000, 0x0000000087d00000|100%| E|CS|TAMS 0x0000000087c00000, 0x0000000087c00000| Complete 
| 125|0x0000000087d00000, 0x0000000087e00000, 0x0000000087e00000|100%| E|CS|TAMS 0x0000000087d00000, 0x0000000087d00000| Complete 

Card table byte_map: [0x000001b2c70a0000,0x000001b2c74a0000] _byte_map_base: 0x000001b2c6ca0000

Marking Bits (Prev, Next): (CMBitMap*) 0x000001b2b01281c0, (CMBitMap*) 0x000001b2b0128180
 Prev Bits: [0x000001b2c98a0000, 0x000001b2cb8a0000)
 Next Bits: [0x000001b2c78a0000, 0x000001b2c98a0000)

Polling page: 0x000001b2ae020000

Metaspace:

Usage:
  Non-class:     55.97 MB used.
      Class:      8.95 MB used.
       Both:     64.92 MB used.

Virtual space:
  Non-class space:       64.00 MB reserved,      56.31 MB ( 88%) committed,  1 nodes.
      Class space:      416.00 MB reserved,       9.25 MB (  2%) committed,  1 nodes.
             Both:      480.00 MB reserved,      65.56 MB ( 14%) committed. 

Chunk freelists:
   Non-Class:  6.73 MB
       Class:  6.72 MB
        Both:  13.45 MB

MaxMetaspaceSize: 512.00 MB
CompressedClassSpaceSize: 416.00 MB
Initial GC threshold: 21.00 MB
Current GC threshold: 102.81 MB
CDS: on
MetaspaceReclaimPolicy: balanced
 - commit_granule_bytes: 65536.
 - commit_granule_words: 8192.
 - virtual_space_node_default_size: 8388608.
 - enlarge_chunks_in_place: 1.
 - new_chunks_are_fully_committed: 0.
 - uncommit_free_chunks: 1.
 - use_allocation_guard: 0.
 - handle_deallocations: 1.


Internal statistics:

num_allocs_failed_limit: 6.
num_arena_births: 766.
num_arena_deaths: 0.
num_vsnodes_births: 2.
num_vsnodes_deaths: 0.
num_space_committed: 1049.
num_space_uncommitted: 0.
num_chunks_returned_to_freelist: 6.
num_chunks_taken_from_freelist: 3431.
num_chunk_merges: 3.
num_chunk_splits: 2321.
num_chunks_enlarged: 1586.
num_purges: 0.
num_inconsistent_stats: 0.

CodeHeap 'non-profiled nmethods': size=120000Kb used=4479Kb max_used=4479Kb free=115520Kb
 bounds [0x000001b2bf440000, 0x000001b2bf8a0000, 0x000001b2c6970000]
CodeHeap 'profiled nmethods': size=120000Kb used=15989Kb max_used=15989Kb free=104010Kb
 bounds [0x000001b2b7970000, 0x000001b2b8910000, 0x000001b2beea0000]
CodeHeap 'non-nmethods': size=5760Kb used=2373Kb max_used=2428Kb free=3386Kb
 bounds [0x000001b2beea0000, 0x000001b2bf110000, 0x000001b2bf440000]
 total_blobs=8961 nmethods=8057 adapters=816
 compilation: enabled
              stopped_count=0, restarted_count=0
 full_count=0

Compilation events (20 events):
Event: 42.103 Thread 0x000001b2ce2c4210 8837       3       org.gradle.internal.service.DefaultServiceRegistry$ManagedObjectServiceProvider::<init> (21 bytes)
Event: 42.104 Thread 0x000001b2ce2c4210 nmethod 8837 0x000001b2b8906d10 code [0x000001b2b8906f00, 0x000001b2b89074d8]
Event: 42.104 Thread 0x000001b2ce2c4210 8838       3       org.gradle.api.internal.provider.Providers$FixedValueProvider::<init> (10 bytes)
Event: 42.104 Thread 0x000001b2ce2c4210 nmethod 8838 0x000001b2b8907690 code [0x000001b2b8907840, 0x000001b2b8907ab8]
Event: 42.106 Thread 0x000001b2ce2c4210 8839       3       java.lang.Class::isLocalClass (27 bytes)
Event: 42.107 Thread 0x000001b2ce2c4210 nmethod 8839 0x000001b2b8907c10 code [0x000001b2b8907e00, 0x000001b2b89081b8]
Event: 42.107 Thread 0x000001b2f138a780 nmethod 8808 0x000001b2bf897f10 code [0x000001b2bf898120, 0x000001b2bf899a28]
Event: 42.107 Thread 0x000001b2f138a780 8822       4       org.objectweb.asm.Frame::execute (2318 bytes)
Event: 42.130 Thread 0x000001b2ce2c4210 8840       3       java.lang.StringBuilder::toString (35 bytes)
Event: 42.130 Thread 0x000001b2ce2c4210 nmethod 8840 0x000001b2b8908310 code [0x000001b2b89084e0, 0x000001b2b89087b8]
Event: 42.252 Thread 0x000001b2ce2c4210 8842       3       java.util.HashMap$ValueSpliterator::characteristics (28 bytes)
Event: 42.252 Thread 0x000001b2ce2c4210 nmethod 8842 0x000001b2b8908890 code [0x000001b2b8908a40, 0x000001b2b8908c18]
Event: 42.280 Thread 0x000001b2ce2c1810 nmethod 8791 0x000001b2bf89a890 code [0x000001b2bf89ac20, 0x000001b2bf89e208]
Event: 42.280 Thread 0x000001b2ce2c1810 8841   !   4       java.net.URLClassLoader$1::run (81 bytes)
Event: 42.282 Thread 0x000001b2ce2c4210 8844       3       sun.reflect.annotation.AnnotationInvocationHandler::cloneArray (143 bytes)
Event: 42.283 Thread 0x000001b2ce2c4210 nmethod 8844 0x000001b2b8908d10 code [0x000001b2b8909000, 0x000001b2b890a488]
Event: 42.283 Thread 0x000001b2ce2c4210 8845       3       org.gradle.internal.instantiation.generator.AsmBackedClassGenerator$ClassBuilderImpl::access$1300 (4 bytes)
Event: 42.283 Thread 0x000001b2ce2c4210 nmethod 8845 0x000001b2b890a790 code [0x000001b2b890a920, 0x000001b2b890aa18]
Event: 42.288 Thread 0x000001b2ce2c4210 8846   !   3       org.gradle.internal.instantiation.generator.AsmBackedClassGenerator$ClassBuilderImpl::getAnnotationParameterValue (16 bytes)
Event: 42.288 Thread 0x000001b2ce2c4210 nmethod 8846 0x000001b2b890aa90 code [0x000001b2b890aca0, 0x000001b2b890b2c8]

GC Heap History (20 events):
Event: 33.591 GC heap before
{Heap before GC invocations=14 (full 0):
 garbage-first heap   total 89088K, used 70318K [0x0000000080000000, 0x0000000100000000)
  region size 1024K, 27 young (27648K), 2 survivors (2048K)
 Metaspace       used 49441K, committed 50048K, reserved 491520K
  class space    used 6903K, committed 7168K, reserved 425984K
}
Event: 33.595 GC heap after
{Heap after GC invocations=15 (full 0):
 garbage-first heap   total 89088K, used 46072K [0x0000000080000000, 0x0000000100000000)
  region size 1024K, 3 young (3072K), 3 survivors (3072K)
 Metaspace       used 49441K, committed 50048K, reserved 491520K
  class space    used 6903K, committed 7168K, reserved 425984K
}
Event: 34.197 GC heap before
{Heap before GC invocations=16 (full 0):
 garbage-first heap   total 89088K, used 70648K [0x0000000080000000, 0x0000000100000000)
  region size 1024K, 28 young (28672K), 3 survivors (3072K)
 Metaspace       used 52534K, committed 53120K, reserved 491520K
  class space    used 7333K, committed 7616K, reserved 425984K
}
Event: 34.203 GC heap after
{Heap after GC invocations=17 (full 0):
 garbage-first heap   total 89088K, used 47683K [0x0000000080000000, 0x0000000100000000)
  region size 1024K, 3 young (3072K), 3 survivors (3072K)
 Metaspace       used 52534K, committed 53120K, reserved 491520K
  class space    used 7333K, committed 7616K, reserved 425984K
}
Event: 36.834 GC heap before
{Heap before GC invocations=17 (full 0):
 garbage-first heap   total 89088K, used 71235K [0x0000000080000000, 0x0000000100000000)
  region size 1024K, 27 young (27648K), 3 survivors (3072K)
 Metaspace       used 54433K, committed 55104K, reserved 491520K
  class space    used 7559K, committed 7872K, reserved 425984K
}
Event: 36.839 GC heap after
{Heap after GC invocations=18 (full 0):
 garbage-first heap   total 89088K, used 49396K [0x0000000080000000, 0x0000000100000000)
  region size 1024K, 4 young (4096K), 4 survivors (4096K)
 Metaspace       used 54433K, committed 55104K, reserved 491520K
  class space    used 7559K, committed 7872K, reserved 425984K
}
Event: 38.015 GC heap before
{Heap before GC invocations=19 (full 0):
 garbage-first heap   total 89088K, used 72948K [0x0000000080000000, 0x0000000100000000)
  region size 1024K, 27 young (27648K), 4 survivors (4096K)
 Metaspace       used 56535K, committed 57216K, reserved 491520K
  class space    used 7858K, committed 8192K, reserved 425984K
}
Event: 38.019 GC heap after
{Heap after GC invocations=20 (full 0):
 garbage-first heap   total 89088K, used 50730K [0x0000000080000000, 0x0000000100000000)
  region size 1024K, 3 young (3072K), 3 survivors (3072K)
 Metaspace       used 56535K, committed 57216K, reserved 491520K
  class space    used 7858K, committed 8192K, reserved 425984K
}
Event: 38.622 GC heap before
{Heap before GC invocations=20 (full 0):
 garbage-first heap   total 89088K, used 73258K [0x0000000080000000, 0x0000000100000000)
  region size 1024K, 25 young (25600K), 3 survivors (3072K)
 Metaspace       used 58050K, committed 58688K, reserved 491520K
  class space    used 8107K, committed 8384K, reserved 425984K
}
Event: 38.627 GC heap after
{Heap after GC invocations=21 (full 0):
 garbage-first heap   total 89088K, used 52682K [0x0000000080000000, 0x0000000100000000)
  region size 1024K, 4 young (4096K), 4 survivors (4096K)
 Metaspace       used 58050K, committed 58688K, reserved 491520K
  class space    used 8107K, committed 8384K, reserved 425984K
}
Event: 39.448 GC heap before
{Heap before GC invocations=22 (full 0):
 garbage-first heap   total 94208K, used 72138K [0x0000000080000000, 0x0000000100000000)
  region size 1024K, 23 young (23552K), 4 survivors (4096K)
 Metaspace       used 59303K, committed 59968K, reserved 491520K
  class space    used 8281K, committed 8576K, reserved 425984K
}
Event: 39.454 GC heap after
{Heap after GC invocations=23 (full 0):
 garbage-first heap   total 94208K, used 54789K [0x0000000080000000, 0x0000000100000000)
  region size 1024K, 3 young (3072K), 3 survivors (3072K)
 Metaspace       used 59303K, committed 59968K, reserved 491520K
  class space    used 8281K, committed 8576K, reserved 425984K
}
Event: 40.329 GC heap before
{Heap before GC invocations=23 (full 0):
 garbage-first heap   total 94208K, used 75269K [0x0000000080000000, 0x0000000100000000)
  region size 1024K, 24 young (24576K), 3 survivors (3072K)
 Metaspace       used 61138K, committed 61760K, reserved 491520K
  class space    used 8545K, committed 8832K, reserved 425984K
}
Event: 40.336 GC heap after
{Heap after GC invocations=24 (full 0):
 garbage-first heap   total 94208K, used 57760K [0x0000000080000000, 0x0000000100000000)
  region size 1024K, 3 young (3072K), 3 survivors (3072K)
 Metaspace       used 61138K, committed 61760K, reserved 491520K
  class space    used 8545K, committed 8832K, reserved 425984K
}
Event: 41.107 GC heap before
{Heap before GC invocations=25 (full 0):
 garbage-first heap   total 102400K, used 76192K [0x0000000080000000, 0x0000000100000000)
  region size 1024K, 22 young (22528K), 3 survivors (3072K)
 Metaspace       used 62404K, committed 63040K, reserved 491520K
  class space    used 8697K, committed 8960K, reserved 425984K
}
Event: 41.112 GC heap after
{Heap after GC invocations=26 (full 0):
 garbage-first heap   total 102400K, used 60385K [0x0000000080000000, 0x0000000100000000)
  region size 1024K, 3 young (3072K), 3 survivors (3072K)
 Metaspace       used 62404K, committed 63040K, reserved 491520K
  class space    used 8697K, committed 8960K, reserved 425984K
}
Event: 41.376 GC heap before
{Heap before GC invocations=26 (full 0):
 garbage-first heap   total 102400K, used 65505K [0x0000000080000000, 0x0000000100000000)
  region size 1024K, 10 young (10240K), 3 survivors (3072K)
 Metaspace       used 62451K, committed 63168K, reserved 491520K
  class space    used 8700K, committed 9024K, reserved 425984K
}
Event: 41.380 GC heap after
{Heap after GC invocations=27 (full 0):
 garbage-first heap   total 102400K, used 60988K [0x0000000080000000, 0x0000000100000000)
  region size 1024K, 1 young (1024K), 1 survivors (1024K)
 Metaspace       used 62451K, committed 63168K, reserved 491520K
  class space    used 8700K, committed 9024K, reserved 425984K
}
Event: 42.163 GC heap before
{Heap before GC invocations=28 (full 0):
 garbage-first heap   total 107520K, used 85564K [0x0000000080000000, 0x0000000100000000)
  region size 1024K, 24 young (24576K), 1 survivors (1024K)
 Metaspace       used 65347K, committed 66048K, reserved 491520K
  class space    used 9027K, committed 9344K, reserved 425984K
}
Event: 42.167 GC heap after
{Heap after GC invocations=29 (full 0):
 garbage-first heap   total 107520K, used 66229K [0x0000000080000000, 0x0000000100000000)
  region size 1024K, 3 young (3072K), 3 survivors (3072K)
 Metaspace       used 65347K, committed 66048K, reserved 491520K
  class space    used 9027K, committed 9344K, reserved 425984K
}

Deoptimization events (20 events):
Event: 42.014 Thread 0x000001b2ee9e9150 Uncommon trap: trap_request=0xffffffde fr.pc=0x000001b2bf73e0d8 relative=0x0000000000000378
Event: 42.014 Thread 0x000001b2ee9e9150 Uncommon trap: reason=class_check action=maybe_recompile pc=0x000001b2bf73e0d8 method=java.util.stream.AbstractPipeline.copyIntoWithCancel(Ljava/util/stream/Sink;Ljava/util/Spliterator;)Z @ 32 c2
Event: 42.014 Thread 0x000001b2ee9e9150 DEOPT PACKING pc=0x000001b2bf73e0d8 sp=0x000000ad2fcf5a70
Event: 42.014 Thread 0x000001b2ee9e9150 DEOPT UNPACKING pc=0x000001b2beef23a3 sp=0x000000ad2fcf5930 mode 2
Event: 42.014 Thread 0x000001b2ee9e9150 Uncommon trap: trap_request=0xffffffde fr.pc=0x000001b2bf73e0d8 relative=0x0000000000000378
Event: 42.014 Thread 0x000001b2ee9e9150 Uncommon trap: reason=class_check action=maybe_recompile pc=0x000001b2bf73e0d8 method=java.util.stream.AbstractPipeline.copyIntoWithCancel(Ljava/util/stream/Sink;Ljava/util/Spliterator;)Z @ 32 c2
Event: 42.014 Thread 0x000001b2ee9e9150 DEOPT PACKING pc=0x000001b2bf73e0d8 sp=0x000000ad2fcf5a70
Event: 42.014 Thread 0x000001b2ee9e9150 DEOPT UNPACKING pc=0x000001b2beef23a3 sp=0x000000ad2fcf5930 mode 2
Event: 42.074 Thread 0x000001b2ee9e9150 Uncommon trap: trap_request=0xffffffde fr.pc=0x000001b2bf760e2c relative=0x00000000000004ac
Event: 42.074 Thread 0x000001b2ee9e9150 Uncommon trap: reason=class_check action=maybe_recompile pc=0x000001b2bf760e2c method=org.gradle.internal.instantiation.generator.AbstractClassGenerator$InjectionAnnotationValidator.validateMethod(Ljava/lang/reflect/Method;Lorg/gradle/internal/reflect/Pro
Event: 42.074 Thread 0x000001b2ee9e9150 DEOPT PACKING pc=0x000001b2bf760e2c sp=0x000000ad2fcf73c0
Event: 42.074 Thread 0x000001b2ee9e9150 DEOPT UNPACKING pc=0x000001b2beef23a3 sp=0x000000ad2fcf7388 mode 2
Event: 42.074 Thread 0x000001b2ee9e9150 Uncommon trap: trap_request=0xffffffde fr.pc=0x000001b2bf5443a0 relative=0x00000000000054a0
Event: 42.074 Thread 0x000001b2ee9e9150 Uncommon trap: reason=class_check action=maybe_recompile pc=0x000001b2bf5443a0 method=com.google.common.reflect.TypeVisitor.visit([Ljava/lang/reflect/Type;)V @ 99 c2
Event: 42.074 Thread 0x000001b2ee9e9150 DEOPT PACKING pc=0x000001b2bf5443a0 sp=0x000000ad2fcf70d0
Event: 42.074 Thread 0x000001b2ee9e9150 DEOPT UNPACKING pc=0x000001b2beef23a3 sp=0x000000ad2fcf7100 mode 2
Event: 42.074 Thread 0x000001b2ee9e9150 Uncommon trap: trap_request=0xffffffde fr.pc=0x000001b2bf545a94 relative=0x0000000000006b94
Event: 42.074 Thread 0x000001b2ee9e9150 Uncommon trap: reason=class_check action=maybe_recompile pc=0x000001b2bf545a94 method=com.google.common.reflect.TypeVisitor.visit([Ljava/lang/reflect/Type;)V @ 96 c2
Event: 42.074 Thread 0x000001b2ee9e9150 DEOPT PACKING pc=0x000001b2bf545a94 sp=0x000000ad2fcf70c0
Event: 42.074 Thread 0x000001b2ee9e9150 DEOPT UNPACKING pc=0x000001b2beef23a3 sp=0x000000ad2fcf70f0 mode 2

Classes unloaded (0 events):
No events

Classes redefined (0 events):
No events

Internal exceptions (20 events):
Event: 38.028 Thread 0x000001b2ee9e9150 Exception <a 'java/lang/ClassNotFoundException'{0x0000000087d91498}: org/gradle/api/internal/DefaultNamedDomainObjectListCustomizer> (0x0000000087d91498) 
thrown [s\open\src\hotspot\share\classfile\systemDictionary.cpp, line 256]
Event: 38.031 Thread 0x000001b2ee9e9150 Exception <a 'java/lang/ClassNotFoundException'{0x0000000087dc45b8}: org/gradle/api/internal/artifacts/DefaultArtifactRepositoryContainerCustomizer> (0x0000000087dc45b8) 
thrown [s\open\src\hotspot\share\classfile\systemDictionary.cpp, line 256]
Event: 38.033 Thread 0x000001b2ee9e9150 Exception <a 'java/lang/ClassNotFoundException'{0x0000000087def770}: org/gradle/api/internal/artifacts/dsl/DefaultRepositoryHandlerCustomizer> (0x0000000087def770) 
thrown [s\open\src\hotspot\share\classfile\systemDictionary.cpp, line 256]
Event: 38.037 Thread 0x000001b2ee9e9150 Exception <a 'java/lang/ClassNotFoundException'{0x0000000087c27850}: org/gradle/api/internal/artifacts/dsl/DefaultRepositoryHandler_DecoratedCustomizer> (0x0000000087c27850) 
thrown [s\open\src\hotspot\share\classfile\systemDictionary.cpp, line 256]
Event: 38.048 Thread 0x000001b2ee9e9150 Exception <a 'java/lang/ClassNotFoundException'{0x0000000087cb9508}: org/gradle/api/internal/artifacts/dsl/dependencies/DefaultDependencyHandler_DecoratedBeanInfo> (0x0000000087cb9508) 
thrown [s\open\src\hotspot\share\classfile\systemDictionary.cpp, line 256]
Event: 38.049 Thread 0x000001b2ee9e9150 Exception <a 'java/lang/ClassNotFoundException'{0x0000000087cd1638}: org/gradle/api/internal/artifacts/dsl/dependencies/DefaultDependencyHandlerBeanInfo> (0x0000000087cd1638) 
thrown [s\open\src\hotspot\share\classfile\systemDictionary.cpp, line 256]
Event: 38.051 Thread 0x000001b2ee9e9150 Exception <a 'java/lang/ClassNotFoundException'{0x0000000087ce8f70}: org/gradle/api/internal/artifacts/dsl/dependencies/DefaultDependencyHandlerCustomizer> (0x0000000087ce8f70) 
thrown [s\open\src\hotspot\share\classfile\systemDictionary.cpp, line 256]
Event: 38.054 Thread 0x000001b2ee9e9150 Exception <a 'java/lang/ClassNotFoundException'{0x0000000087b281a8}: org/gradle/api/internal/artifacts/dsl/dependencies/DefaultDependencyHandler_DecoratedCustomizer> (0x0000000087b281a8) 
thrown [s\open\src\hotspot\share\classfile\systemDictionary.cpp, line 256]
Event: 38.890 Thread 0x000001b2ee9e9150 Exception <a 'java/lang/NoSuchMethodError'{0x0000000085d65298}: 'java.lang.Object java.lang.invoke.DirectMethodHandle$Holder.newInvokeSpecial(java.lang.Object, java.lang.Object, java.lang.Object, java.lang.Object, java.lang.Object, java.lang.Object, java.lang.Object, java.lang.Object, java.lang.Object)'> (0x0000000085d65298) 
thrown [s\open\src\hotspot\share\interpreter\linkResolver.cpp, line 759]
Event: 38.891 Thread 0x000001b2ee9e9150 Exception <a 'java/lang/NoSuchMethodError'{0x0000000085d6af38}: 'java.lang.Object java.lang.invoke.Invokers$Holder.linkToTargetMethod(java.lang.Object, java.lang.Object, java.lang.Object, java.lang.Object, java.lang.Object, java.lang.Object, java.lang.Object, java.lang.Object, java.lang.Object)'> (0x0000000085d6af38) 
thrown [s\open\src\hotspot\share\interpreter\linkResolver.cpp, line 759]
Event: 39.439 Thread 0x000001b2ee7cd320 Exception <a 'java/lang/NoSuchMethodError'{0x00000000849cf5e0}: 'java.lang.Object java.lang.invoke.DirectMethodHandle$Holder.newInvokeSpecial(java.lang.Object, java.lang.Object, java.lang.Object, java.lang.Object, int, java.lang.Object)'> (0x00000000849cf5e0) 
thrown [s\open\src\hotspot\share\interpreter\linkResolver.cpp, line 759]
Event: 39.439 Thread 0x000001b2ee7cd320 Exception <a 'java/lang/NoSuchMethodError'{0x00000000849d3900}: 'java.lang.Object java.lang.invoke.Invokers$Holder.linkToTargetMethod(java.lang.Object, java.lang.Object, java.lang.Object, int, java.lang.Object, java.lang.Object)'> (0x00000000849d3900) 
thrown [s\open\src\hotspot\share\interpreter\linkResolver.cpp, line 759]
Event: 39.476 Thread 0x000001b2ee7cd320 Exception <a 'java/lang/NoSuchMethodError'{0x0000000087d467f0}: 'void java.lang.invoke.DirectMethodHandle$Holder.invokeInterface(java.lang.Object, java.lang.Object, java.lang.Object, java.lang.Object)'> (0x0000000087d467f0) 
thrown [s\open\src\hotspot\share\interpreter\linkResolver.cpp, line 759]
Event: 39.597 Thread 0x000001b2ee7cd320 Exception <a 'java/lang/NoSuchMethodError'{0x0000000087b67958}: 'int java.lang.invoke.DirectMethodHandle$Holder.invokeSpecial(java.lang.Object, java.lang.Object, java.lang.Object, java.lang.Object, java.lang.Object)'> (0x0000000087b67958) 
thrown [s\open\src\hotspot\share\interpreter\linkResolver.cpp, line 759]
Event: 40.713 Thread 0x000001b2ee7cd320 Exception <a 'sun/nio/fs/WindowsException'{0x000000008594e230}> (0x000000008594e230) 
thrown [s\open\src\hotspot\share\prims\jni.cpp, line 516]
Event: 40.715 Thread 0x000001b2ee7cd320 Exception <a 'sun/nio/fs/WindowsException'{0x00000000859508c8}> (0x00000000859508c8) 
thrown [s\open\src\hotspot\share\prims\jni.cpp, line 516]
Event: 40.716 Thread 0x000001b2ee7cd320 Exception <a 'sun/nio/fs/WindowsException'{0x0000000085952d18}> (0x0000000085952d18) 
thrown [s\open\src\hotspot\share\prims\jni.cpp, line 516]
Event: 40.717 Thread 0x000001b2ee7cd320 Exception <a 'sun/nio/fs/WindowsException'{0x0000000085954d80}> (0x0000000085954d80) 
thrown [s\open\src\hotspot\share\prims\jni.cpp, line 516]
Event: 41.370 Thread 0x000001b2ee9e9150 Exception <a 'java/lang/ClassNotFoundException'{0x0000000085d2ec10}: build_f1gi91w4d1awt3j5c4qawxkesBeanInfo> (0x0000000085d2ec10) 
thrown [s\open\src\hotspot\share\classfile\systemDictionary.cpp, line 256]
Event: 41.370 Thread 0x000001b2ee9e9150 Exception <a 'java/lang/ClassNotFoundException'{0x0000000085d357b0}: build_f1gi91w4d1awt3j5c4qawxkesCustomizer> (0x0000000085d357b0) 
thrown [s\open\src\hotspot\share\classfile\systemDictionary.cpp, line 256]

VM Operations (20 events):
Event: 40.411 Executing VM operation: G1Concurrent
Event: 40.416 Executing VM operation: G1Concurrent done
Event: 40.454 Executing VM operation: G1Concurrent
Event: 40.454 Executing VM operation: G1Concurrent done
Event: 40.541 Executing VM operation: HandshakeAllThreads
Event: 40.541 Executing VM operation: HandshakeAllThreads done
Event: 40.706 Executing VM operation: HandshakeAllThreads
Event: 40.706 Executing VM operation: HandshakeAllThreads done
Event: 40.714 Executing VM operation: HandshakeAllThreads
Event: 40.714 Executing VM operation: HandshakeAllThreads done
Event: 41.106 Executing VM operation: G1CollectForAllocation
Event: 41.113 Executing VM operation: G1CollectForAllocation done
Event: 41.376 Executing VM operation: G1TryInitiateConcMark
Event: 41.380 Executing VM operation: G1TryInitiateConcMark done
Event: 41.467 Executing VM operation: G1Concurrent
Event: 41.494 Executing VM operation: G1Concurrent done
Event: 41.537 Executing VM operation: G1Concurrent
Event: 41.553 Executing VM operation: G1Concurrent done
Event: 42.162 Executing VM operation: G1CollectForAllocation
Event: 42.167 Executing VM operation: G1CollectForAllocation done

Events (20 events):
Event: 40.845 Thread 0x000001b2f1ac7e70 Thread added: 0x000001b2f1ac7e70
Event: 40.845 Thread 0x000001b2f1acd510 Thread added: 0x000001b2f1acd510
Event: 40.846 Thread 0x000001b2f1acb360 Thread added: 0x000001b2f1acb360
Event: 40.846 Thread 0x000001b2f1acc6a0 Thread added: 0x000001b2f1acc6a0
Event: 41.295 loading class jdk/internal/access/foreign/MemorySegmentProxy
Event: 41.295 loading class jdk/internal/access/foreign/MemorySegmentProxy done
Event: 41.703 Thread 0x000001b2f2729940 Thread exited: 0x000001b2f2729940
Event: 41.865 Thread 0x000001b2f138a780 Thread added: 0x000001b2f138a780
Event: 41.989 loading class sun/nio/ch/ChannelInputStream
Event: 41.990 loading class sun/nio/ch/ChannelInputStream done
Event: 42.013 loading class sun/text/resources/cldr/FormatData_en
Event: 42.013 loading class sun/text/resources/cldr/FormatData_en done
Event: 42.013 loading class sun/text/resources/cldr/FormatData_en_US
Event: 42.013 loading class sun/text/resources/cldr/FormatData_en_US done
Event: 42.266 loading class java/util/Collections$SynchronizedRandomAccessList
Event: 42.266 loading class java/util/Collections$SynchronizedList
Event: 42.266 loading class java/util/Collections$SynchronizedList done
Event: 42.266 loading class java/util/Collections$SynchronizedRandomAccessList done
Event: 42.270 loading class java/util/concurrent/Executors$DefaultThreadFactory
Event: 42.271 loading class java/util/concurrent/Executors$DefaultThreadFactory done


Dynamic libraries:
0x00007ff7ce320000 - 0x00007ff7ce330000 	D:\jdk\bin\java.exe
0x00007ffb60ad0000 - 0x00007ffb60cc8000 	C:\WINDOWS\SYSTEM32\ntdll.dll
0x00007ffb5efb0000 - 0x00007ffb5f06d000 	C:\WINDOWS\System32\KERNEL32.DLL
0x00007ffb5e4f0000 - 0x00007ffb5e7e6000 	C:\WINDOWS\System32\KERNELBASE.dll
0x00007ffb5e1b0000 - 0x00007ffb5e2b0000 	C:\WINDOWS\System32\ucrtbase.dll
0x00007ffb3f520000 - 0x00007ffb3f539000 	D:\jdk\bin\jli.dll
0x00007ffb3ed90000 - 0x00007ffb3edab000 	D:\jdk\bin\VCRUNTIME140.dll
0x00007ffb602e0000 - 0x00007ffb6038f000 	C:\WINDOWS\System32\ADVAPI32.dll
0x00007ffb5fa40000 - 0x00007ffb5fade000 	C:\WINDOWS\System32\msvcrt.dll
0x00007ffb5ebe0000 - 0x00007ffb5ec7c000 	C:\WINDOWS\System32\sechost.dll
0x00007ffb60790000 - 0x00007ffb608b6000 	C:\WINDOWS\System32\RPCRT4.dll
0x00007ffb5ee10000 - 0x00007ffb5efae000 	C:\WINDOWS\System32\USER32.dll
0x00007ffb5e990000 - 0x00007ffb5e9b2000 	C:\WINDOWS\System32\win32u.dll
0x00007ffb60a60000 - 0x00007ffb60a8c000 	C:\WINDOWS\System32\GDI32.dll
0x00007ffb5e9c0000 - 0x00007ffb5eada000 	C:\WINDOWS\System32\gdi32full.dll
0x00007ffb5e8f0000 - 0x00007ffb5e98d000 	C:\WINDOWS\System32\msvcp_win.dll
0x00007ffb38940000 - 0x00007ffb38bda000 	C:\WINDOWS\WinSxS\amd64_microsoft.windows.common-controls_6595b64144ccf1df_6.0.19041.3636_none_60b6a03d71f818d5\COMCTL32.dll
0x00007ffb525e0000 - 0x00007ffb525ea000 	C:\WINDOWS\SYSTEM32\VERSION.dll
0x00007ffb5fa10000 - 0x00007ffb5fa40000 	C:\WINDOWS\System32\IMM32.DLL
0x00007ffb54020000 - 0x00007ffb5402c000 	D:\jdk\bin\vcruntime140_1.dll
0x00007ffb326c0000 - 0x00007ffb3274e000 	D:\jdk\bin\msvcp140.dll
0x00007ffb0b660000 - 0x00007ffb0c23e000 	D:\jdk\bin\server\jvm.dll
0x00007ffb60620000 - 0x00007ffb60628000 	C:\WINDOWS\System32\PSAPI.DLL
0x00007ffb3f5e0000 - 0x00007ffb3f5e9000 	C:\WINDOWS\SYSTEM32\WSOCK32.dll
0x00007ffb60400000 - 0x00007ffb6046b000 	C:\WINDOWS\System32\WS2_32.dll
0x00007ffb41e20000 - 0x00007ffb41e47000 	C:\WINDOWS\SYSTEM32\WINMM.dll
0x00007ffb5ca00000 - 0x00007ffb5ca12000 	C:\WINDOWS\SYSTEM32\kernel.appcore.dll
0x00007ffb53e70000 - 0x00007ffb53e7a000 	D:\jdk\bin\jimage.dll
0x00007ffb5bd70000 - 0x00007ffb5bf54000 	C:\WINDOWS\SYSTEM32\DBGHELP.DLL
0x00007ffb39260000 - 0x00007ffb39294000 	C:\WINDOWS\SYSTEM32\dbgcore.DLL
0x00007ffb5e7f0000 - 0x00007ffb5e872000 	C:\WINDOWS\System32\bcryptPrimitives.dll
0x00007ffb3c360000 - 0x00007ffb3c385000 	D:\jdk\bin\java.dll
0x00007ffb1be80000 - 0x00007ffb1bf57000 	D:\jdk\bin\jsvml.dll
0x00007ffb5fb90000 - 0x00007ffb602d4000 	C:\WINDOWS\System32\SHELL32.dll
0x00007ffb5c250000 - 0x00007ffb5c9eb000 	C:\WINDOWS\SYSTEM32\windows.storage.dll
0x00007ffb5f4e0000 - 0x00007ffb5f834000 	C:\WINDOWS\System32\combase.dll
0x00007ffb5dbf0000 - 0x00007ffb5dc1d000 	C:\WINDOWS\SYSTEM32\Wldp.dll
0x00007ffb5fae0000 - 0x00007ffb5fb8d000 	C:\WINDOWS\System32\SHCORE.dll
0x00007ffb603a0000 - 0x00007ffb603f5000 	C:\WINDOWS\System32\shlwapi.dll
0x00007ffb5e0e0000 - 0x00007ffb5e105000 	C:\WINDOWS\SYSTEM32\profapi.dll
0x00007ffb3b660000 - 0x00007ffb3b679000 	D:\jdk\bin\net.dll
0x00007ffb5b190000 - 0x00007ffb5b29a000 	C:\WINDOWS\SYSTEM32\WINHTTP.dll
0x00007ffb5d950000 - 0x00007ffb5d9ba000 	C:\WINDOWS\system32\mswsock.dll
0x00007ffb3b640000 - 0x00007ffb3b656000 	D:\jdk\bin\nio.dll
0x00007ffb3b620000 - 0x00007ffb3b638000 	D:\jdk\bin\zip.dll
0x00007ffb53da0000 - 0x00007ffb53db0000 	D:\jdk\bin\verify.dll
0x00007ffb3acb0000 - 0x00007ffb3acd7000 	C:\Users\Mmjiang\.gradle\native\68d5fa5c4cc2d200863cafc0d521ce42e7d3e7ee720ec0a83991735586a16f82\windows-amd64\native-platform.dll
0x00007ffb16010000 - 0x00007ffb16154000 	C:\Users\Mmjiang\.gradle\native\e376f236ea51e6404a007f0833ffe2c6e607c4080706a723a18a27aeea778392\windows-amd64\native-platform-file-events.dll
0x00007ffb53cb0000 - 0x00007ffb53cba000 	D:\jdk\bin\management.dll
0x00007ffb53190000 - 0x00007ffb5319b000 	D:\jdk\bin\management_ext.dll
0x00007ffb5db40000 - 0x00007ffb5db58000 	C:\WINDOWS\SYSTEM32\CRYPTSP.dll
0x00007ffb5d210000 - 0x00007ffb5d244000 	C:\WINDOWS\system32\rsaenh.dll
0x00007ffb5e2b0000 - 0x00007ffb5e2d7000 	C:\WINDOWS\System32\bcrypt.dll
0x00007ffb5e060000 - 0x00007ffb5e08e000 	C:\WINDOWS\SYSTEM32\USERENV.dll
0x00007ffb5db60000 - 0x00007ffb5db6c000 	C:\WINDOWS\SYSTEM32\CRYPTBASE.dll
0x00007ffb5d5f0000 - 0x00007ffb5d62b000 	C:\WINDOWS\SYSTEM32\IPHLPAPI.DLL
0x00007ffb606f0000 - 0x00007ffb606f8000 	C:\WINDOWS\System32\NSI.dll
0x00007ffb543f0000 - 0x00007ffb54407000 	C:\WINDOWS\SYSTEM32\dhcpcsvc6.DLL
0x00007ffb54360000 - 0x00007ffb5437d000 	C:\WINDOWS\SYSTEM32\dhcpcsvc.DLL
0x00007ffb5d640000 - 0x00007ffb5d70a000 	C:\WINDOWS\SYSTEM32\DNSAPI.dll
0x00007ffb525d0000 - 0x00007ffb525de000 	D:\jdk\bin\sunmscapi.dll
0x00007ffb5e390000 - 0x00007ffb5e4ed000 	C:\WINDOWS\System32\CRYPT32.dll
0x00007ffb5dc60000 - 0x00007ffb5dc87000 	C:\WINDOWS\SYSTEM32\ncrypt.dll
0x00007ffb5dc20000 - 0x00007ffb5dc5b000 	C:\WINDOWS\SYSTEM32\NTASN1.dll
0x00007ffb4d3d0000 - 0x00007ffb4d3d7000 	C:\WINDOWS\system32\wshunix.dll

dbghelp: loaded successfully - version: 4.0.5 - missing functions: none
symbol engine: initialized successfully - sym options: 0x614 - pdb path: .;D:\jdk\bin;C:\WINDOWS\SYSTEM32;C:\WINDOWS\WinSxS\amd64_microsoft.windows.common-controls_6595b64144ccf1df_6.0.19041.3636_none_60b6a03d71f818d5;D:\jdk\bin\server;C:\Users\Mmjiang\.gradle\native\68d5fa5c4cc2d200863cafc0d521ce42e7d3e7ee720ec0a83991735586a16f82\windows-amd64;C:\Users\Mmjiang\.gradle\native\e376f236ea51e6404a007f0833ffe2c6e607c4080706a723a18a27aeea778392\windows-amd64

VM Arguments:
jvm_args: -XX:MaxMetaspaceSize=512m --add-opens=java.base/java.util=ALL-UNNAMED --add-opens=java.base/java.lang=ALL-UNNAMED --add-opens=java.base/java.lang.invoke=ALL-UNNAMED --add-opens=java.prefs/java.util.prefs=ALL-UNNAMED --add-opens=java.base/java.nio.charset=ALL-UNNAMED --add-opens=java.base/java.net=ALL-UNNAMED --add-opens=java.base/java.util.concurrent.atomic=ALL-UNNAMED -Xmx2048m -Dfile.encoding=GBK -Duser.country=CN -Duser.language=zh -Duser.variant 
java_command: org.gradle.launcher.daemon.bootstrap.GradleDaemon 8.0.1
java_class_path (initial): C:\Users\Mmjiang\.gradle\wrapper\dists\gradle-8.0.1-all\aro4hu1c3oeioove7l0i4i14o\gradle-8.0.1\lib\gradle-launcher-8.0.1.jar
Launcher Type: SUN_STANDARD

[Global flags]
     intx CICompilerCount                          = 4                                         {product} {ergonomic}
   size_t CompressedClassSpaceSize                 = 436207616                                 {product} {ergonomic}
     uint ConcGCThreads                            = 2                                         {product} {ergonomic}
     uint G1ConcRefinementThreads                  = 8                                         {product} {ergonomic}
   size_t G1HeapRegionSize                         = 1048576                                   {product} {ergonomic}
    uintx GCDrainStackTargetSize                   = 64                                        {product} {ergonomic}
   size_t InitialHeapSize                          = 132120576                                 {product} {ergonomic}
   size_t MarkStackSize                            = 4194304                                   {product} {ergonomic}
   size_t MaxHeapSize                              = 2147483648                                {product} {command line}
   size_t MaxMetaspaceSize                         = 536870912                                 {product} {command line}
   size_t MaxNewSize                               = 1287651328                                {product} {ergonomic}
   size_t MinHeapDeltaBytes                        = 1048576                                   {product} {ergonomic}
   size_t MinHeapSize                              = 8388608                                   {product} {ergonomic}
    uintx NonNMethodCodeHeapSize                   = 5839372                                {pd product} {ergonomic}
    uintx NonProfiledCodeHeapSize                  = 122909434                              {pd product} {ergonomic}
    uintx ProfiledCodeHeapSize                     = 122909434                              {pd product} {ergonomic}
    uintx ReservedCodeCacheSize                    = 251658240                              {pd product} {ergonomic}
     bool SegmentedCodeCache                       = true                                      {product} {ergonomic}
   size_t SoftMaxHeapSize                          = 2147483648                             {manageable} {ergonomic}
     bool UseCompressedClassPointers               = true                           {product lp64_product} {ergonomic}
     bool UseCompressedOops                        = true                           {product lp64_product} {ergonomic}
     bool UseG1GC                                  = true                                      {product} {ergonomic}
     bool UseLargePagesIndividualAllocation        = false                                  {pd product} {ergonomic}

Logging:
Log output configuration:
 #0: stdout all=warning uptime,level,tags
 #1: stderr all=off uptime,level,tags

Environment Variables:
JAVA_HOME=D:\jdk
CLASSPATH=C:\Users\Mmjiang\Desktop\AwesomeProject\android\\gradle\wrapper\gradle-wrapper.jar
PATH=C:\Users\Mmjiang\Desktop\AwesomeProject\node_modules\.bin;C:\Users\Mmjiang\Desktop\AwesomeProject\node_modules\.bin;C:\Users\Mmjiang\Desktop\node_modules\.bin;C:\Users\Mmjiang\node_modules\.bin;C:\Users\node_modules\.bin;C:\node_modules\.bin;C:\Users\Mmjiang\AppData\Roaming\npm\node_modules\npm\node_modules\@npmcli\run-script\lib\node-gyp-bin;C:\Users\Mmjiang\AppData\Local\Temp\yarn--1702821873494-0.8309053957176225;C:\Users\Mmjiang\Desktop\AwesomeProject\node_modules\.bin;C:\Users\Mmjiang\AppData\Local\Yarn\Data\link\node_modules\.bin;C:\Users\Mmjiang\AppData\Local\Yarn\bin;D:\libexec\lib\node_modules\npm\bin\node-gyp-bin;D:\lib\node_modules\npm\bin\node-gyp-bin;D:\nodejs\node_modules\npm\bin\node-gyp-bin;C:\Program Files\Common Files\Oracle\Java\javapath;C:\Python311\Scripts\;C:\Python311\;D:\bin\;C:\WINDOWS\system32;C:\WINDOWS;C:\WINDOWS\System32\Wbem;C:\WINDOWS\System32\WindowsPowerShell\v1.0\;C:\WINDOWS\System32\OpenSSH\;C:\Program Files\MySQL\MySQL Server 5.7\bin;D:\;C:\ProgramData\chocolatey\bin;D:\nodejs\;D:\android-sdk\Sdk\emulator;D:\android-sdk\Sdk\platform-tools;D:\android-sdk\Sdk\cmdline-tools\10.0\bin;D:\LLVM\bin;C:\Users\Mmjiang\AppData\Local\Programs\Python\Python37\Scripts\;C:\Users\Mmjiang\AppData\Local\Programs\Python\Python37\;C:\Users\Mmjiang\AppData\Local\Microsoft\WindowsApps;C:\Program Files (x86)\SSH Communications Security\SSH Secure Shell;C:\Users\Mmjiang\AppData\Local\Pandoc\;D:\MiTeX\miktex\bin\x64\;C:\Users\Mmjiang\Desktop\G\bin;C:\Program Files (x86)\Tencent\WeChat\;C:\Program Files\Bandizip\;D:\Git\cmd;D:\Mogoose\bin;D:\CLion 2023.2\bin;;C:\Users\Mmjiang\AppData\Roaming\npm;D:\Microsoft VS Code\bin
USERNAME=Mmjiang
OS=Windows_NT
PROCESSOR_IDENTIFIER=Intel64 Family 6 Model 142 Stepping 12, GenuineIntel



---------------  S Y S T E M  ---------------

OS:
 Windows 10 , 64 bit Build 19041 (10.0.19041.3636)
OS uptime: 25 days 20:11 hours

CPU: total 8 (initial active 8) (4 cores per cpu, 2 threads per core) family 6 model 142 stepping 12 microcode 0xde, cx8, cmov, fxsr, ht, mmx, 3dnowpref, sse, sse2, sse3, ssse3, sse4.1, sse4.2, popcnt, lzcnt, tsc, tscinvbit, avx, avx2, aes, erms, clmul, bmi1, bmi2, adx, fma, vzeroupper, clflush, clflushopt

Memory: 4k page, system-wide physical 7977M (379M free)
TotalPageFile size 32553M (AvailPageFile size 3M)
current process WorkingSet (physical memory assigned to process): 308M, peak: 308M
current process commit charge ("private bytes"): 351M, peak: 352M

vm_info: Java HotSpot(TM) 64-Bit Server VM (17.0.8+9-LTS-211) for windows-amd64 JRE (17.0.8+9-LTS-211), built on Jun 14 2023 10:34:31 by "mach5one" with MS VC++ 17.1 (VS2022)

END.
