#
# There is insufficient memory for the Java Runtime Environment to continue.
# Native memory allocation (malloc) failed to allocate 1939056 bytes for Chunk::new
# Possible reasons:
#   The system is out of physical RAM or swap space
#   The process is running with CompressedOops enabled, and the Java Heap may be blocking the growth of the native heap
# Possible solutions:
#   Reduce memory load on the system
#   Increase physical memory or swap space
#   Check if swap backing store is full
#   Decrease Java heap size (-Xmx/-Xms)
#   Decrease number of Java threads
#   Decrease Java thread stack sizes (-Xss)
#   Set larger code cache with -XX:ReservedCodeCacheSize=
#   JVM is running with Unscaled Compressed Oops mode in which the Java heap is
#     placed in the first 4GB address space. The Java Heap base address is the
#     maximum limit for the native heap growth. Please use -XX:HeapBaseMinAddress
#     to set the Java Heap base and to place the Java Heap above 4GB virtual address.
# This output file may be truncated or incomplete.
#
#  Out of Memory Error (arena.cpp:189), pid=19264, tid=10056
#
# JRE version: Java(TM) SE Runtime Environment (17.0.8+9) (build 17.0.8+9-LTS-211)
# Java VM: Java HotSpot(TM) 64-Bit Server VM (17.0.8+9-LTS-211, mixed mode, sharing, tiered, compressed oops, compressed class ptrs, g1 gc, windows-amd64)
# No core dump will be written. Minidumps are not enabled by default on client versions of Windows
#

---------------  S U M M A R Y ------------

Command Line: org.jetbrains.kotlin.cli.jvm.K2JVMCompiler @C:\Users\Mmjiang\Desktop\AwesomeProject\node_modules\react-native-gesture-handler\android\build\20231211_15186163927014453653.compiler.options

Host: Intel(R) Core(TM) i5-10210U CPU @ 1.60GHz, 8 cores, 7G,  Windows 10 , 64 bit Build 19041 (10.0.19041.3636)
Time: Mon Dec 11 10:05:40 2023  Windows 10 , 64 bit Build 19041 (10.0.19041.3636) elapsed time: 41.997545 seconds (0d 0h 0m 41s)

---------------  T H R E A D  ---------------

Current thread (0x000002276592f3a0):  JavaThread "C2 CompilerThread0" daemon [_thread_in_native, id=10056, stack(0x000000473de00000,0x000000473df00000)]


Current CompileTask:
C2:  41997 12815       4       org.jetbrains.kotlin.resolve.calls.inference.model.NewConstraintSystemImpl::addSubtypeConstraint (68 bytes)

Stack: [0x000000473de00000,0x000000473df00000]
Native frames: (J=compiled Java code, j=interpreted, Vv=VM code, C=native code)
V  [jvm.dll+0x677d0a]
V  [jvm.dll+0x7d8c54]
V  [jvm.dll+0x7da3fe]
V  [jvm.dll+0x7daa63]
V  [jvm.dll+0x245c5f]
V  [jvm.dll+0xaaa6b]
V  [jvm.dll+0xab00c]
V  [jvm.dll+0x361e3f]
V  [jvm.dll+0x32c551]
V  [jvm.dll+0x32b9ea]
V  [jvm.dll+0x217fff]
V  [jvm.dll+0x217431]
V  [jvm.dll+0x1a3af0]
V  [jvm.dll+0x2270be]
V  [jvm.dll+0x22535b]
V  [jvm.dll+0x78e7bc]
V  [jvm.dll+0x788bba]
V  [jvm.dll+0x676b35]
C  [ucrtbase.dll+0x21bb2]
C  [KERNEL32.DLL+0x17344]
C  [ntdll.dll+0x526b1]


---------------  P R O C E S S  ---------------

Threads class SMR info:
_java_thread_list=0x000002276d315720, length=13, elements={
0x000002274790a2d0, 0x000002276590dd30, 0x000002276590eba0, 0x0000022765929630,
0x000002276592b350, 0x000002276592dd10, 0x000002276592e6c0, 0x000002276592f3a0,
0x00000227659914b0, 0x0000022765a08810, 0x0000022765ac5ce0, 0x0000022765ac7450,
0x000002276e953300
}

Java Threads: ( => current thread )
  0x000002274790a2d0 JavaThread "main" [_thread_in_Java, id=20212, stack(0x000000473d100000,0x000000473d200000)]
  0x000002276590dd30 JavaThread "Reference Handler" daemon [_thread_blocked, id=22920, stack(0x000000473d800000,0x000000473d900000)]
  0x000002276590eba0 JavaThread "Finalizer" daemon [_thread_blocked, id=7832, stack(0x000000473d900000,0x000000473da00000)]
  0x0000022765929630 JavaThread "Signal Dispatcher" daemon [_thread_blocked, id=22468, stack(0x000000473da00000,0x000000473db00000)]
  0x000002276592b350 JavaThread "Attach Listener" daemon [_thread_blocked, id=4548, stack(0x000000473db00000,0x000000473dc00000)]
  0x000002276592dd10 JavaThread "Service Thread" daemon [_thread_blocked, id=22496, stack(0x000000473dc00000,0x000000473dd00000)]
  0x000002276592e6c0 JavaThread "Monitor Deflation Thread" daemon [_thread_blocked, id=22896, stack(0x000000473dd00000,0x000000473de00000)]
=>0x000002276592f3a0 JavaThread "C2 CompilerThread0" daemon [_thread_in_native, id=10056, stack(0x000000473de00000,0x000000473df00000)]
  0x00000227659914b0 JavaThread "C1 CompilerThread0" daemon [_thread_blocked, id=21748, stack(0x000000473df00000,0x000000473e000000)]
  0x0000022765a08810 JavaThread "Sweeper thread" daemon [_thread_blocked, id=24136, stack(0x000000473e000000,0x000000473e100000)]
  0x0000022765ac5ce0 JavaThread "Notification Thread" daemon [_thread_blocked, id=22344, stack(0x000000473e100000,0x000000473e200000)]
  0x0000022765ac7450 JavaThread "Common-Cleaner" daemon [_thread_blocked, id=22880, stack(0x000000473e300000,0x000000473e400000)]
  0x000002276e953300 JavaThread "C2 CompilerThread1" daemon [_thread_in_native, id=17536, stack(0x000000473cf00000,0x000000473d000000)]

Other Threads:
  0x00000227659090e0 VMThread "VM Thread" [stack: 0x000000473d700000,0x000000473d800000] [id=21864]
  0x0000022765ac71c0 WatcherThread [stack: 0x000000473e200000,0x000000473e300000] [id=22904]
  0x0000022747964450 GCTaskThread "GC Thread#0" [stack: 0x000000473d200000,0x000000473d300000] [id=22916]
  0x0000022765deecf0 GCTaskThread "GC Thread#1" [stack: 0x000000473e400000,0x000000473e500000] [id=19084]
  0x0000022765deefa0 GCTaskThread "GC Thread#2" [stack: 0x000000473e500000,0x000000473e600000] [id=18924]
  0x000002276a1d6040 GCTaskThread "GC Thread#3" [stack: 0x000000473e600000,0x000000473e700000] [id=11840]
  0x000002276a1d62f0 GCTaskThread "GC Thread#4" [stack: 0x000000473e700000,0x000000473e800000] [id=28884]
  0x000002276a1d65a0 GCTaskThread "GC Thread#5" [stack: 0x000000473e800000,0x000000473e900000] [id=22324]
  0x000002276a603a00 GCTaskThread "GC Thread#6" [stack: 0x000000473e900000,0x000000473ea00000] [id=21540]
  0x000002276a603cb0 GCTaskThread "GC Thread#7" [stack: 0x000000473ea00000,0x000000473eb00000] [id=22224]
  0x0000022747974d10 ConcurrentGCThread "G1 Main Marker" [stack: 0x000000473d300000,0x000000473d400000] [id=7780]
  0x0000022747976730 ConcurrentGCThread "G1 Conc#0" [stack: 0x000000473d400000,0x000000473d500000] [id=22932]
  0x000002276a68a320 ConcurrentGCThread "G1 Conc#1" [stack: 0x000000473ec00000,0x000000473ed00000] [id=22660]
  0x00000227657c00a0 ConcurrentGCThread "G1 Refine#0" [stack: 0x000000473d500000,0x000000473d600000] [id=22684]
  0x000002276cd6f8b0 ConcurrentGCThread "G1 Refine#1" [stack: 0x000000473ed00000,0x000000473ee00000] [id=17584]
  0x00000227657c0ac0 ConcurrentGCThread "G1 Service" [stack: 0x000000473d600000,0x000000473d700000] [id=22480]

Threads with active compile tasks:
C2 CompilerThread0    42036 12815       4       org.jetbrains.kotlin.resolve.calls.inference.model.NewConstraintSystemImpl::addSubtypeConstraint (68 bytes)
C2 CompilerThread1    42036 12959       4       org.jetbrains.kotlin.descriptors.annotations.AnnotationDescriptor$DefaultImpls::getFqName (44 bytes)

VM state: not at safepoint (normal execution)

VM Mutex/Monitor currently owned by a thread: None

Heap address: 0x0000000083400000, size: 1996 MB, Compressed Oops mode: 32-bit

CDS archive(s) mapped at: [0x0000022700000000-0x0000022700bd0000-0x0000022700bd0000), size 12386304, SharedBaseAddress: 0x0000022700000000, ArchiveRelocationMode: 1.
Compressed class space mapped at: 0x0000022701000000-0x0000022741000000, reserved size: 1073741824
Narrow klass base: 0x0000022700000000, Narrow klass shift: 0, Narrow klass range: 0x100000000

GC Precious Log:
 CPUs: 8 total, 8 available
 Memory: 7977M
 Large Page Support: Disabled
 NUMA Support: Disabled
 Compressed Oops: Enabled (32-bit)
 Heap Region Size: 1M
 Heap Min Capacity: 8M
 Heap Initial Capacity: 126M
 Heap Max Capacity: 1996M
 Pre-touch: Disabled
 Parallel Workers: 8
 Concurrent Workers: 2
 Concurrent Refinement Workers: 8
 Periodic GC: Disabled

Heap:
 garbage-first heap   total 202752K, used 108798K [0x0000000083400000, 0x0000000100000000)
  region size 1024K, 44 young (45056K), 8 survivors (8192K)
 Metaspace       used 60067K, committed 60416K, reserved 1114112K
  class space    used 6920K, committed 7040K, reserved 1048576K

Heap Regions: E=young(eden), S=young(survivor), O=old, HS=humongous(starts), HC=humongous(continues), CS=collection set, F=free, OA=open archive, CA=closed archive, TAMS=top-at-mark-start (previous, next)
|   0|0x0000000083400000, 0x0000000083500000, 0x0000000083500000|100%|HS|  |TAMS 0x0000000083500000, 0x0000000083500000| Complete 
|   1|0x0000000083500000, 0x0000000083600000, 0x0000000083600000|100%|HC|  |TAMS 0x0000000083600000, 0x0000000083600000| Complete 
|   2|0x0000000083600000, 0x0000000083700000, 0x0000000083700000|100%|HC|  |TAMS 0x0000000083700000, 0x0000000083700000| Complete 
|   3|0x0000000083700000, 0x0000000083800000, 0x0000000083800000|100%| O|  |TAMS 0x0000000083800000, 0x0000000083800000| Untracked 
|   4|0x0000000083800000, 0x0000000083900000, 0x0000000083900000|100%| O|  |TAMS 0x0000000083900000, 0x0000000083900000| Untracked 
|   5|0x0000000083900000, 0x0000000083a00000, 0x0000000083a00000|100%| O|  |TAMS 0x0000000083a00000, 0x0000000083a00000| Untracked 
|   6|0x0000000083a00000, 0x0000000083b00000, 0x0000000083b00000|100%|HS|  |TAMS 0x0000000083b00000, 0x0000000083b00000| Complete 
|   7|0x0000000083b00000, 0x0000000083c00000, 0x0000000083c00000|100%|HC|  |TAMS 0x0000000083c00000, 0x0000000083c00000| Complete 
|   8|0x0000000083c00000, 0x0000000083d00000, 0x0000000083d00000|100%|HC|  |TAMS 0x0000000083d00000, 0x0000000083d00000| Complete 
|   9|0x0000000083d00000, 0x0000000083e00000, 0x0000000083e00000|100%| O|  |TAMS 0x0000000083e00000, 0x0000000083e00000| Untracked 
|  10|0x0000000083e00000, 0x0000000083e00000, 0x0000000083f00000|  0%| F|  |TAMS 0x0000000083e00000, 0x0000000083e00000| Untracked 
|  11|0x0000000083f00000, 0x0000000084000000, 0x0000000084000000|100%| O|  |TAMS 0x0000000084000000, 0x0000000084000000| Untracked 
|  12|0x0000000084000000, 0x0000000084100000, 0x0000000084100000|100%| O|  |TAMS 0x0000000084100000, 0x0000000084100000| Untracked 
|  13|0x0000000084100000, 0x0000000084200000, 0x0000000084200000|100%| O|  |TAMS 0x0000000084200000, 0x0000000084200000| Untracked 
|  14|0x0000000084200000, 0x0000000084300000, 0x0000000084300000|100%| O|  |TAMS 0x0000000084300000, 0x0000000084300000| Untracked 
|  15|0x0000000084300000, 0x0000000084400000, 0x0000000084400000|100%| O|  |TAMS 0x0000000084400000, 0x0000000084400000| Untracked 
|  16|0x0000000084400000, 0x0000000084500000, 0x0000000084500000|100%| O|  |TAMS 0x0000000084500000, 0x0000000084500000| Untracked 
|  17|0x0000000084500000, 0x0000000084600000, 0x0000000084600000|100%| O|  |TAMS 0x0000000084600000, 0x0000000084600000| Untracked 
|  18|0x0000000084600000, 0x0000000084700000, 0x0000000084700000|100%|HS|  |TAMS 0x0000000084700000, 0x0000000084700000| Complete 
|  19|0x0000000084700000, 0x0000000084800000, 0x0000000084800000|100%|HC|  |TAMS 0x0000000084800000, 0x0000000084800000| Complete 
|  20|0x0000000084800000, 0x0000000084900000, 0x0000000084900000|100%| O|  |TAMS 0x0000000084900000, 0x0000000084900000| Untracked 
|  21|0x0000000084900000, 0x0000000084a00000, 0x0000000084a00000|100%| O|  |TAMS 0x0000000084a00000, 0x0000000084a00000| Untracked 
|  22|0x0000000084a00000, 0x0000000084b00000, 0x0000000084b00000|100%| O|  |TAMS 0x0000000084b00000, 0x0000000084b00000| Untracked 
|  23|0x0000000084b00000, 0x0000000084c00000, 0x0000000084c00000|100%| O|  |TAMS 0x0000000084c00000, 0x0000000084c00000| Untracked 
|  24|0x0000000084c00000, 0x0000000084d00000, 0x0000000084d00000|100%| O|  |TAMS 0x0000000084d00000, 0x0000000084d00000| Untracked 
|  25|0x0000000084d00000, 0x0000000084e00000, 0x0000000084e00000|100%| O|  |TAMS 0x0000000084e00000, 0x0000000084e00000| Untracked 
|  26|0x0000000084e00000, 0x0000000084f00000, 0x0000000084f00000|100%| O|  |TAMS 0x0000000084f00000, 0x0000000084f00000| Untracked 
|  27|0x0000000084f00000, 0x0000000085000000, 0x0000000085000000|100%| O|  |TAMS 0x0000000085000000, 0x0000000085000000| Untracked 
|  28|0x0000000085000000, 0x0000000085100000, 0x0000000085100000|100%| O|  |TAMS 0x0000000085100000, 0x0000000085100000| Untracked 
|  29|0x0000000085100000, 0x0000000085200000, 0x0000000085200000|100%| O|  |TAMS 0x0000000085200000, 0x0000000085200000| Untracked 
|  30|0x0000000085200000, 0x0000000085300000, 0x0000000085300000|100%| O|  |TAMS 0x0000000085300000, 0x0000000085300000| Untracked 
|  31|0x0000000085300000, 0x0000000085400000, 0x0000000085400000|100%| O|  |TAMS 0x0000000085400000, 0x0000000085400000| Untracked 
|  32|0x0000000085400000, 0x0000000085500000, 0x0000000085500000|100%| O|  |TAMS 0x0000000085500000, 0x0000000085500000| Untracked 
|  33|0x0000000085500000, 0x0000000085600000, 0x0000000085600000|100%| O|  |TAMS 0x0000000085600000, 0x0000000085600000| Untracked 
|  34|0x0000000085600000, 0x0000000085700000, 0x0000000085700000|100%| O|  |TAMS 0x0000000085700000, 0x0000000085700000| Untracked 
|  35|0x0000000085700000, 0x0000000085800000, 0x0000000085800000|100%| O|  |TAMS 0x0000000085800000, 0x0000000085800000| Untracked 
|  36|0x0000000085800000, 0x0000000085900000, 0x0000000085900000|100%| O|  |TAMS 0x0000000085900000, 0x0000000085900000| Untracked 
|  37|0x0000000085900000, 0x0000000085a00000, 0x0000000085a00000|100%| O|  |TAMS 0x0000000085a00000, 0x0000000085a00000| Untracked 
|  38|0x0000000085a00000, 0x0000000085b00000, 0x0000000085b00000|100%| O|  |TAMS 0x0000000085b00000, 0x0000000085b00000| Untracked 
|  39|0x0000000085b00000, 0x0000000085c00000, 0x0000000085c00000|100%| O|  |TAMS 0x0000000085c00000, 0x0000000085c00000| Untracked 
|  40|0x0000000085c00000, 0x0000000085d00000, 0x0000000085d00000|100%| O|  |TAMS 0x0000000085d00000, 0x0000000085d00000| Untracked 
|  41|0x0000000085d00000, 0x0000000085e00000, 0x0000000085e00000|100%| O|  |TAMS 0x0000000085e00000, 0x0000000085e00000| Untracked 
|  42|0x0000000085e00000, 0x0000000085f00000, 0x0000000085f00000|100%| O|  |TAMS 0x0000000085f00000, 0x0000000085f00000| Untracked 
|  43|0x0000000085f00000, 0x0000000086000000, 0x0000000086000000|100%| O|  |TAMS 0x0000000086000000, 0x0000000086000000| Untracked 
|  44|0x0000000086000000, 0x0000000086100000, 0x0000000086100000|100%| O|  |TAMS 0x0000000086100000, 0x0000000086100000| Untracked 
|  45|0x0000000086100000, 0x0000000086200000, 0x0000000086200000|100%| O|  |TAMS 0x0000000086200000, 0x0000000086200000| Untracked 
|  46|0x0000000086200000, 0x0000000086300000, 0x0000000086300000|100%| O|  |TAMS 0x0000000086300000, 0x0000000086300000| Untracked 
|  47|0x0000000086300000, 0x0000000086400000, 0x0000000086400000|100%| O|  |TAMS 0x0000000086400000, 0x0000000086400000| Untracked 
|  48|0x0000000086400000, 0x0000000086500000, 0x0000000086500000|100%| O|  |TAMS 0x0000000086500000, 0x0000000086500000| Untracked 
|  49|0x0000000086500000, 0x0000000086600000, 0x0000000086600000|100%| O|  |TAMS 0x0000000086600000, 0x0000000086600000| Untracked 
|  50|0x0000000086600000, 0x0000000086700000, 0x0000000086700000|100%| O|  |TAMS 0x0000000086700000, 0x0000000086700000| Untracked 
|  51|0x0000000086700000, 0x0000000086800000, 0x0000000086800000|100%| O|  |TAMS 0x0000000086800000, 0x0000000086800000| Untracked 
|  52|0x0000000086800000, 0x0000000086900000, 0x0000000086900000|100%| O|  |TAMS 0x0000000086900000, 0x0000000086900000| Untracked 
|  53|0x0000000086900000, 0x0000000086a00000, 0x0000000086a00000|100%| O|  |TAMS 0x000000008697c000, 0x0000000086a00000| Untracked 
|  54|0x0000000086a00000, 0x0000000086b00000, 0x0000000086b00000|100%| O|  |TAMS 0x0000000086a00000, 0x0000000086b00000| Untracked 
|  55|0x0000000086b00000, 0x0000000086c00000, 0x0000000086c00000|100%| O|  |TAMS 0x0000000086b00000, 0x0000000086c00000| Untracked 
|  56|0x0000000086c00000, 0x0000000086d00000, 0x0000000086d00000|100%| O|  |TAMS 0x0000000086c00000, 0x0000000086d00000| Untracked 
|  57|0x0000000086d00000, 0x0000000086e00000, 0x0000000086e00000|100%| O|  |TAMS 0x0000000086d00000, 0x0000000086e00000| Untracked 
|  58|0x0000000086e00000, 0x0000000086f00000, 0x0000000086f00000|100%| O|  |TAMS 0x0000000086e00000, 0x0000000086f00000| Untracked 
|  59|0x0000000086f00000, 0x0000000087000000, 0x0000000087000000|100%| O|  |TAMS 0x0000000086f00000, 0x0000000087000000| Untracked 
|  60|0x0000000087000000, 0x0000000087100000, 0x0000000087100000|100%| O|  |TAMS 0x0000000087000000, 0x0000000087100000| Untracked 
|  61|0x0000000087100000, 0x0000000087200000, 0x0000000087200000|100%| O|  |TAMS 0x0000000087100000, 0x0000000087200000| Untracked 
|  62|0x0000000087200000, 0x0000000087300000, 0x0000000087300000|100%| O|  |TAMS 0x0000000087200000, 0x0000000087300000| Untracked 
|  63|0x0000000087300000, 0x000000008733a800, 0x0000000087400000| 22%| O|  |TAMS 0x0000000087300000, 0x000000008733a800| Untracked 
|  64|0x0000000087400000, 0x0000000087500000, 0x0000000087500000|100%|HS|  |TAMS 0x0000000087400000, 0x0000000087400000| Complete 
|  65|0x0000000087500000, 0x0000000087600000, 0x0000000087600000|100%|HC|  |TAMS 0x0000000087500000, 0x0000000087500000| Complete 
|  66|0x0000000087600000, 0x0000000087600000, 0x0000000087700000|  0%| F|  |TAMS 0x0000000087600000, 0x0000000087600000| Untracked 
|  67|0x0000000087700000, 0x0000000087700000, 0x0000000087800000|  0%| F|  |TAMS 0x0000000087700000, 0x0000000087700000| Untracked 
|  68|0x0000000087800000, 0x0000000087800000, 0x0000000087900000|  0%| F|  |TAMS 0x0000000087800000, 0x0000000087800000| Untracked 
|  69|0x0000000087900000, 0x0000000087900000, 0x0000000087a00000|  0%| F|  |TAMS 0x0000000087900000, 0x0000000087900000| Untracked 
|  70|0x0000000087a00000, 0x0000000087a00000, 0x0000000087b00000|  0%| F|  |TAMS 0x0000000087a00000, 0x0000000087a00000| Untracked 
|  71|0x0000000087b00000, 0x0000000087b00000, 0x0000000087c00000|  0%| F|  |TAMS 0x0000000087b00000, 0x0000000087b00000| Untracked 
|  72|0x0000000087c00000, 0x0000000087c00000, 0x0000000087d00000|  0%| F|  |TAMS 0x0000000087c00000, 0x0000000087c00000| Untracked 
|  73|0x0000000087d00000, 0x0000000087d00000, 0x0000000087e00000|  0%| F|  |TAMS 0x0000000087d00000, 0x0000000087d00000| Untracked 
|  74|0x0000000087e00000, 0x0000000087e00000, 0x0000000087f00000|  0%| F|  |TAMS 0x0000000087e00000, 0x0000000087e00000| Untracked 
|  75|0x0000000087f00000, 0x0000000087f00000, 0x0000000088000000|  0%| F|  |TAMS 0x0000000087f00000, 0x0000000087f00000| Untracked 
|  76|0x0000000088000000, 0x0000000088000000, 0x0000000088100000|  0%| F|  |TAMS 0x0000000088000000, 0x0000000088000000| Untracked 
|  77|0x0000000088100000, 0x0000000088100000, 0x0000000088200000|  0%| F|  |TAMS 0x0000000088100000, 0x0000000088100000| Untracked 
|  78|0x0000000088200000, 0x0000000088200000, 0x0000000088300000|  0%| F|  |TAMS 0x0000000088200000, 0x0000000088200000| Untracked 
|  79|0x0000000088300000, 0x0000000088300000, 0x0000000088400000|  0%| F|  |TAMS 0x0000000088300000, 0x0000000088300000| Untracked 
|  80|0x0000000088400000, 0x0000000088400000, 0x0000000088500000|  0%| F|  |TAMS 0x0000000088400000, 0x0000000088400000| Untracked 
|  81|0x0000000088500000, 0x0000000088500000, 0x0000000088600000|  0%| F|  |TAMS 0x0000000088500000, 0x0000000088500000| Untracked 
|  82|0x0000000088600000, 0x0000000088600000, 0x0000000088700000|  0%| F|  |TAMS 0x0000000088600000, 0x0000000088600000| Untracked 
|  83|0x0000000088700000, 0x0000000088700000, 0x0000000088800000|  0%| F|  |TAMS 0x0000000088700000, 0x0000000088700000| Untracked 
|  84|0x0000000088800000, 0x0000000088800000, 0x0000000088900000|  0%| F|  |TAMS 0x0000000088800000, 0x0000000088800000| Untracked 
|  85|0x0000000088900000, 0x0000000088900000, 0x0000000088a00000|  0%| F|  |TAMS 0x0000000088900000, 0x0000000088900000| Untracked 
|  86|0x0000000088a00000, 0x0000000088a00000, 0x0000000088b00000|  0%| F|  |TAMS 0x0000000088a00000, 0x0000000088a00000| Untracked 
|  87|0x0000000088b00000, 0x0000000088b00000, 0x0000000088c00000|  0%| F|  |TAMS 0x0000000088b00000, 0x0000000088b00000| Untracked 
|  88|0x0000000088c00000, 0x0000000088c00000, 0x0000000088d00000|  0%| F|  |TAMS 0x0000000088c00000, 0x0000000088c00000| Untracked 
|  89|0x0000000088d00000, 0x0000000088d00000, 0x0000000088e00000|  0%| F|  |TAMS 0x0000000088d00000, 0x0000000088d00000| Untracked 
|  90|0x0000000088e00000, 0x0000000088e00000, 0x0000000088f00000|  0%| F|  |TAMS 0x0000000088e00000, 0x0000000088e00000| Untracked 
|  91|0x0000000088f00000, 0x0000000088f00000, 0x0000000089000000|  0%| F|  |TAMS 0x0000000088f00000, 0x0000000088f00000| Untracked 
|  92|0x0000000089000000, 0x0000000089000000, 0x0000000089100000|  0%| F|  |TAMS 0x0000000089000000, 0x0000000089000000| Untracked 
|  93|0x0000000089100000, 0x0000000089100000, 0x0000000089200000|  0%| F|  |TAMS 0x0000000089100000, 0x0000000089100000| Untracked 
|  94|0x0000000089200000, 0x0000000089200000, 0x0000000089300000|  0%| F|  |TAMS 0x0000000089200000, 0x0000000089200000| Untracked 
|  95|0x0000000089300000, 0x0000000089300000, 0x0000000089400000|  0%| F|  |TAMS 0x0000000089300000, 0x0000000089300000| Untracked 
|  96|0x0000000089400000, 0x0000000089400000, 0x0000000089500000|  0%| F|  |TAMS 0x0000000089400000, 0x0000000089400000| Untracked 
|  97|0x0000000089500000, 0x0000000089500000, 0x0000000089600000|  0%| F|  |TAMS 0x0000000089500000, 0x0000000089500000| Untracked 
|  98|0x0000000089600000, 0x0000000089600000, 0x0000000089700000|  0%| F|  |TAMS 0x0000000089600000, 0x0000000089600000| Untracked 
|  99|0x0000000089700000, 0x0000000089700000, 0x0000000089800000|  0%| F|  |TAMS 0x0000000089700000, 0x0000000089700000| Untracked 
| 100|0x0000000089800000, 0x0000000089800000, 0x0000000089900000|  0%| F|  |TAMS 0x0000000089800000, 0x0000000089800000| Untracked 
| 101|0x0000000089900000, 0x0000000089900000, 0x0000000089a00000|  0%| F|  |TAMS 0x0000000089900000, 0x0000000089900000| Untracked 
| 102|0x0000000089a00000, 0x0000000089a00000, 0x0000000089b00000|  0%| F|  |TAMS 0x0000000089a00000, 0x0000000089a00000| Untracked 
| 103|0x0000000089b00000, 0x0000000089b050d0, 0x0000000089c00000|  1%| S|CS|TAMS 0x0000000089b00000, 0x0000000089b00000| Complete 
| 104|0x0000000089c00000, 0x0000000089c00000, 0x0000000089d00000|  0%| F|  |TAMS 0x0000000089c00000, 0x0000000089c00000| Untracked 
| 105|0x0000000089d00000, 0x0000000089e00000, 0x0000000089e00000|100%| S|CS|TAMS 0x0000000089d00000, 0x0000000089d00000| Complete 
| 106|0x0000000089e00000, 0x0000000089f00000, 0x0000000089f00000|100%| S|CS|TAMS 0x0000000089e00000, 0x0000000089e00000| Complete 
| 107|0x0000000089f00000, 0x000000008a000000, 0x000000008a000000|100%| S|CS|TAMS 0x0000000089f00000, 0x0000000089f00000| Complete 
| 108|0x000000008a000000, 0x000000008a100000, 0x000000008a100000|100%| S|CS|TAMS 0x000000008a000000, 0x000000008a000000| Complete 
| 109|0x000000008a100000, 0x000000008a200000, 0x000000008a200000|100%| S|CS|TAMS 0x000000008a100000, 0x000000008a100000| Complete 
| 110|0x000000008a200000, 0x000000008a300000, 0x000000008a300000|100%| S|CS|TAMS 0x000000008a200000, 0x000000008a200000| Complete 
| 111|0x000000008a300000, 0x000000008a400000, 0x000000008a400000|100%| S|CS|TAMS 0x000000008a300000, 0x000000008a300000| Complete 
| 112|0x000000008a400000, 0x000000008a400000, 0x000000008a500000|  0%| F|  |TAMS 0x000000008a400000, 0x000000008a400000| Untracked 
| 113|0x000000008a500000, 0x000000008a500000, 0x000000008a600000|  0%| F|  |TAMS 0x000000008a500000, 0x000000008a500000| Untracked 
| 114|0x000000008a600000, 0x000000008a600000, 0x000000008a700000|  0%| F|  |TAMS 0x000000008a600000, 0x000000008a600000| Untracked 
| 115|0x000000008a700000, 0x000000008a700000, 0x000000008a800000|  0%| F|  |TAMS 0x000000008a700000, 0x000000008a700000| Untracked 
| 116|0x000000008a800000, 0x000000008a800000, 0x000000008a900000|  0%| F|  |TAMS 0x000000008a800000, 0x000000008a800000| Untracked 
| 117|0x000000008a900000, 0x000000008a900000, 0x000000008aa00000|  0%| F|  |TAMS 0x000000008a900000, 0x000000008a900000| Untracked 
| 118|0x000000008aa00000, 0x000000008aa00000, 0x000000008ab00000|  0%| F|  |TAMS 0x000000008aa00000, 0x000000008aa00000| Untracked 
| 119|0x000000008ab00000, 0x000000008ab00000, 0x000000008ac00000|  0%| F|  |TAMS 0x000000008ab00000, 0x000000008ab00000| Untracked 
| 120|0x000000008ac00000, 0x000000008ac00000, 0x000000008ad00000|  0%| F|  |TAMS 0x000000008ac00000, 0x000000008ac00000| Untracked 
| 121|0x000000008ad00000, 0x000000008ad00000, 0x000000008ae00000|  0%| F|  |TAMS 0x000000008ad00000, 0x000000008ad00000| Untracked 
| 122|0x000000008ae00000, 0x000000008ae00000, 0x000000008af00000|  0%| F|  |TAMS 0x000000008ae00000, 0x000000008ae00000| Untracked 
| 123|0x000000008af00000, 0x000000008af00000, 0x000000008b000000|  0%| F|  |TAMS 0x000000008af00000, 0x000000008af00000| Untracked 
| 124|0x000000008b000000, 0x000000008b000000, 0x000000008b100000|  0%| F|  |TAMS 0x000000008b000000, 0x000000008b000000| Untracked 
| 125|0x000000008b100000, 0x000000008b100000, 0x000000008b200000|  0%| F|  |TAMS 0x000000008b100000, 0x000000008b100000| Untracked 
| 126|0x000000008b200000, 0x000000008b200000, 0x000000008b300000|  0%| F|  |TAMS 0x000000008b200000, 0x000000008b200000| Untracked 
| 127|0x000000008b300000, 0x000000008b300000, 0x000000008b400000|  0%| F|  |TAMS 0x000000008b300000, 0x000000008b300000| Untracked 
| 128|0x000000008b400000, 0x000000008b400000, 0x000000008b500000|  0%| F|  |TAMS 0x000000008b400000, 0x000000008b400000| Untracked 
| 129|0x000000008b500000, 0x000000008b500000, 0x000000008b600000|  0%| F|  |TAMS 0x000000008b500000, 0x000000008b500000| Untracked 
| 130|0x000000008b600000, 0x000000008b600000, 0x000000008b700000|  0%| F|  |TAMS 0x000000008b600000, 0x000000008b600000| Untracked 
| 131|0x000000008b700000, 0x000000008b700000, 0x000000008b800000|  0%| F|  |TAMS 0x000000008b700000, 0x000000008b700000| Untracked 
| 132|0x000000008b800000, 0x000000008b800000, 0x000000008b900000|  0%| F|  |TAMS 0x000000008b800000, 0x000000008b800000| Untracked 
| 133|0x000000008b900000, 0x000000008b900000, 0x000000008ba00000|  0%| F|  |TAMS 0x000000008b900000, 0x000000008b900000| Untracked 
| 134|0x000000008ba00000, 0x000000008ba00000, 0x000000008bb00000|  0%| F|  |TAMS 0x000000008ba00000, 0x000000008ba00000| Untracked 
| 135|0x000000008bb00000, 0x000000008bb00000, 0x000000008bc00000|  0%| F|  |TAMS 0x000000008bb00000, 0x000000008bb00000| Untracked 
| 136|0x000000008bc00000, 0x000000008bc00000, 0x000000008bd00000|  0%| F|  |TAMS 0x000000008bc00000, 0x000000008bc00000| Untracked 
| 137|0x000000008bd00000, 0x000000008bd00000, 0x000000008be00000|  0%| F|  |TAMS 0x000000008bd00000, 0x000000008bd00000| Untracked 
| 138|0x000000008be00000, 0x000000008be00000, 0x000000008bf00000|  0%| F|  |TAMS 0x000000008be00000, 0x000000008be00000| Untracked 
| 139|0x000000008bf00000, 0x000000008bf00000, 0x000000008c000000|  0%| F|  |TAMS 0x000000008bf00000, 0x000000008bf00000| Untracked 
| 140|0x000000008c000000, 0x000000008c000000, 0x000000008c100000|  0%| F|  |TAMS 0x000000008c000000, 0x000000008c000000| Untracked 
| 141|0x000000008c100000, 0x000000008c100000, 0x000000008c200000|  0%| F|  |TAMS 0x000000008c100000, 0x000000008c100000| Untracked 
| 142|0x000000008c200000, 0x000000008c200000, 0x000000008c300000|  0%| F|  |TAMS 0x000000008c200000, 0x000000008c200000| Untracked 
| 143|0x000000008c300000, 0x000000008c300000, 0x000000008c400000|  0%| F|  |TAMS 0x000000008c300000, 0x000000008c300000| Untracked 
| 144|0x000000008c400000, 0x000000008c400000, 0x000000008c500000|  0%| F|  |TAMS 0x000000008c400000, 0x000000008c400000| Untracked 
| 145|0x000000008c500000, 0x000000008c500000, 0x000000008c600000|  0%| F|  |TAMS 0x000000008c500000, 0x000000008c500000| Untracked 
| 146|0x000000008c600000, 0x000000008c600000, 0x000000008c700000|  0%| F|  |TAMS 0x000000008c600000, 0x000000008c600000| Untracked 
| 147|0x000000008c700000, 0x000000008c700000, 0x000000008c800000|  0%| F|  |TAMS 0x000000008c700000, 0x000000008c700000| Untracked 
| 148|0x000000008c800000, 0x000000008c800000, 0x000000008c900000|  0%| F|  |TAMS 0x000000008c800000, 0x000000008c800000| Untracked 
| 149|0x000000008c900000, 0x000000008c900000, 0x000000008ca00000|  0%| F|  |TAMS 0x000000008c900000, 0x000000008c900000| Untracked 
| 150|0x000000008ca00000, 0x000000008ca00000, 0x000000008cb00000|  0%| F|  |TAMS 0x000000008ca00000, 0x000000008ca00000| Untracked 
| 151|0x000000008cb00000, 0x000000008cb00000, 0x000000008cc00000|  0%| F|  |TAMS 0x000000008cb00000, 0x000000008cb00000| Untracked 
| 152|0x000000008cc00000, 0x000000008cc00000, 0x000000008cd00000|  0%| F|  |TAMS 0x000000008cc00000, 0x000000008cc00000| Untracked 
| 153|0x000000008cd00000, 0x000000008cd00000, 0x000000008ce00000|  0%| F|  |TAMS 0x000000008cd00000, 0x000000008cd00000| Untracked 
| 154|0x000000008ce00000, 0x000000008ce00000, 0x000000008cf00000|  0%| F|  |TAMS 0x000000008ce00000, 0x000000008ce00000| Untracked 
| 155|0x000000008cf00000, 0x000000008cf00000, 0x000000008d000000|  0%| F|  |TAMS 0x000000008cf00000, 0x000000008cf00000| Untracked 
| 156|0x000000008d000000, 0x000000008d000000, 0x000000008d100000|  0%| F|  |TAMS 0x000000008d000000, 0x000000008d000000| Untracked 
| 157|0x000000008d100000, 0x000000008d100000, 0x000000008d200000|  0%| F|  |TAMS 0x000000008d100000, 0x000000008d100000| Untracked 
| 158|0x000000008d200000, 0x000000008d200000, 0x000000008d300000|  0%| F|  |TAMS 0x000000008d200000, 0x000000008d200000| Untracked 
| 159|0x000000008d300000, 0x000000008d300000, 0x000000008d400000|  0%| F|  |TAMS 0x000000008d300000, 0x000000008d300000| Untracked 
| 160|0x000000008d400000, 0x000000008d400000, 0x000000008d500000|  0%| F|  |TAMS 0x000000008d400000, 0x000000008d400000| Untracked 
| 161|0x000000008d500000, 0x000000008d500000, 0x000000008d600000|  0%| F|  |TAMS 0x000000008d500000, 0x000000008d500000| Untracked 
| 162|0x000000008d600000, 0x000000008d700000, 0x000000008d700000|100%| E|  |TAMS 0x000000008d600000, 0x000000008d600000| Complete 
| 163|0x000000008d700000, 0x000000008d800000, 0x000000008d800000|100%| E|CS|TAMS 0x000000008d700000, 0x000000008d700000| Complete 
| 164|0x000000008d800000, 0x000000008d900000, 0x000000008d900000|100%| E|CS|TAMS 0x000000008d800000, 0x000000008d800000| Complete 
| 165|0x000000008d900000, 0x000000008da00000, 0x000000008da00000|100%| E|CS|TAMS 0x000000008d900000, 0x000000008d900000| Complete 
| 166|0x000000008da00000, 0x000000008db00000, 0x000000008db00000|100%| E|CS|TAMS 0x000000008da00000, 0x000000008da00000| Complete 
| 167|0x000000008db00000, 0x000000008dc00000, 0x000000008dc00000|100%| E|CS|TAMS 0x000000008db00000, 0x000000008db00000| Complete 
| 168|0x000000008dc00000, 0x000000008dd00000, 0x000000008dd00000|100%| E|CS|TAMS 0x000000008dc00000, 0x000000008dc00000| Complete 
| 169|0x000000008dd00000, 0x000000008de00000, 0x000000008de00000|100%| E|CS|TAMS 0x000000008dd00000, 0x000000008dd00000| Complete 
| 170|0x000000008de00000, 0x000000008df00000, 0x000000008df00000|100%| E|CS|TAMS 0x000000008de00000, 0x000000008de00000| Complete 
| 171|0x000000008df00000, 0x000000008e000000, 0x000000008e000000|100%| E|CS|TAMS 0x000000008df00000, 0x000000008df00000| Complete 
| 172|0x000000008e000000, 0x000000008e100000, 0x000000008e100000|100%| E|CS|TAMS 0x000000008e000000, 0x000000008e000000| Complete 
| 173|0x000000008e100000, 0x000000008e200000, 0x000000008e200000|100%| E|CS|TAMS 0x000000008e100000, 0x000000008e100000| Complete 
| 174|0x000000008e200000, 0x000000008e300000, 0x000000008e300000|100%| E|CS|TAMS 0x000000008e200000, 0x000000008e200000| Complete 
| 175|0x000000008e300000, 0x000000008e400000, 0x000000008e400000|100%| E|CS|TAMS 0x000000008e300000, 0x000000008e300000| Complete 
| 176|0x000000008e400000, 0x000000008e500000, 0x000000008e500000|100%| E|CS|TAMS 0x000000008e400000, 0x000000008e400000| Complete 
| 177|0x000000008e500000, 0x000000008e600000, 0x000000008e600000|100%| E|CS|TAMS 0x000000008e500000, 0x000000008e500000| Complete 
| 178|0x000000008e600000, 0x000000008e700000, 0x000000008e700000|100%| E|CS|TAMS 0x000000008e600000, 0x000000008e600000| Complete 
| 179|0x000000008e700000, 0x000000008e800000, 0x000000008e800000|100%| E|CS|TAMS 0x000000008e700000, 0x000000008e700000| Complete 
| 180|0x000000008e800000, 0x000000008e900000, 0x000000008e900000|100%| E|CS|TAMS 0x000000008e800000, 0x000000008e800000| Complete 
| 181|0x000000008e900000, 0x000000008ea00000, 0x000000008ea00000|100%| E|CS|TAMS 0x000000008e900000, 0x000000008e900000| Complete 
| 182|0x000000008ea00000, 0x000000008eb00000, 0x000000008eb00000|100%| E|CS|TAMS 0x000000008ea00000, 0x000000008ea00000| Complete 
| 183|0x000000008eb00000, 0x000000008ec00000, 0x000000008ec00000|100%| E|CS|TAMS 0x000000008eb00000, 0x000000008eb00000| Complete 
| 184|0x000000008ec00000, 0x000000008ed00000, 0x000000008ed00000|100%| E|CS|TAMS 0x000000008ec00000, 0x000000008ec00000| Complete 
| 185|0x000000008ed00000, 0x000000008ee00000, 0x000000008ee00000|100%| E|CS|TAMS 0x000000008ed00000, 0x000000008ed00000| Complete 
| 186|0x000000008ee00000, 0x000000008ef00000, 0x000000008ef00000|100%| E|CS|TAMS 0x000000008ee00000, 0x000000008ee00000| Complete 
| 187|0x000000008ef00000, 0x000000008f000000, 0x000000008f000000|100%| E|CS|TAMS 0x000000008ef00000, 0x000000008ef00000| Complete 
| 188|0x000000008f000000, 0x000000008f100000, 0x000000008f100000|100%| E|CS|TAMS 0x000000008f000000, 0x000000008f000000| Complete 
| 189|0x000000008f100000, 0x000000008f200000, 0x000000008f200000|100%| E|CS|TAMS 0x000000008f100000, 0x000000008f100000| Complete 
| 190|0x000000008f200000, 0x000000008f300000, 0x000000008f300000|100%| E|CS|TAMS 0x000000008f200000, 0x000000008f200000| Complete 
| 191|0x000000008f300000, 0x000000008f400000, 0x000000008f400000|100%| E|CS|TAMS 0x000000008f300000, 0x000000008f300000| Complete 
| 192|0x000000008f400000, 0x000000008f500000, 0x000000008f500000|100%| E|CS|TAMS 0x000000008f400000, 0x000000008f400000| Complete 
| 193|0x000000008f500000, 0x000000008f600000, 0x000000008f600000|100%| E|CS|TAMS 0x000000008f500000, 0x000000008f500000| Complete 
| 194|0x000000008f600000, 0x000000008f700000, 0x000000008f700000|100%| E|CS|TAMS 0x000000008f600000, 0x000000008f600000| Complete 
| 195|0x000000008f700000, 0x000000008f800000, 0x000000008f800000|100%| E|CS|TAMS 0x000000008f700000, 0x000000008f700000| Complete 
| 196|0x000000008f800000, 0x000000008f900000, 0x000000008f900000|100%| E|CS|TAMS 0x000000008f800000, 0x000000008f800000| Complete 
| 197|0x000000008f900000, 0x000000008fa00000, 0x000000008fa00000|100%| E|CS|TAMS 0x000000008f900000, 0x000000008f900000| Complete 

Card table byte_map: [0x000002275e8d0000,0x000002275ecc0000] _byte_map_base: 0x000002275e4b6000

Marking Bits (Prev, Next): (CMBitMap*) 0x0000022747964aa0, (CMBitMap*) 0x0000022747964a60
 Prev Bits: [0x0000022760fe0000, 0x0000022762f10000)
 Next Bits: [0x000002275f0b0000, 0x0000022760fe0000)

Polling page: 0x00000227470e0000

Metaspace:

Usage:
  Non-class:     51.90 MB used.
      Class:      6.76 MB used.
       Both:     58.66 MB used.

Virtual space:
  Non-class space:       64.00 MB reserved,      52.12 MB ( 81%) committed,  1 nodes.
      Class space:        1.00 GB reserved,       6.88 MB ( <1%) committed,  1 nodes.
             Both:        1.06 GB reserved,      59.00 MB (  5%) committed. 

Chunk freelists:
   Non-Class:  11.81 MB
       Class:  9.07 MB
        Both:  20.88 MB

MaxMetaspaceSize: unlimited
CompressedClassSpaceSize: 1.00 GB
Initial GC threshold: 21.00 MB
Current GC threshold: 92.12 MB
CDS: on
MetaspaceReclaimPolicy: balanced
 - commit_granule_bytes: 65536.
 - commit_granule_words: 8192.
 - virtual_space_node_default_size: 8388608.
 - enlarge_chunks_in_place: 1.
 - new_chunks_are_fully_committed: 0.
 - uncommit_free_chunks: 1.
 - use_allocation_guard: 0.
 - handle_deallocations: 1.


Internal statistics:

num_allocs_failed_limit: 6.
num_arena_births: 376.
num_arena_deaths: 0.
num_vsnodes_births: 2.
num_vsnodes_deaths: 0.
num_space_committed: 942.
num_space_uncommitted: 0.
num_chunks_returned_to_freelist: 6.
num_chunks_taken_from_freelist: 2623.
num_chunk_merges: 6.
num_chunk_splits: 2003.
num_chunks_enlarged: 1698.
num_purges: 0.
num_inconsistent_stats: 0.

CodeHeap 'non-profiled nmethods': size=120000Kb used=6859Kb max_used=6859Kb free=113140Kb
 bounds [0x0000022756c80000, 0x0000022757340000, 0x000002275e1b0000]
CodeHeap 'profiled nmethods': size=120000Kb used=32017Kb max_used=32017Kb free=87982Kb
 bounds [0x000002274f1b0000, 0x0000022751100000, 0x00000227566e0000]
CodeHeap 'non-nmethods': size=5760Kb used=1316Kb max_used=1581Kb free=4443Kb
 bounds [0x00000227566e0000, 0x0000022756950000, 0x0000022756c80000]
 total_blobs=11420 nmethods=10791 adapters=539
 compilation: enabled
              stopped_count=0, restarted_count=0
 full_count=0

Compilation events (20 events):
Event: 41.985 Thread 0x00000227659914b0 nmethod 12937 0x00000227510dc410 code [0x00000227510dc700, 0x00000227510dd608]
Event: 41.985 Thread 0x00000227659914b0 12939       1       org.jetbrains.kotlin.serialization.deserialization.ProtoContainer::getTypeTable (5 bytes)
Event: 41.985 Thread 0x00000227659914b0 nmethod 12939 0x000002275732aa90 code [0x000002275732ac20, 0x000002275732acf8]
Event: 41.985 Thread 0x00000227659914b0 12940       1       org.jetbrains.kotlin.load.kotlin.JvmPackagePartSource::getKnownJvmBinaryClass (5 bytes)
Event: 41.985 Thread 0x00000227659914b0 nmethod 12940 0x000002275732ad90 code [0x000002275732af20, 0x000002275732aff8]
Event: 41.985 Thread 0x00000227659914b0 12941       1       org.jetbrains.kotlin.load.kotlin.AbstractBinaryClassAnnotationAndConstantLoader$Storage::getMemberAnnotations (5 bytes)
Event: 41.985 Thread 0x00000227659914b0 nmethod 12941 0x000002275732b090 code [0x000002275732b220, 0x000002275732b2f8]
Event: 41.987 Thread 0x00000227659914b0 12942       1       org.jetbrains.kotlin.metadata.ProtoBuf$VersionRequirement::getVersion (5 bytes)
Event: 41.987 Thread 0x00000227659914b0 nmethod 12942 0x000002275732b390 code [0x000002275732b520, 0x000002275732b5f8]
Event: 41.987 Thread 0x00000227659914b0 12945       3       org.jetbrains.kotlin.config.MavenComparableVersion::<init> (10 bytes)
Event: 41.987 Thread 0x00000227659914b0 nmethod 12945 0x00000227510dda90 code [0x00000227510ddc40, 0x00000227510dddc8]
Event: 41.987 Thread 0x00000227659914b0 12943       1       org.jetbrains.kotlin.metadata.ProtoBuf$VersionRequirement::getLevel (5 bytes)
Event: 41.987 Thread 0x00000227659914b0 nmethod 12943 0x000002275732b690 code [0x000002275732b820, 0x000002275732b8f8]
Event: 41.987 Thread 0x00000227659914b0 12946  s    3       java.util.Vector::removeElementAt (115 bytes)
Event: 41.988 Thread 0x00000227659914b0 nmethod 12946 0x00000227510dde90 code [0x00000227510de120, 0x00000227510ded08]
Event: 41.988 Thread 0x00000227659914b0 12944       1       org.jetbrains.kotlin.metadata.ProtoBuf$VersionRequirement::getVersionKind (5 bytes)
Event: 41.988 Thread 0x00000227659914b0 nmethod 12944 0x000002275732b990 code [0x000002275732bb20, 0x000002275732bbf8]
Event: 41.990 Thread 0x000002276e953300 nmethod 12892 0x000002275732bc90 code [0x000002275732bf40, 0x000002275732d250]
Event: 41.990 Thread 0x000002276e953300 12859       4       org.jetbrains.kotlin.com.intellij.util.keyFMap.ArrayBackedFMap::getKeysByIndices (40 bytes)
Event: 41.994 Thread 0x00000227659914b0 12947       3       org.jetbrains.kotlin.resolve.calls.components.BuiltInsProviderKt::getBuiltIns (22 bytes)

GC Heap History (20 events):
Event: 13.836 GC heap before
{Heap before GC invocations=11 (full 0):
 garbage-first heap   total 92160K, used 66526K [0x0000000083400000, 0x0000000100000000)
  region size 1024K, 39 young (39936K), 7 survivors (7168K)
 Metaspace       used 46947K, committed 47232K, reserved 1114112K
  class space    used 5763K, committed 5888K, reserved 1048576K
}
Event: 13.867 GC heap after
{Heap after GC invocations=12 (full 0):
 garbage-first heap   total 92160K, used 37303K [0x0000000083400000, 0x0000000100000000)
  region size 1024K, 4 young (4096K), 4 survivors (4096K)
 Metaspace       used 46947K, committed 47232K, reserved 1114112K
  class space    used 5763K, committed 5888K, reserved 1048576K
}
Event: 16.005 GC heap before
{Heap before GC invocations=12 (full 0):
 garbage-first heap   total 92160K, used 69047K [0x0000000083400000, 0x0000000100000000)
  region size 1024K, 35 young (35840K), 4 survivors (4096K)
 Metaspace       used 49999K, committed 50240K, reserved 1114112K
  class space    used 6138K, committed 6272K, reserved 1048576K
}
Event: 16.037 GC heap after
{Heap after GC invocations=13 (full 0):
 garbage-first heap   total 92160K, used 42447K [0x0000000083400000, 0x0000000100000000)
  region size 1024K, 5 young (5120K), 5 survivors (5120K)
 Metaspace       used 49999K, committed 50240K, reserved 1114112K
  class space    used 6138K, committed 6272K, reserved 1048576K
}
Event: 18.799 GC heap before
{Heap before GC invocations=13 (full 0):
 garbage-first heap   total 92160K, used 70095K [0x0000000083400000, 0x0000000100000000)
  region size 1024K, 32 young (32768K), 5 survivors (5120K)
 Metaspace       used 52388K, committed 52672K, reserved 1114112K
  class space    used 6343K, committed 6464K, reserved 1048576K
}
Event: 18.832 GC heap after
{Heap after GC invocations=14 (full 0):
 garbage-first heap   total 110592K, used 47381K [0x0000000083400000, 0x0000000100000000)
  region size 1024K, 4 young (4096K), 4 survivors (4096K)
 Metaspace       used 52388K, committed 52672K, reserved 1114112K
  class space    used 6343K, committed 6464K, reserved 1048576K
}
Event: 20.496 GC heap before
{Heap before GC invocations=14 (full 0):
 garbage-first heap   total 110592K, used 82197K [0x0000000083400000, 0x0000000100000000)
  region size 1024K, 38 young (38912K), 4 survivors (4096K)
 Metaspace       used 52631K, committed 52928K, reserved 1114112K
  class space    used 6344K, committed 6464K, reserved 1048576K
}
Event: 20.537 GC heap after
{Heap after GC invocations=15 (full 0):
 garbage-first heap   total 110592K, used 53711K [0x0000000083400000, 0x0000000100000000)
  region size 1024K, 5 young (5120K), 5 survivors (5120K)
 Metaspace       used 52631K, committed 52928K, reserved 1114112K
  class space    used 6344K, committed 6464K, reserved 1048576K
}
Event: 22.968 GC heap before
{Heap before GC invocations=15 (full 0):
 garbage-first heap   total 110592K, used 84431K [0x0000000083400000, 0x0000000100000000)
  region size 1024K, 35 young (35840K), 5 survivors (5120K)
 Metaspace       used 53964K, committed 54272K, reserved 1114112K
  class space    used 6453K, committed 6592K, reserved 1048576K
}
Event: 23.001 GC heap after
{Heap after GC invocations=16 (full 0):
 garbage-first heap   total 110592K, used 57770K [0x0000000083400000, 0x0000000100000000)
  region size 1024K, 4 young (4096K), 4 survivors (4096K)
 Metaspace       used 53964K, committed 54272K, reserved 1114112K
  class space    used 6453K, committed 6592K, reserved 1048576K
}
Event: 25.489 GC heap before
{Heap before GC invocations=16 (full 0):
 garbage-first heap   total 110592K, used 85418K [0x0000000083400000, 0x0000000100000000)
  region size 1024K, 31 young (31744K), 4 survivors (4096K)
 Metaspace       used 56246K, committed 56576K, reserved 1114112K
  class space    used 6644K, committed 6784K, reserved 1048576K
}
Event: 25.511 GC heap after
{Heap after GC invocations=17 (full 0):
 garbage-first heap   total 110592K, used 60199K [0x0000000083400000, 0x0000000100000000)
  region size 1024K, 3 young (3072K), 3 survivors (3072K)
 Metaspace       used 56246K, committed 56576K, reserved 1114112K
  class space    used 6644K, committed 6784K, reserved 1048576K
}
Event: 28.726 GC heap before
{Heap before GC invocations=18 (full 0):
 garbage-first heap   total 110592K, used 87847K [0x0000000083400000, 0x0000000100000000)
  region size 1024K, 30 young (30720K), 3 survivors (3072K)
 Metaspace       used 57748K, committed 58112K, reserved 1114112K
  class space    used 6746K, committed 6912K, reserved 1048576K
}
Event: 28.749 GC heap after
{Heap after GC invocations=19 (full 0):
 garbage-first heap   total 110592K, used 63770K [0x0000000083400000, 0x0000000100000000)
  region size 1024K, 4 young (4096K), 4 survivors (4096K)
 Metaspace       used 57748K, committed 58112K, reserved 1114112K
  class space    used 6746K, committed 6912K, reserved 1048576K
}
Event: 28.823 GC heap before
{Heap before GC invocations=19 (full 0):
 garbage-first heap   total 110592K, used 64794K [0x0000000083400000, 0x0000000100000000)
  region size 1024K, 5 young (5120K), 4 survivors (4096K)
 Metaspace       used 57766K, committed 58112K, reserved 1114112K
  class space    used 6746K, committed 6912K, reserved 1048576K
}
Event: 28.847 GC heap after
{Heap after GC invocations=20 (full 0):
 garbage-first heap   total 110592K, used 64337K [0x0000000083400000, 0x0000000100000000)
  region size 1024K, 1 young (1024K), 1 survivors (1024K)
 Metaspace       used 57766K, committed 58112K, reserved 1114112K
  class space    used 6746K, committed 6912K, reserved 1048576K
}
Event: 28.966 GC heap before
{Heap before GC invocations=20 (full 0):
 garbage-first heap   total 110592K, used 65361K [0x0000000083400000, 0x0000000100000000)
  region size 1024K, 3 young (3072K), 1 survivors (1024K)
 Metaspace       used 57812K, committed 58112K, reserved 1114112K
  class space    used 6749K, committed 6912K, reserved 1048576K
}
Event: 28.971 GC heap after
{Heap after GC invocations=21 (full 0):
 garbage-first heap   total 202752K, used 64068K [0x0000000083400000, 0x0000000100000000)
  region size 1024K, 1 young (1024K), 1 survivors (1024K)
 Metaspace       used 57812K, committed 58112K, reserved 1114112K
  class space    used 6749K, committed 6912K, reserved 1048576K
}
Event: 39.714 GC heap before
{Heap before GC invocations=21 (full 0):
 garbage-first heap   total 202752K, used 155204K [0x0000000083400000, 0x0000000100000000)
  region size 1024K, 87 young (89088K), 1 survivors (1024K)
 Metaspace       used 59776K, committed 60096K, reserved 1114112K
  class space    used 6909K, committed 7040K, reserved 1048576K
}
Event: 39.730 GC heap after
{Heap after GC invocations=22 (full 0):
 garbage-first heap   total 202752K, used 72958K [0x0000000083400000, 0x0000000100000000)
  region size 1024K, 8 young (8192K), 8 survivors (8192K)
 Metaspace       used 59776K, committed 60096K, reserved 1114112K
  class space    used 6909K, committed 7040K, reserved 1048576K
}

Deoptimization events (20 events):
Event: 41.972 Thread 0x000002274790a2d0 Uncommon trap: trap_request=0xffffff45 fr.pc=0x00000227571c14e4 relative=0x0000000000000364
Event: 41.972 Thread 0x000002274790a2d0 Uncommon trap: reason=unstable_if action=reinterpret pc=0x00000227571c14e4 method=org.jetbrains.kotlin.psi.KtQualifiedExpression$DefaultImpls.getExpression(Lorg/jetbrains/kotlin/psi/KtQualifiedExpression;Z)Lorg/jetbrains/kotlin/psi/KtExpression; @ 59 c2
Event: 41.972 Thread 0x000002274790a2d0 DEOPT PACKING pc=0x00000227571c14e4 sp=0x000000473d1fc440
Event: 41.972 Thread 0x000002274790a2d0 DEOPT UNPACKING pc=0x00000227567323a3 sp=0x000000473d1fc3d0 mode 2
Event: 41.990 Thread 0x000002274790a2d0 Uncommon trap: trap_request=0xffffffde fr.pc=0x000002275730534c relative=0x000000000000052c
Event: 41.990 Thread 0x000002274790a2d0 Uncommon trap: reason=class_check action=maybe_recompile pc=0x000002275730534c method=org.jetbrains.kotlin.resolve.deprecation.DeprecationResolver.isHiddenInResolution(Lorg/jetbrains/kotlin/descriptors/DeclarationDescriptor;Lorg/jetbrains/kotlin/psi/KtEle
Event: 41.990 Thread 0x000002274790a2d0 DEOPT PACKING pc=0x000002275730534c sp=0x000000473d1fabd0
Event: 41.990 Thread 0x000002274790a2d0 DEOPT UNPACKING pc=0x00000227567323a3 sp=0x000000473d1fa9f8 mode 2
Event: 41.991 Thread 0x000002274790a2d0 Uncommon trap: trap_request=0xffffffde fr.pc=0x000002275730534c relative=0x000000000000052c
Event: 41.991 Thread 0x000002274790a2d0 Uncommon trap: reason=class_check action=maybe_recompile pc=0x000002275730534c method=org.jetbrains.kotlin.resolve.deprecation.DeprecationResolver.isHiddenInResolution(Lorg/jetbrains/kotlin/descriptors/DeclarationDescriptor;Lorg/jetbrains/kotlin/psi/KtEle
Event: 41.991 Thread 0x000002274790a2d0 DEOPT PACKING pc=0x000002275730534c sp=0x000000473d1fabd0
Event: 41.991 Thread 0x000002274790a2d0 DEOPT UNPACKING pc=0x00000227567323a3 sp=0x000000473d1fa9f8 mode 2
Event: 41.991 Thread 0x000002274790a2d0 Uncommon trap: trap_request=0xffffffde fr.pc=0x000002275730534c relative=0x000000000000052c
Event: 41.991 Thread 0x000002274790a2d0 Uncommon trap: reason=class_check action=maybe_recompile pc=0x000002275730534c method=org.jetbrains.kotlin.resolve.deprecation.DeprecationResolver.isHiddenInResolution(Lorg/jetbrains/kotlin/descriptors/DeclarationDescriptor;Lorg/jetbrains/kotlin/psi/KtEle
Event: 41.991 Thread 0x000002274790a2d0 DEOPT PACKING pc=0x000002275730534c sp=0x000000473d1fabd0
Event: 41.991 Thread 0x000002274790a2d0 DEOPT UNPACKING pc=0x00000227567323a3 sp=0x000000473d1fa9f8 mode 2
Event: 41.991 Thread 0x000002274790a2d0 Uncommon trap: trap_request=0xffffffde fr.pc=0x000002275730534c relative=0x000000000000052c
Event: 41.991 Thread 0x000002274790a2d0 Uncommon trap: reason=class_check action=maybe_recompile pc=0x000002275730534c method=org.jetbrains.kotlin.resolve.deprecation.DeprecationResolver.isHiddenInResolution(Lorg/jetbrains/kotlin/descriptors/DeclarationDescriptor;Lorg/jetbrains/kotlin/psi/KtEle
Event: 41.991 Thread 0x000002274790a2d0 DEOPT PACKING pc=0x000002275730534c sp=0x000000473d1fabd0
Event: 41.991 Thread 0x000002274790a2d0 DEOPT UNPACKING pc=0x00000227567323a3 sp=0x000000473d1fa9f8 mode 2

Classes unloaded (0 events):
No events

Classes redefined (0 events):
No events

Internal exceptions (20 events):
Event: 14.013 Thread 0x000002274790a2d0 Exception <a 'java/lang/NoSuchMethodError'{0x0000000088a31940}: 'java.lang.Object java.lang.invoke.DirectMethodHandle$Holder.newInvokeSpecial(java.lang.Object, java.lang.Object, java.lang.Object, java.lang.Object, int)'> (0x0000000088a31940) 
thrown [s\open\src\hotspot\share\interpreter\linkResolver.cpp, line 759]
Event: 14.014 Thread 0x000002274790a2d0 Exception <a 'java/lang/NoSuchMethodError'{0x0000000088a35f20}: 'java.lang.Object java.lang.invoke.DirectMethodHandle$Holder.invokeSpecial(java.lang.Object, java.lang.Object, java.lang.Object, java.lang.Object, java.lang.Object, int)'> (0x0000000088a35f20) 
thrown [s\open\src\hotspot\share\interpreter\linkResolver.cpp, line 759]
Event: 14.014 Thread 0x000002274790a2d0 Exception <a 'java/lang/NoSuchMethodError'{0x0000000088a39eb0}: 'java.lang.Object java.lang.invoke.Invokers$Holder.linkToTargetMethod(java.lang.Object, java.lang.Object, java.lang.Object, int, java.lang.Object)'> (0x0000000088a39eb0) 
thrown [s\open\src\hotspot\share\interpreter\linkResolver.cpp, line 759]
Event: 14.062 Thread 0x000002274790a2d0 Exception <a 'java/lang/NoSuchMethodError'{0x000000008897e288}: 'void java.lang.invoke.DirectMethodHandle$Holder.invokeInterface(java.lang.Object, java.lang.Object)'> (0x000000008897e288) 
thrown [s\open\src\hotspot\share\interpreter\linkResolver.cpp, line 759]
Event: 14.575 Thread 0x000002274790a2d0 Exception <a 'java/lang/NoSuchMethodError'{0x0000000087b2d850}: 'java.lang.Object java.lang.invoke.DirectMethodHandle$Holder.invokeStaticInit(java.lang.Object, java.lang.Object, java.lang.Object)'> (0x0000000087b2d850) 
thrown [s\open\src\hotspot\share\interpreter\linkResolver.cpp, line 759]
Event: 14.625 Thread 0x000002274790a2d0 Exception <a 'java/lang/NoSuchMethodError'{0x0000000087a0c168}: 'int java.lang.invoke.DirectMethodHandle$Holder.invokeSpecialIFC(java.lang.Object, java.lang.Object, java.lang.Object, java.lang.Object, java.lang.Object)'> (0x0000000087a0c168) 
thrown [s\open\src\hotspot\share\interpreter\linkResolver.cpp, line 759]
Event: 14.627 Thread 0x000002274790a2d0 Exception <a 'java/lang/NoSuchMethodError'{0x0000000087a16ae8}: 'java.lang.Object java.lang.invoke.DirectMethodHandle$Holder.invokeStatic(java.lang.Object, java.lang.Object, int)'> (0x0000000087a16ae8) 
thrown [s\open\src\hotspot\share\interpreter\linkResolver.cpp, line 759]
Event: 14.633 Thread 0x000002274790a2d0 Exception <a 'java/lang/NoSuchMethodError'{0x0000000087a31978}: 'void java.lang.invoke.DirectMethodHandle$Holder.invokeInterface(java.lang.Object, java.lang.Object, java.lang.Object)'> (0x0000000087a31978) 
thrown [s\open\src\hotspot\share\interpreter\linkResolver.cpp, line 759]
Event: 16.192 Thread 0x000002274790a2d0 Exception <a 'java/lang/NoSuchMethodError'{0x0000000088b36290}: 'int java.lang.invoke.DirectMethodHandle$Holder.invokeStaticInit(java.lang.Object, int)'> (0x0000000088b36290) 
thrown [s\open\src\hotspot\share\interpreter\linkResolver.cpp, line 759]
Event: 17.187 Thread 0x000002274790a2d0 Exception <a 'java/lang/NoSuchMethodError'{0x000000008812e2f8}: 'int java.lang.invoke.DirectMethodHandle$Holder.invokeInterface(java.lang.Object, java.lang.Object)'> (0x000000008812e2f8) 
thrown [s\open\src\hotspot\share\interpreter\linkResolver.cpp, line 759]
Event: 17.865 Thread 0x000002274790a2d0 Exception <a 'java/lang/NoSuchMethodError'{0x0000000087d98e78}: 'java.lang.Object java.lang.invoke.DirectMethodHandle$Holder.newInvokeSpecial(java.lang.Object, int, java.lang.Object)'> (0x0000000087d98e78) 
thrown [s\open\src\hotspot\share\interpreter\linkResolver.cpp, line 759]
Event: 21.033 Thread 0x000002274790a2d0 Exception <a 'java/lang/NoSuchMethodError'{0x00000000897cf1d8}: 'java.lang.Object java.lang.invoke.DirectMethodHandle$Holder.invokeInterface(java.lang.Object, java.lang.Object, java.lang.Object)'> (0x00000000897cf1d8) 
thrown [s\open\src\hotspot\share\interpreter\linkResolver.cpp, line 759]
Event: 21.034 Thread 0x000002274790a2d0 Exception <a 'java/lang/IncompatibleClassChangeError'{0x00000000897d2b48}: Found class java.lang.Object, but interface was expected> (0x00000000897d2b48) 
thrown [s\open\src\hotspot\share\interpreter\linkResolver.cpp, line 826]
Event: 21.630 Thread 0x000002274790a2d0 Exception <a 'java/lang/NoSuchMethodError'{0x0000000088c88838}: 'java.lang.Object java.lang.invoke.DirectMethodHandle$Holder.newInvokeSpecial(java.lang.Object, java.lang.Object, java.lang.Object, java.lang.Object, java.lang.Object, java.lang.Object, java.lang.Object)'> (0x0000000088c88838) 
thrown [s\open\src\hotspot\share\interpreter\linkResolver.cpp, line 759]
Event: 21.631 Thread 0x000002274790a2d0 Exception <a 'java/lang/NoSuchMethodError'{0x0000000088c8d3f0}: 'java.lang.Object java.lang.invoke.Invokers$Holder.linkToTargetMethod(java.lang.Object, java.lang.Object, java.lang.Object, java.lang.Object, java.lang.Object, java.lang.Object, java.lang.Object)'> (0x0000000088c8d3f0) 
thrown [s\open\src\hotspot\share\interpreter\linkResolver.cpp, line 759]
Event: 22.499 Thread 0x000002274790a2d0 Implicit null exception at 0x0000022757017540 to 0x0000022757018718
Event: 24.003 Thread 0x000002274790a2d0 Implicit null exception at 0x00000227570e0a00 to 0x00000227570e7f1c
Event: 27.686 Thread 0x000002274790a2d0 Implicit null exception at 0x00000227570c1d2c to 0x00000227570c1df8
Event: 28.583 Thread 0x000002274790a2d0 Exception <a 'java/lang/NoSuchMethodError'{0x000000008866ed48}: 'void java.lang.invoke.DirectMethodHandle$Holder.invokeStatic(java.lang.Object, java.lang.Object, java.lang.Object)'> (0x000000008866ed48) 
thrown [s\open\src\hotspot\share\interpreter\linkResolver.cpp, line 759]
Event: 29.120 Thread 0x000002274790a2d0 Implicit null exception at 0x000002275704dee0 to 0x000002275704e1ac

VM Operations (20 events):
Event: 39.355 Executing VM operation: ICBufferFull
Event: 39.374 Executing VM operation: ICBufferFull done
Event: 39.714 Executing VM operation: G1CollectForAllocation
Event: 39.730 Executing VM operation: G1CollectForAllocation done
Event: 39.737 Executing VM operation: HandshakeAllThreads
Event: 39.737 Executing VM operation: HandshakeAllThreads done
Event: 40.044 Executing VM operation: ICBufferFull
Event: 40.045 Executing VM operation: ICBufferFull done
Event: 40.535 Executing VM operation: ICBufferFull
Event: 40.535 Executing VM operation: ICBufferFull done
Event: 41.151 Executing VM operation: ICBufferFull
Event: 41.151 Executing VM operation: ICBufferFull done
Event: 41.680 Executing VM operation: HandshakeAllThreads
Event: 41.680 Executing VM operation: HandshakeAllThreads done
Event: 41.682 Executing VM operation: HandshakeAllThreads
Event: 41.682 Executing VM operation: HandshakeAllThreads done
Event: 41.881 Executing VM operation: ICBufferFull
Event: 41.891 Executing VM operation: ICBufferFull done
Event: 41.990 Executing VM operation: HandshakeAllThreads
Event: 41.990 Executing VM operation: HandshakeAllThreads done

Events (20 events):
Event: 36.566 Thread 0x0000022765a08810 flushing nmethod 0x0000022750a6ae10
Event: 36.567 Thread 0x0000022765a08810 flushing nmethod 0x0000022750aa5890
Event: 36.567 Thread 0x0000022765a08810 flushing nmethod 0x0000022750b0bc10
Event: 36.567 Thread 0x0000022765a08810 flushing nmethod 0x0000022750b56690
Event: 36.567 Thread 0x0000022765a08810 flushing nmethod 0x0000022750b6d590
Event: 36.567 Thread 0x0000022765a08810 flushing nmethod 0x0000022750b9b010
Event: 36.567 Thread 0x0000022765a08810 flushing nmethod 0x0000022750bc3410
Event: 36.567 Thread 0x0000022765a08810 flushing nmethod 0x0000022750bc6590
Event: 36.567 Thread 0x0000022765a08810 flushing nmethod 0x0000022750bc9710
Event: 36.568 Thread 0x0000022765a08810 flushing nmethod 0x0000022750be9a10
Event: 36.568 Thread 0x0000022765a08810 flushing nmethod 0x0000022750c02710
Event: 36.568 Thread 0x0000022765a08810 flushing nmethod 0x0000022750c84b90
Event: 36.568 Thread 0x0000022765a08810 flushing nmethod 0x0000022750cd4b10
Event: 36.570 Thread 0x0000022765a08810 flushing nmethod 0x0000022750e94c90
Event: 36.570 Thread 0x0000022765a08810 flushing nmethod 0x0000022750ecd210
Event: 39.738 Thread 0x0000022765a08810 flushing nmethod 0x0000022756e23790
Event: 39.740 Thread 0x0000022765a08810 flushing nmethod 0x00000227571f0390
Event: 39.751 Thread 0x0000022765a08810 flushing nmethod 0x000002274fd7ea90
Event: 39.759 Thread 0x0000022765a08810 flushing nmethod 0x0000022750637610
Event: 39.763 Thread 0x0000022765a08810 flushing nmethod 0x0000022750a16b10


Dynamic libraries:
0x00007ff606eb0000 - 0x00007ff606ec0000 	D:\jdk\bin\java.exe
0x00007ffb60ad0000 - 0x00007ffb60cc8000 	C:\WINDOWS\SYSTEM32\ntdll.dll
0x00007ffb5efb0000 - 0x00007ffb5f06d000 	C:\WINDOWS\System32\KERNEL32.DLL
0x00007ffb5e4f0000 - 0x00007ffb5e7e6000 	C:\WINDOWS\System32\KERNELBASE.dll
0x00007ffb5e1b0000 - 0x00007ffb5e2b0000 	C:\WINDOWS\System32\ucrtbase.dll
0x00007ffb3eac0000 - 0x00007ffb3ead9000 	D:\jdk\bin\jli.dll
0x00007ffb602e0000 - 0x00007ffb6038f000 	C:\WINDOWS\System32\ADVAPI32.dll
0x00007ffb5fa40000 - 0x00007ffb5fade000 	C:\WINDOWS\System32\msvcrt.dll
0x00007ffb5ebe0000 - 0x00007ffb5ec7c000 	C:\WINDOWS\System32\sechost.dll
0x00007ffb60790000 - 0x00007ffb608b6000 	C:\WINDOWS\System32\RPCRT4.dll
0x00007ffb5ee10000 - 0x00007ffb5efae000 	C:\WINDOWS\System32\USER32.dll
0x00007ffb5e990000 - 0x00007ffb5e9b2000 	C:\WINDOWS\System32\win32u.dll
0x00007ffb60a60000 - 0x00007ffb60a8c000 	C:\WINDOWS\System32\GDI32.dll
0x00007ffb5e9c0000 - 0x00007ffb5eada000 	C:\WINDOWS\System32\gdi32full.dll
0x00007ffb5e8f0000 - 0x00007ffb5e98d000 	C:\WINDOWS\System32\msvcp_win.dll
0x00007ffb53e70000 - 0x00007ffb53e8b000 	D:\jdk\bin\VCRUNTIME140.dll
0x00007ffb38940000 - 0x00007ffb38bda000 	C:\WINDOWS\WinSxS\amd64_microsoft.windows.common-controls_6595b64144ccf1df_6.0.19041.3636_none_60b6a03d71f818d5\COMCTL32.dll
0x00007ffb525e0000 - 0x00007ffb525ea000 	C:\WINDOWS\SYSTEM32\VERSION.dll
0x00007ffb5fa10000 - 0x00007ffb5fa40000 	C:\WINDOWS\System32\IMM32.DLL
0x00007ffb558e0000 - 0x00007ffb558ec000 	D:\jdk\bin\vcruntime140_1.dll
0x00007ffb1cda0000 - 0x00007ffb1ce2e000 	D:\jdk\bin\msvcp140.dll
0x00007ffab8390000 - 0x00007ffab8f6e000 	D:\jdk\bin\server\jvm.dll
0x00007ffb60620000 - 0x00007ffb60628000 	C:\WINDOWS\System32\PSAPI.DLL
0x00007ffb3f5e0000 - 0x00007ffb3f5e9000 	C:\WINDOWS\SYSTEM32\WSOCK32.dll
0x00007ffb41e20000 - 0x00007ffb41e47000 	C:\WINDOWS\SYSTEM32\WINMM.dll
0x00007ffb60400000 - 0x00007ffb6046b000 	C:\WINDOWS\System32\WS2_32.dll
0x00007ffb5ca00000 - 0x00007ffb5ca12000 	C:\WINDOWS\SYSTEM32\kernel.appcore.dll
0x00007ffb42ff0000 - 0x00007ffb42ffa000 	D:\jdk\bin\jimage.dll
0x00007ffb5bd70000 - 0x00007ffb5bf54000 	C:\WINDOWS\SYSTEM32\DBGHELP.DLL
0x00007ffb39260000 - 0x00007ffb39294000 	C:\WINDOWS\SYSTEM32\dbgcore.DLL
0x00007ffb5e7f0000 - 0x00007ffb5e872000 	C:\WINDOWS\System32\bcryptPrimitives.dll
0x00007ffb3d810000 - 0x00007ffb3d835000 	D:\jdk\bin\java.dll
0x00007ffb1c4f0000 - 0x00007ffb1c5c7000 	D:\jdk\bin\jsvml.dll
0x00007ffb5fb90000 - 0x00007ffb602d4000 	C:\WINDOWS\System32\SHELL32.dll
0x00007ffb5c250000 - 0x00007ffb5c9eb000 	C:\WINDOWS\SYSTEM32\windows.storage.dll
0x00007ffb5f4e0000 - 0x00007ffb5f834000 	C:\WINDOWS\System32\combase.dll
0x00007ffb5dbf0000 - 0x00007ffb5dc1d000 	C:\WINDOWS\SYSTEM32\Wldp.dll
0x00007ffb5fae0000 - 0x00007ffb5fb8d000 	C:\WINDOWS\System32\SHCORE.dll
0x00007ffb603a0000 - 0x00007ffb603f5000 	C:\WINDOWS\System32\shlwapi.dll
0x00007ffb5e0e0000 - 0x00007ffb5e105000 	C:\WINDOWS\SYSTEM32\profapi.dll
0x00007ffb3d7f0000 - 0x00007ffb3d809000 	D:\jdk\bin\net.dll
0x00007ffb5b190000 - 0x00007ffb5b29a000 	C:\WINDOWS\SYSTEM32\WINHTTP.dll
0x00007ffb5d950000 - 0x00007ffb5d9ba000 	C:\WINDOWS\system32\mswsock.dll
0x00007ffb3d370000 - 0x00007ffb3d386000 	D:\jdk\bin\nio.dll
0x00007ffb3d350000 - 0x00007ffb3d368000 	D:\jdk\bin\zip.dll
0x00007ffb43ff0000 - 0x00007ffb44000000 	D:\jdk\bin\verify.dll

dbghelp: loaded successfully - version: 4.0.5 - missing functions: none
symbol engine: initialized successfully - sym options: 0x614 - pdb path: .;D:\jdk\bin;C:\WINDOWS\SYSTEM32;C:\WINDOWS\WinSxS\amd64_microsoft.windows.common-controls_6595b64144ccf1df_6.0.19041.3636_none_60b6a03d71f818d5;D:\jdk\bin\server

VM Arguments:
java_command: org.jetbrains.kotlin.cli.jvm.K2JVMCompiler @C:\Users\Mmjiang\Desktop\AwesomeProject\node_modules\react-native-gesture-handler\android\build\20231211_15186163927014453653.compiler.options
java_class_path (initial): C:\Users\Mmjiang\.gradle\caches\modules-2\files-2.1\org.jetbrains.kotlin\kotlin-compiler-embeddable\1.6.21\97bdd5a752ce73b58ef16c17bc7f0ea2faff7a2e\kotlin-compiler-embeddable-1.6.21.jar;C:\Users\Mmjiang\.gradle\caches\modules-2\files-2.1\org.jetbrains.kotlin\kotlin-reflect\1.6.21\5dc3574d9b7bebfcb4ec6b10ada4aaa9e140bd0b\kotlin-reflect-1.6.21.jar;C:\Users\Mmjiang\.gradle\caches\modules-2\files-2.1\org.jetbrains.kotlin\kotlin-stdlib\1.6.21\11ef67f1900634fd951bad28c53ec957fabbe5b8\kotlin-stdlib-1.6.21.jar;C:\Users\Mmjiang\.gradle\caches\modules-2\files-2.1\org.jetbrains.kotlin\kotlin-script-runtime\1.6.21\99c6675100da5d6d5b1c5a1032f27f28008d101b\kotlin-script-runtime-1.6.21.jar;C:\Users\Mmjiang\.gradle\caches\modules-2\files-2.1\org.jetbrains.kotlin\kotlin-daemon-embeddable\1.6.21\46b78cf392e1c4f10854c3cadba44abb7b82250f\kotlin-daemon-embeddable-1.6.21.jar;C:\Users\Mmjiang\.gradle\caches\modules-2\files-2.1\org.jetbrains.intellij.deps\trove4j\1.0.20200330\3afb14d5f9ceb459d724e907a21145e8ff394f02\trove4j-1.0.20200330.jar;C:\Users\Mmjiang\.gradle\caches\modules-2\files-2.1\net.java.dev.jna\jna\5.6.0\330f2244e9030119ab3030fc3fededc86713d9cc\jna-5.6.0.jar;C:\Users\Mmjiang\.gradle\caches\modules-2\files-2.1\org.jetbrains.kotlin\kotlin-stdlib-common\1.6.21\5e5b55c26dbc80372a920aef60eb774b714559b8\kotlin-stdlib-common-1.6.21.jar;C:\Users\Mmjiang\.gradle\caches\modules-2\files-2.1\org.jetbrains\annotations\13.0\919f0dfe192fb4e063e7dacadee7f8bb9a2672a9\annotations-13.0.jar
Launcher Type: SUN_STANDARD

[Global flags]
     intx CICompilerCount                          = 4                                         {product} {ergonomic}
     uint ConcGCThreads                            = 2                                         {product} {ergonomic}
     uint G1ConcRefinementThreads                  = 8                                         {product} {ergonomic}
   size_t G1HeapRegionSize                         = 1048576                                   {product} {ergonomic}
    uintx GCDrainStackTargetSize                   = 64                                        {product} {ergonomic}
   size_t InitialHeapSize                          = 132120576                                 {product} {ergonomic}
   size_t MarkStackSize                            = 4194304                                   {product} {ergonomic}
   size_t MaxHeapSize                              = 2092957696                                {product} {ergonomic}
   size_t MaxNewSize                               = 1255145472                                {product} {ergonomic}
   size_t MinHeapDeltaBytes                        = 1048576                                   {product} {ergonomic}
   size_t MinHeapSize                              = 8388608                                   {product} {ergonomic}
    uintx NonNMethodCodeHeapSize                   = 5839372                                {pd product} {ergonomic}
    uintx NonProfiledCodeHeapSize                  = 122909434                              {pd product} {ergonomic}
    uintx ProfiledCodeHeapSize                     = 122909434                              {pd product} {ergonomic}
    uintx ReservedCodeCacheSize                    = 251658240                              {pd product} {ergonomic}
     bool SegmentedCodeCache                       = true                                      {product} {ergonomic}
   size_t SoftMaxHeapSize                          = 2092957696                             {manageable} {ergonomic}
     bool UseCompressedClassPointers               = true                           {product lp64_product} {ergonomic}
     bool UseCompressedOops                        = true                           {product lp64_product} {ergonomic}
     bool UseG1GC                                  = true                                      {product} {ergonomic}
     bool UseLargePagesIndividualAllocation        = false                                  {pd product} {ergonomic}

Logging:
Log output configuration:
 #0: stdout all=warning uptime,level,tags
 #1: stderr all=off uptime,level,tags

Environment Variables:
JAVA_HOME=D:\jdk
CLASSPATH=C:\Users\Mmjiang\Desktop\AwesomeProject\android\\gradle\wrapper\gradle-wrapper.jar
PATH=C:\Users\Mmjiang\Desktop\AwesomeProject\node_modules\.bin;C:\Users\Mmjiang\Desktop\AwesomeProject\node_modules\.bin;C:\Users\Mmjiang\Desktop\node_modules\.bin;C:\Users\Mmjiang\node_modules\.bin;C:\Users\node_modules\.bin;C:\node_modules\.bin;C:\Users\Mmjiang\AppData\Roaming\npm\node_modules\npm\node_modules\@npmcli\run-script\lib\node-gyp-bin;C:\Users\Mmjiang\AppData\Local\Temp\yarn--1702260111452-0.4077333064817952;C:\Users\Mmjiang\Desktop\AwesomeProject\node_modules\.bin;C:\Users\Mmjiang\AppData\Local\Yarn\Data\link\node_modules\.bin;C:\Users\Mmjiang\AppData\Local\Yarn\bin;D:\libexec\lib\node_modules\npm\bin\node-gyp-bin;D:\lib\node_modules\npm\bin\node-gyp-bin;D:\nodejs\node_modules\npm\bin\node-gyp-bin;C:\Program Files\Common Files\Oracle\Java\javapath;C:\Python311\Scripts\;C:\Python311\;D:\bin\;C:\WINDOWS\system32;C:\WINDOWS;C:\WINDOWS\System32\Wbem;C:\WINDOWS\System32\WindowsPowerShell\v1.0\;C:\WINDOWS\System32\OpenSSH\;C:\Program Files\MySQL\MySQL Server 5.7\bin;D:\;C:\ProgramData\chocolatey\bin;D:\nodejs\;D:\android-sdk\Sdk\emulator;D:\android-sdk\Sdk\platform-tools;D:\android-sdk\Sdk\cmdline-tools\10.0\bin;D:\LLVM\bin;C:\Users\Mmjiang\AppData\Local\Programs\Python\Python37\Scripts\;C:\Users\Mmjiang\AppData\Local\Programs\Python\Python37\;C:\Users\Mmjiang\AppData\Local\Microsoft\WindowsApps;C:\Program Files (x86)\SSH Communications Security\SSH Secure Shell;C:\Users\Mmjiang\AppData\Local\Pandoc\;D:\MiTeX\miktex\bin\x64\;C:\Users\Mmjiang\Desktop\G\bin;C:\Program Files (x86)\Tencent\WeChat\;C:\Program Files\Bandizip\;D:\Git\cmd;D:\Mogoose\bin;D:\CLion 2023.2\bin;;C:\Users\Mmjiang\AppData\Roaming\npm;D:\Microsoft VS Code\bin
USERNAME=Mmjiang
OS=Windows_NT
PROCESSOR_IDENTIFIER=Intel64 Family 6 Model 142 Stepping 12, GenuineIntel



---------------  S Y S T E M  ---------------

OS:
 Windows 10 , 64 bit Build 19041 (10.0.19041.3636)
OS uptime: 19 days 8:11 hours

CPU: total 8 (initial active 8) (4 cores per cpu, 2 threads per core) family 6 model 142 stepping 12 microcode 0xde, cx8, cmov, fxsr, ht, mmx, 3dnowpref, sse, sse2, sse3, ssse3, sse4.1, sse4.2, popcnt, lzcnt, tsc, tscinvbit, avx, avx2, aes, erms, clmul, bmi1, bmi2, adx, fma, vzeroupper, clflush, clflushopt

Memory: 4k page, system-wide physical 7977M (395M free)
TotalPageFile size 32553M (AvailPageFile size 0M)
current process WorkingSet (physical memory assigned to process): 392M, peak: 392M
current process commit charge ("private bytes"): 450M, peak: 476M

vm_info: Java HotSpot(TM) 64-Bit Server VM (17.0.8+9-LTS-211) for windows-amd64 JRE (17.0.8+9-LTS-211), built on Jun 14 2023 10:34:31 by "mach5one" with MS VC++ 17.1 (VS2022)

END.
