#
# There is insufficient memory for the Java Runtime Environment to continue.
# Native memory allocation (malloc) failed to allocate 203936 bytes for Chunk::new
# Possible reasons:
#   The system is out of physical RAM or swap space
#   The process is running with CompressedOops enabled, and the Java Heap may be blocking the growth of the native heap
# Possible solutions:
#   Reduce memory load on the system
#   Increase physical memory or swap space
#   Check if swap backing store is full
#   Decrease Java heap size (-Xmx/-Xms)
#   Decrease number of Java threads
#   Decrease Java thread stack sizes (-Xss)
#   Set larger code cache with -XX:ReservedCodeCacheSize=
#   JVM is running with Unscaled Compressed Oops mode in which the Java heap is
#     placed in the first 4GB address space. The Java Heap base address is the
#     maximum limit for the native heap growth. Please use -XX:HeapBaseMinAddress
#     to set the Java Heap base and to place the Java Heap above 4GB virtual address.
# This output file may be truncated or incomplete.
#
#  Out of Memory Error (arena.cpp:189), pid=18540, tid=24704
#
# JRE version: Java(TM) SE Runtime Environment (17.0.8+9) (build 17.0.8+9-LTS-211)
# Java VM: Java HotSpot(TM) 64-Bit Server VM (17.0.8+9-LTS-211, mixed mode, sharing, tiered, compressed oops, compressed class ptrs, g1 gc, windows-amd64)
# No core dump will be written. Minidumps are not enabled by default on client versions of Windows
#

---------------  S U M M A R Y ------------

Command Line: -Xmx64m -Xms64m -Dorg.gradle.appname=gradlew org.gradle.wrapper.GradleWrapperMain app:installDebug -PreactNativeDevServerPort=8081

Host: Intel(R) Core(TM) i5-10210U CPU @ 1.60GHz, 8 cores, 7G,  Windows 10 , 64 bit Build 19041 (10.0.19041.3636)
Time: Mon Dec 11 09:55:23 2023  Windows 10 , 64 bit Build 19041 (10.0.19041.3636) elapsed time: 82.173416 seconds (0d 0h 1m 22s)

---------------  T H R E A D  ---------------

Current thread (0x00000160ef337670):  JavaThread "C2 CompilerThread0" daemon [_thread_in_native, id=24704, stack(0x0000005e3d600000,0x0000005e3d700000)]


Current CompileTask:
C2:  82173 1670 % !   4       java.io.BufferedReader::readLine @ 139 (327 bytes)

Stack: [0x0000005e3d600000,0x0000005e3d700000]
Native frames: (J=compiled Java code, j=interpreted, Vv=VM code, C=native code)
V  [jvm.dll+0x677d0a]
V  [jvm.dll+0x7d8c54]
V  [jvm.dll+0x7da3fe]
V  [jvm.dll+0x7daa63]
V  [jvm.dll+0x245c5f]
V  [jvm.dll+0xaaa6b]
V  [jvm.dll+0xab00c]
V  [jvm.dll+0x2ab5cf]
V  [jvm.dll+0x580435]
V  [jvm.dll+0x220b22]
V  [jvm.dll+0x220eff]
V  [jvm.dll+0x219e56]
V  [jvm.dll+0x217329]
V  [jvm.dll+0x1a3af0]
V  [jvm.dll+0x2270be]
V  [jvm.dll+0x22535b]
V  [jvm.dll+0x78e7bc]
V  [jvm.dll+0x788bba]
V  [jvm.dll+0x676b35]
C  [ucrtbase.dll+0x21bb2]
C  [KERNEL32.DLL+0x17344]
C  [ntdll.dll+0x526b1]


---------------  P R O C E S S  ---------------

Threads class SMR info:
_java_thread_list=0x00000160f45a48f0, length=13, elements={
0x00000160d5b96600, 0x00000160ef30ec90, 0x00000160ef30feb0, 0x00000160ef32b350,
0x00000160ef32cb20, 0x00000160ef32f890, 0x00000160ef32fe50, 0x00000160ef337670,
0x00000160ef342db0, 0x00000160ef338410, 0x00000160ef4cdea0, 0x00000160ef4d51d0,
0x00000160f486c050
}

Java Threads: ( => current thread )
  0x00000160d5b96600 JavaThread "main" [_thread_blocked, id=29064, stack(0x0000005e3c900000,0x0000005e3ca00000)]
  0x00000160ef30ec90 JavaThread "Reference Handler" daemon [_thread_blocked, id=25480, stack(0x0000005e3d000000,0x0000005e3d100000)]
  0x00000160ef30feb0 JavaThread "Finalizer" daemon [_thread_blocked, id=27280, stack(0x0000005e3d100000,0x0000005e3d200000)]
  0x00000160ef32b350 JavaThread "Signal Dispatcher" daemon [_thread_blocked, id=30276, stack(0x0000005e3d200000,0x0000005e3d300000)]
  0x00000160ef32cb20 JavaThread "Attach Listener" daemon [_thread_blocked, id=30284, stack(0x0000005e3d300000,0x0000005e3d400000)]
  0x00000160ef32f890 JavaThread "Service Thread" daemon [_thread_blocked, id=27672, stack(0x0000005e3d400000,0x0000005e3d500000)]
  0x00000160ef32fe50 JavaThread "Monitor Deflation Thread" daemon [_thread_blocked, id=28536, stack(0x0000005e3d500000,0x0000005e3d600000)]
=>0x00000160ef337670 JavaThread "C2 CompilerThread0" daemon [_thread_in_native, id=24704, stack(0x0000005e3d600000,0x0000005e3d700000)]
  0x00000160ef342db0 JavaThread "C1 CompilerThread0" daemon [_thread_blocked, id=27372, stack(0x0000005e3d700000,0x0000005e3d800000)]
  0x00000160ef338410 JavaThread "Sweeper thread" daemon [_thread_blocked, id=6364, stack(0x0000005e3d800000,0x0000005e3d900000)]
  0x00000160ef4cdea0 JavaThread "Notification Thread" daemon [_thread_blocked, id=27224, stack(0x0000005e3d900000,0x0000005e3da00000)]
  0x00000160ef4d51d0 JavaThread "Common-Cleaner" daemon [_thread_blocked, id=24336, stack(0x0000005e3db00000,0x0000005e3dc00000)]
  0x00000160f486c050 JavaThread "DisconnectableInputStream source reader" daemon [_thread_in_native, id=31156, stack(0x0000005e3e300000,0x0000005e3e400000)]

Other Threads:
  0x00000160ef306840 VMThread "VM Thread" [stack: 0x0000005e3cf00000,0x0000005e3d000000] [id=28208]
  0x00000160d5bc1080 WatcherThread [stack: 0x0000005e3da00000,0x0000005e3db00000] [id=7616]
  0x00000160d5bb6e50 GCTaskThread "GC Thread#0" [stack: 0x0000005e3ca00000,0x0000005e3cb00000] [id=27344]
  0x00000160f4461a00 GCTaskThread "GC Thread#1" [stack: 0x0000005e3dd00000,0x0000005e3de00000] [id=27504]
  0x00000160f441e9f0 GCTaskThread "GC Thread#2" [stack: 0x0000005e3de00000,0x0000005e3df00000] [id=28168]
  0x00000160f44626a0 GCTaskThread "GC Thread#3" [stack: 0x0000005e3df00000,0x0000005e3e000000] [id=29544]
  0x00000160f454d140 GCTaskThread "GC Thread#4" [stack: 0x0000005e3e000000,0x0000005e3e100000] [id=972]
  0x00000160f4408df0 GCTaskThread "GC Thread#5" [stack: 0x0000005e3e100000,0x0000005e3e200000] [id=12752]
  0x00000160d5bb8590 ConcurrentGCThread "G1 Main Marker" [stack: 0x0000005e3cb00000,0x0000005e3cc00000] [id=3964]
  0x00000160d5bb8fa0 ConcurrentGCThread "G1 Conc#0" [stack: 0x0000005e3cc00000,0x0000005e3cd00000] [id=18924]
  0x00000160d5c19a20 ConcurrentGCThread "G1 Refine#0" [stack: 0x0000005e3cd00000,0x0000005e3ce00000] [id=25552]
  0x00000160d5c1c060 ConcurrentGCThread "G1 Service" [stack: 0x0000005e3ce00000,0x0000005e3cf00000] [id=27108]

Threads with active compile tasks:
C2 CompilerThread0    82220 1670 % !   4       java.io.BufferedReader::readLine @ 139 (327 bytes)

VM state: not at safepoint (normal execution)

VM Mutex/Monitor currently owned by a thread: None

Heap address: 0x00000000fc000000, size: 64 MB, Compressed Oops mode: 32-bit

CDS archive(s) mapped at: [0x0000016080000000-0x0000016080bd0000-0x0000016080bd0000), size 12386304, SharedBaseAddress: 0x0000016080000000, ArchiveRelocationMode: 1.
Compressed class space mapped at: 0x0000016081000000-0x00000160c1000000, reserved size: 1073741824
Narrow klass base: 0x0000016080000000, Narrow klass shift: 0, Narrow klass range: 0x100000000

GC Precious Log:
 CPUs: 8 total, 8 available
 Memory: 7977M
 Large Page Support: Disabled
 NUMA Support: Disabled
 Compressed Oops: Enabled (32-bit)
 Heap Region Size: 1M
 Heap Min Capacity: 64M
 Heap Initial Capacity: 64M
 Heap Max Capacity: 64M
 Pre-touch: Disabled
 Parallel Workers: 8
 Concurrent Workers: 2
 Concurrent Refinement Workers: 8
 Periodic GC: Disabled

Heap:
 garbage-first heap   total 65536K, used 29168K [0x00000000fc000000, 0x0000000100000000)
  region size 1024K, 22 young (22528K), 3 survivors (3072K)
 Metaspace       used 9176K, committed 9344K, reserved 1114112K
  class space    used 1205K, committed 1280K, reserved 1048576K

Heap Regions: E=young(eden), S=young(survivor), O=old, HS=humongous(starts), HC=humongous(continues), CS=collection set, F=free, OA=open archive, CA=closed archive, TAMS=top-at-mark-start (previous, next)
|   0|0x00000000fc000000, 0x00000000fc100000, 0x00000000fc100000|100%|HS|  |TAMS 0x00000000fc000000, 0x00000000fc000000| Complete 
|   1|0x00000000fc100000, 0x00000000fc200000, 0x00000000fc200000|100%|HC|  |TAMS 0x00000000fc100000, 0x00000000fc100000| Complete 
|   2|0x00000000fc200000, 0x00000000fc300000, 0x00000000fc300000|100%|HC|  |TAMS 0x00000000fc200000, 0x00000000fc200000| Complete 
|   3|0x00000000fc300000, 0x00000000fc400000, 0x00000000fc400000|100%|HC|  |TAMS 0x00000000fc300000, 0x00000000fc300000| Complete 
|   4|0x00000000fc400000, 0x00000000fc500000, 0x00000000fc500000|100%| O|  |TAMS 0x00000000fc400000, 0x00000000fc400000| Untracked 
|   5|0x00000000fc500000, 0x00000000fc600000, 0x00000000fc600000|100%| O|  |TAMS 0x00000000fc500000, 0x00000000fc500000| Untracked 
|   6|0x00000000fc600000, 0x00000000fc700000, 0x00000000fc700000|100%| O|  |TAMS 0x00000000fc600000, 0x00000000fc600000| Untracked 
|   7|0x00000000fc700000, 0x00000000fc77c200, 0x00000000fc800000| 48%| O|  |TAMS 0x00000000fc700000, 0x00000000fc700000| Untracked 
|   8|0x00000000fc800000, 0x00000000fc800000, 0x00000000fc900000|  0%| F|  |TAMS 0x00000000fc800000, 0x00000000fc800000| Untracked 
|   9|0x00000000fc900000, 0x00000000fc900000, 0x00000000fca00000|  0%| F|  |TAMS 0x00000000fc900000, 0x00000000fc900000| Untracked 
|  10|0x00000000fca00000, 0x00000000fca00000, 0x00000000fcb00000|  0%| F|  |TAMS 0x00000000fca00000, 0x00000000fca00000| Untracked 
|  11|0x00000000fcb00000, 0x00000000fcb00000, 0x00000000fcc00000|  0%| F|  |TAMS 0x00000000fcb00000, 0x00000000fcb00000| Untracked 
|  12|0x00000000fcc00000, 0x00000000fcc00000, 0x00000000fcd00000|  0%| F|  |TAMS 0x00000000fcc00000, 0x00000000fcc00000| Untracked 
|  13|0x00000000fcd00000, 0x00000000fcd00000, 0x00000000fce00000|  0%| F|  |TAMS 0x00000000fcd00000, 0x00000000fcd00000| Untracked 
|  14|0x00000000fce00000, 0x00000000fce00000, 0x00000000fcf00000|  0%| F|  |TAMS 0x00000000fce00000, 0x00000000fce00000| Untracked 
|  15|0x00000000fcf00000, 0x00000000fcf00000, 0x00000000fd000000|  0%| F|  |TAMS 0x00000000fcf00000, 0x00000000fcf00000| Untracked 
|  16|0x00000000fd000000, 0x00000000fd000000, 0x00000000fd100000|  0%| F|  |TAMS 0x00000000fd000000, 0x00000000fd000000| Untracked 
|  17|0x00000000fd100000, 0x00000000fd100000, 0x00000000fd200000|  0%| F|  |TAMS 0x00000000fd100000, 0x00000000fd100000| Untracked 
|  18|0x00000000fd200000, 0x00000000fd200000, 0x00000000fd300000|  0%| F|  |TAMS 0x00000000fd200000, 0x00000000fd200000| Untracked 
|  19|0x00000000fd300000, 0x00000000fd300000, 0x00000000fd400000|  0%| F|  |TAMS 0x00000000fd300000, 0x00000000fd300000| Untracked 
|  20|0x00000000fd400000, 0x00000000fd400000, 0x00000000fd500000|  0%| F|  |TAMS 0x00000000fd400000, 0x00000000fd400000| Untracked 
|  21|0x00000000fd500000, 0x00000000fd500000, 0x00000000fd600000|  0%| F|  |TAMS 0x00000000fd500000, 0x00000000fd500000| Untracked 
|  22|0x00000000fd600000, 0x00000000fd600000, 0x00000000fd700000|  0%| F|  |TAMS 0x00000000fd600000, 0x00000000fd600000| Untracked 
|  23|0x00000000fd700000, 0x00000000fd700000, 0x00000000fd800000|  0%| F|  |TAMS 0x00000000fd700000, 0x00000000fd700000| Untracked 
|  24|0x00000000fd800000, 0x00000000fd800000, 0x00000000fd900000|  0%| F|  |TAMS 0x00000000fd800000, 0x00000000fd800000| Untracked 
|  25|0x00000000fd900000, 0x00000000fd900000, 0x00000000fda00000|  0%| F|  |TAMS 0x00000000fd900000, 0x00000000fd900000| Untracked 
|  26|0x00000000fda00000, 0x00000000fda00000, 0x00000000fdb00000|  0%| F|  |TAMS 0x00000000fda00000, 0x00000000fda00000| Untracked 
|  27|0x00000000fdb00000, 0x00000000fdb00000, 0x00000000fdc00000|  0%| F|  |TAMS 0x00000000fdb00000, 0x00000000fdb00000| Untracked 
|  28|0x00000000fdc00000, 0x00000000fdc00000, 0x00000000fdd00000|  0%| F|  |TAMS 0x00000000fdc00000, 0x00000000fdc00000| Untracked 
|  29|0x00000000fdd00000, 0x00000000fdd00000, 0x00000000fde00000|  0%| F|  |TAMS 0x00000000fdd00000, 0x00000000fdd00000| Untracked 
|  30|0x00000000fde00000, 0x00000000fde00000, 0x00000000fdf00000|  0%| F|  |TAMS 0x00000000fde00000, 0x00000000fde00000| Untracked 
|  31|0x00000000fdf00000, 0x00000000fdf00000, 0x00000000fe000000|  0%| F|  |TAMS 0x00000000fdf00000, 0x00000000fdf00000| Untracked 
|  32|0x00000000fe000000, 0x00000000fe000000, 0x00000000fe100000|  0%| F|  |TAMS 0x00000000fe000000, 0x00000000fe000000| Untracked 
|  33|0x00000000fe100000, 0x00000000fe100000, 0x00000000fe200000|  0%| F|  |TAMS 0x00000000fe100000, 0x00000000fe100000| Untracked 
|  34|0x00000000fe200000, 0x00000000fe200000, 0x00000000fe300000|  0%| F|  |TAMS 0x00000000fe200000, 0x00000000fe200000| Untracked 
|  35|0x00000000fe300000, 0x00000000fe300000, 0x00000000fe400000|  0%| F|  |TAMS 0x00000000fe300000, 0x00000000fe300000| Untracked 
|  36|0x00000000fe400000, 0x00000000fe400000, 0x00000000fe500000|  0%| F|  |TAMS 0x00000000fe400000, 0x00000000fe400000| Untracked 
|  37|0x00000000fe500000, 0x00000000fe500000, 0x00000000fe600000|  0%| F|  |TAMS 0x00000000fe500000, 0x00000000fe500000| Untracked 
|  38|0x00000000fe600000, 0x00000000fe700000, 0x00000000fe700000|100%| S|CS|TAMS 0x00000000fe600000, 0x00000000fe600000| Complete 
|  39|0x00000000fe700000, 0x00000000fe800000, 0x00000000fe800000|100%| S|CS|TAMS 0x00000000fe700000, 0x00000000fe700000| Complete 
|  40|0x00000000fe800000, 0x00000000fe900000, 0x00000000fe900000|100%| S|CS|TAMS 0x00000000fe800000, 0x00000000fe800000| Complete 
|  41|0x00000000fe900000, 0x00000000fe900000, 0x00000000fea00000|  0%| F|  |TAMS 0x00000000fe900000, 0x00000000fe900000| Untracked 
|  42|0x00000000fea00000, 0x00000000fea00000, 0x00000000feb00000|  0%| F|  |TAMS 0x00000000fea00000, 0x00000000fea00000| Untracked 
|  43|0x00000000feb00000, 0x00000000feb00000, 0x00000000fec00000|  0%| F|  |TAMS 0x00000000feb00000, 0x00000000feb00000| Untracked 
|  44|0x00000000fec00000, 0x00000000fec00000, 0x00000000fed00000|  0%| F|  |TAMS 0x00000000fec00000, 0x00000000fec00000| Untracked 
|  45|0x00000000fed00000, 0x00000000fedd7910, 0x00000000fee00000| 84%| E|  |TAMS 0x00000000fed00000, 0x00000000fed00000| Complete 
|  46|0x00000000fee00000, 0x00000000fef00000, 0x00000000fef00000|100%| E|CS|TAMS 0x00000000fee00000, 0x00000000fee00000| Complete 
|  47|0x00000000fef00000, 0x00000000ff000000, 0x00000000ff000000|100%| E|CS|TAMS 0x00000000fef00000, 0x00000000fef00000| Complete 
|  48|0x00000000ff000000, 0x00000000ff100000, 0x00000000ff100000|100%| E|CS|TAMS 0x00000000ff000000, 0x00000000ff000000| Complete 
|  49|0x00000000ff100000, 0x00000000ff200000, 0x00000000ff200000|100%| E|CS|TAMS 0x00000000ff100000, 0x00000000ff100000| Complete 
|  50|0x00000000ff200000, 0x00000000ff300000, 0x00000000ff300000|100%| E|CS|TAMS 0x00000000ff200000, 0x00000000ff200000| Complete 
|  51|0x00000000ff300000, 0x00000000ff400000, 0x00000000ff400000|100%| E|CS|TAMS 0x00000000ff300000, 0x00000000ff300000| Complete 
|  52|0x00000000ff400000, 0x00000000ff500000, 0x00000000ff500000|100%| E|CS|TAMS 0x00000000ff400000, 0x00000000ff400000| Complete 
|  53|0x00000000ff500000, 0x00000000ff600000, 0x00000000ff600000|100%| E|CS|TAMS 0x00000000ff500000, 0x00000000ff500000| Complete 
|  54|0x00000000ff600000, 0x00000000ff700000, 0x00000000ff700000|100%| E|CS|TAMS 0x00000000ff600000, 0x00000000ff600000| Complete 
|  55|0x00000000ff700000, 0x00000000ff800000, 0x00000000ff800000|100%| E|CS|TAMS 0x00000000ff700000, 0x00000000ff700000| Complete 
|  56|0x00000000ff800000, 0x00000000ff900000, 0x00000000ff900000|100%| E|CS|TAMS 0x00000000ff800000, 0x00000000ff800000| Complete 
|  57|0x00000000ff900000, 0x00000000ffa00000, 0x00000000ffa00000|100%| E|CS|TAMS 0x00000000ff900000, 0x00000000ff900000| Complete 
|  58|0x00000000ffa00000, 0x00000000ffb00000, 0x00000000ffb00000|100%| E|CS|TAMS 0x00000000ffa00000, 0x00000000ffa00000| Complete 
|  59|0x00000000ffb00000, 0x00000000ffc00000, 0x00000000ffc00000|100%| E|CS|TAMS 0x00000000ffb00000, 0x00000000ffb00000| Complete 
|  60|0x00000000ffc00000, 0x00000000ffd00000, 0x00000000ffd00000|100%| E|CS|TAMS 0x00000000ffc00000, 0x00000000ffc00000| Complete 
|  61|0x00000000ffd00000, 0x00000000ffe00000, 0x00000000ffe00000|100%| E|CS|TAMS 0x00000000ffd00000, 0x00000000ffd00000| Complete 
|  62|0x00000000ffe00000, 0x00000000fff00000, 0x00000000fff00000|100%| E|CS|TAMS 0x00000000ffe00000, 0x00000000ffe00000| Complete 
|  63|0x00000000fff00000, 0x0000000100000000, 0x0000000100000000|100%| E|CS|TAMS 0x00000000fff00000, 0x00000000fff00000| Complete 

Card table byte_map: [0x00000160d5ad0000,0x00000160d5af0000] _byte_map_base: 0x00000160d52f0000

Marking Bits (Prev, Next): (CMBitMap*) 0x00000160d5bb7460, (CMBitMap*) 0x00000160d5bb74a0
 Prev Bits: [0x00000160ec780000, 0x00000160ec880000)
 Next Bits: [0x00000160ec880000, 0x00000160ec980000)

Polling page: 0x00000160d3a90000

Metaspace:

Usage:
  Non-class:      7.78 MB used.
      Class:      1.18 MB used.
       Both:      8.96 MB used.

Virtual space:
  Non-class space:       64.00 MB reserved,       7.88 MB ( 12%) committed,  1 nodes.
      Class space:        1.00 GB reserved,       1.25 MB ( <1%) committed,  1 nodes.
             Both:        1.06 GB reserved,       9.12 MB ( <1%) committed. 

Chunk freelists:
   Non-Class:  7.97 MB
       Class:  14.56 MB
        Both:  22.53 MB

MaxMetaspaceSize: unlimited
CompressedClassSpaceSize: 1.00 GB
Initial GC threshold: 21.00 MB
Current GC threshold: 21.00 MB
CDS: on
MetaspaceReclaimPolicy: balanced
 - commit_granule_bytes: 65536.
 - commit_granule_words: 8192.
 - virtual_space_node_default_size: 8388608.
 - enlarge_chunks_in_place: 1.
 - new_chunks_are_fully_committed: 0.
 - uncommit_free_chunks: 1.
 - use_allocation_guard: 0.
 - handle_deallocations: 1.


Internal statistics:

num_allocs_failed_limit: 0.
num_arena_births: 80.
num_arena_deaths: 0.
num_vsnodes_births: 2.
num_vsnodes_deaths: 0.
num_space_committed: 146.
num_space_uncommitted: 0.
num_chunks_returned_to_freelist: 0.
num_chunks_taken_from_freelist: 317.
num_chunk_merges: 0.
num_chunk_splits: 210.
num_chunks_enlarged: 180.
num_purges: 0.
num_inconsistent_stats: 0.

CodeHeap 'non-profiled nmethods': size=120000Kb used=553Kb max_used=553Kb free=119446Kb
 bounds [0x00000160e4f10000, 0x00000160e5180000, 0x00000160ec440000]
CodeHeap 'profiled nmethods': size=120000Kb used=3234Kb max_used=3234Kb free=116765Kb
 bounds [0x00000160dd440000, 0x00000160dd770000, 0x00000160e4970000]
CodeHeap 'non-nmethods': size=5760Kb used=1171Kb max_used=1206Kb free=4588Kb
 bounds [0x00000160e4970000, 0x00000160e4be0000, 0x00000160e4f10000]
 total_blobs=2156 nmethods=1687 adapters=382
 compilation: enabled
              stopped_count=0, restarted_count=0
 full_count=0

Compilation events (20 events):
Event: 82.146 Thread 0x00000160ef342db0 1669       1       java.util.LinkedList::size (5 bytes)
Event: 82.146 Thread 0x00000160ef342db0 nmethod 1669 0x00000160e4f99890 code [0x00000160e4f99a20, 0x00000160e4f99af8]
Event: 82.147 Thread 0x00000160ef337670 1670 % !   4       java.io.BufferedReader::readLine @ 139 (327 bytes)
Event: 82.147 Thread 0x00000160ef342db0 1671       3       java.util.LinkedList::checkPositionIndex (22 bytes)
Event: 82.147 Thread 0x00000160ef342db0 nmethod 1671 0x00000160dd760590 code [0x00000160dd7607e0, 0x00000160dd760f48]
Event: 82.147 Thread 0x00000160ef342db0 1672       3       java.util.LinkedList::isPositionIndex (18 bytes)
Event: 82.148 Thread 0x00000160ef342db0 nmethod 1672 0x00000160dd761290 code [0x00000160dd761420, 0x00000160dd7615b8]
Event: 82.148 Thread 0x00000160ef342db0 1673       3       java.util.LinkedList::node (65 bytes)
Event: 82.148 Thread 0x00000160ef342db0 nmethod 1673 0x00000160dd761690 code [0x00000160dd761840, 0x00000160dd761b18]
Event: 82.149 Thread 0x00000160ef342db0 1675       3       java.lang.invoke.LambdaForm$BasicType::basicTypeSlots (8 bytes)
Event: 82.150 Thread 0x00000160ef342db0 nmethod 1675 0x00000160dd761c90 code [0x00000160dd761e20, 0x00000160dd761f98]
Event: 82.150 Thread 0x00000160ef342db0 1676       3       sun.invoke.util.Wrapper::stackSlots (9 bytes)
Event: 82.150 Thread 0x00000160ef342db0 nmethod 1676 0x00000160dd762090 code [0x00000160dd762220, 0x00000160dd762338]
Event: 82.151 Thread 0x00000160ef342db0 1677       3       java.lang.invoke.MemberName::isCallerSensitive (8 bytes)
Event: 82.151 Thread 0x00000160ef342db0 nmethod 1677 0x00000160dd762410 code [0x00000160dd7625c0, 0x00000160dd7627f8]
Event: 82.151 Thread 0x00000160ef342db0 1678       1       java.lang.invoke.InfoFromMemberName::getReferenceKind (5 bytes)
Event: 82.151 Thread 0x00000160ef342db0 nmethod 1678 0x00000160e4f99e90 code [0x00000160e4f9a020, 0x00000160e4f9a0f8]
Event: 82.159 Thread 0x00000160ef342db0 1684       3       java.nio.HeapCharBuffer::<init> (23 bytes)
Event: 82.159 Thread 0x00000160ef342db0 nmethod 1684 0x00000160dd762910 code [0x00000160dd762ac0, 0x00000160dd762c48]
Event: 82.159 Thread 0x00000160ef342db0 1685       3       sun.nio.cs.StreamEncoder::implWrite (137 bytes)

GC Heap History (2 events):
Event: 0.643 GC heap before
{Heap before GC invocations=0 (full 0):
 garbage-first heap   total 65536K, used 26624K [0x00000000fc000000, 0x0000000100000000)
  region size 1024K, 23 young (23552K), 0 survivors (0K)
 Metaspace       used 3729K, committed 3840K, reserved 1114112K
  class space    used 466K, committed 512K, reserved 1048576K
}
Event: 0.649 GC heap after
{Heap after GC invocations=1 (full 0):
 garbage-first heap   total 65536K, used 10736K [0x00000000fc000000, 0x0000000100000000)
  region size 1024K, 3 young (3072K), 3 survivors (3072K)
 Metaspace       used 3729K, committed 3840K, reserved 1114112K
  class space    used 466K, committed 512K, reserved 1048576K
}

Deoptimization events (20 events):
Event: 1.002 Thread 0x00000160d5b96600 Uncommon trap: trap_request=0xffffffc6 fr.pc=0x00000160e4f6ee20 relative=0x00000000000005c0
Event: 1.002 Thread 0x00000160d5b96600 Uncommon trap: reason=bimorphic_or_optimized_type_check action=maybe_recompile pc=0x00000160e4f6ee20 method=java.util.concurrent.ConcurrentHashMap.get(Ljava/lang/Object;)Ljava/lang/Object; @ 149 c2
Event: 1.002 Thread 0x00000160d5b96600 DEOPT PACKING pc=0x00000160e4f6ee20 sp=0x0000005e3c9fba80
Event: 1.002 Thread 0x00000160d5b96600 DEOPT UNPACKING pc=0x00000160e49c23a3 sp=0x0000005e3c9fba20 mode 2
Event: 1.199 Thread 0x00000160d5b96600 Uncommon trap: trap_request=0xffffff45 fr.pc=0x00000160e4f45924 relative=0x0000000000000664
Event: 1.199 Thread 0x00000160d5b96600 Uncommon trap: reason=unstable_if action=reinterpret pc=0x00000160e4f45924 method=java.lang.AbstractStringBuilder.append(Ljava/lang/String;)Ljava/lang/AbstractStringBuilder; @ 1 c2
Event: 1.199 Thread 0x00000160d5b96600 DEOPT PACKING pc=0x00000160e4f45924 sp=0x0000005e3c9fc7c0
Event: 1.199 Thread 0x00000160d5b96600 DEOPT UNPACKING pc=0x00000160e49c23a3 sp=0x0000005e3c9fc740 mode 2
Event: 1.199 Thread 0x00000160d5b96600 Uncommon trap: trap_request=0xffffff45 fr.pc=0x00000160e4f57824 relative=0x0000000000000664
Event: 1.199 Thread 0x00000160d5b96600 Uncommon trap: reason=unstable_if action=reinterpret pc=0x00000160e4f57824 method=java.lang.AbstractStringBuilder.append(Ljava/lang/String;)Ljava/lang/AbstractStringBuilder; @ 1 c2
Event: 1.199 Thread 0x00000160d5b96600 DEOPT PACKING pc=0x00000160e4f57824 sp=0x0000005e3c9fc760
Event: 1.199 Thread 0x00000160d5b96600 DEOPT UNPACKING pc=0x00000160e49c23a3 sp=0x0000005e3c9fc748 mode 2
Event: 82.122 Thread 0x00000160d5b96600 Uncommon trap: trap_request=0xffffff45 fr.pc=0x00000160e4f9847c relative=0x000000000000015c
Event: 82.122 Thread 0x00000160d5b96600 Uncommon trap: reason=unstable_if action=reinterpret pc=0x00000160e4f9847c method=com.esotericsoftware.kryo.io.Input.require(I)I @ 180 c2
Event: 82.122 Thread 0x00000160d5b96600 DEOPT PACKING pc=0x00000160e4f9847c sp=0x0000005e3c9fc7e0
Event: 82.123 Thread 0x00000160d5b96600 DEOPT UNPACKING pc=0x00000160e49c23a3 sp=0x0000005e3c9fc788 mode 2
Event: 82.148 Thread 0x00000160d5b96600 Uncommon trap: trap_request=0xffffffc6 fr.pc=0x00000160e4f6ee20 relative=0x00000000000005c0
Event: 82.148 Thread 0x00000160d5b96600 Uncommon trap: reason=bimorphic_or_optimized_type_check action=maybe_recompile pc=0x00000160e4f6ee20 method=java.util.concurrent.ConcurrentHashMap.get(Ljava/lang/Object;)Ljava/lang/Object; @ 149 c2
Event: 82.148 Thread 0x00000160d5b96600 DEOPT PACKING pc=0x00000160e4f6ee20 sp=0x0000005e3c9fbc30
Event: 82.148 Thread 0x00000160d5b96600 DEOPT UNPACKING pc=0x00000160e49c23a3 sp=0x0000005e3c9fbbd0 mode 2

Classes unloaded (0 events):
No events

Classes redefined (0 events):
No events

Internal exceptions (20 events):
Event: 0.603 Thread 0x00000160d5b96600 Exception <a 'java/lang/NoSuchMethodError'{0x00000000fea5ea80}: 'void java.lang.invoke.DirectMethodHandle$Holder.invokeStatic(java.lang.Object, java.lang.Object)'> (0x00000000fea5ea80) 
thrown [s\open\src\hotspot\share\interpreter\linkResolver.cpp, line 759]
Event: 0.620 Thread 0x00000160d5b96600 Exception <a 'java/lang/NoClassDefFoundError'{0x00000000feae4408}: org/slf4j/impl/StaticMarkerBinder> (0x00000000feae4408) 
thrown [s\open\src\hotspot\share\classfile\systemDictionary.cpp, line 245]
Event: 0.632 Thread 0x00000160d5b96600 Exception <a 'java/lang/NoSuchMethodError'{0x00000000fe981ed0}: 'java.lang.Object java.lang.invoke.DirectMethodHandle$Holder.invokeVirtual(java.lang.Object, java.lang.Object, java.lang.Object, java.lang.Object, java.lang.Object, java.lang.Object, java.lang.Object)'> (0x00000000fe981ed0) 
thrown [s\open\src\hotspot\share\interpreter\linkResolver.cpp, line 759]
Event: 0.633 Thread 0x00000160d5b96600 Exception <a 'java/lang/NoSuchMethodError'{0x00000000fe993510}: 'java.lang.Object java.lang.invoke.Invokers$Holder.invoker(java.lang.Object, java.lang.Object, java.lang.Object)'> (0x00000000fe993510) 
thrown [s\open\src\hotspot\share\interpreter\linkResolver.cpp, line 759]
Event: 0.634 Thread 0x00000160d5b96600 Exception <a 'java/lang/NoSuchMethodError'{0x00000000fe99c5e0}: 'java.lang.Object java.lang.invoke.DirectMethodHandle$Holder.invokeStatic(java.lang.Object, java.lang.Object, int)'> (0x00000000fe99c5e0) 
thrown [s\open\src\hotspot\share\interpreter\linkResolver.cpp, line 759]
Event: 0.635 Thread 0x00000160d5b96600 Exception <a 'java/lang/NoSuchMethodError'{0x00000000fe9a82d0}: 'void java.lang.invoke.DelegatingMethodHandle$Holder.delegate(java.lang.Object, java.lang.Object, int, java.lang.Object)'> (0x00000000fe9a82d0) 
thrown [s\open\src\hotspot\share\interpreter\linkResolver.cpp, line 759]
Event: 0.636 Thread 0x00000160d5b96600 Exception <a 'java/lang/NoSuchMethodError'{0x00000000fe9ac418}: 'int java.lang.invoke.DirectMethodHandle$Holder.invokeSpecial(java.lang.Object, java.lang.Object, java.lang.Object)'> (0x00000000fe9ac418) 
thrown [s\open\src\hotspot\share\interpreter\linkResolver.cpp, line 759]
Event: 0.638 Thread 0x00000160d5b96600 Exception <a 'java/lang/NoSuchMethodError'{0x00000000fe9bf560}: 'java.lang.Object java.lang.invoke.Invokers$Holder.invokeExact_MT(java.lang.Object, java.lang.Object, java.lang.Object, java.lang.Object)'> (0x00000000fe9bf560) 
thrown [s\open\src\hotspot\share\interpreter\linkResolver.cpp, line 759]
Event: 0.904 Thread 0x00000160d5b96600 Exception <a 'java/lang/NoSuchMethodError'{0x00000000ffbf21e8}: 'void java.lang.invoke.DirectMethodHandle$Holder.invokeSpecial(java.lang.Object, java.lang.Object, java.lang.Object)'> (0x00000000ffbf21e8) 
thrown [s\open\src\hotspot\share\interpreter\linkResolver.cpp, line 759]
Event: 0.913 Thread 0x00000160d5b96600 Implicit null exception at 0x00000160e4f5dc0e to 0x00000160e4f5e06c
Event: 0.914 Thread 0x00000160d5b96600 Implicit null exception at 0x00000160e4f4ec13 to 0x00000160e4f4f05c
Event: 0.929 Thread 0x00000160d5b96600 Exception <a 'java/lang/NoSuchMethodError'{0x00000000ff991900}: 'java.lang.Object java.lang.invoke.DirectMethodHandle$Holder.invokeStaticInit(java.lang.Object)'> (0x00000000ff991900) 
thrown [s\open\src\hotspot\share\interpreter\linkResolver.cpp, line 759]
Event: 0.998 Thread 0x00000160d5b96600 Exception <a 'java/lang/NoSuchMethodError'{0x00000000ff439420}: 'java.lang.Object java.lang.invoke.DirectMethodHandle$Holder.invokeStaticInit(java.lang.Object, int, int, int, int)'> (0x00000000ff439420) 
thrown [s\open\src\hotspot\share\interpreter\linkResolver.cpp, line 759]
Event: 1.047 Thread 0x00000160d5b96600 Exception <a 'java/lang/NoSuchMethodError'{0x00000000ff349780}: 'java.lang.Object java.lang.invoke.DirectMethodHandle$Holder.invokeStaticInit(java.lang.Object, java.lang.Object, int, int, int, int)'> (0x00000000ff349780) 
thrown [s\open\src\hotspot\share\interpreter\linkResolver.cpp, line 759]
Event: 1.186 Thread 0x00000160d5b96600 Exception <a 'java/lang/NoSuchMethodError'{0x00000000ff377d48}: 'void java.lang.invoke.DirectMethodHandle$Holder.invokeStatic(java.lang.Object, java.lang.Object, java.lang.Object)'> (0x00000000ff377d48) 
thrown [s\open\src\hotspot\share\interpreter\linkResolver.cpp, line 759]
Event: 1.199 Thread 0x00000160d5b96600 Implicit null exception at 0x00000160e4f452f2 to 0x00000160e4f4590c
Event: 1.199 Thread 0x00000160d5b96600 Implicit null exception at 0x00000160e4f571f2 to 0x00000160e4f5780c
Event: 82.122 Thread 0x00000160d5b96600 Exception <a 'sun/net/ConnectionResetException'{0x00000000fee704f0}: Connection reset> (0x00000000fee704f0) 
thrown [s\open\src\hotspot\share\prims\jni.cpp, line 535]
Event: 82.149 Thread 0x00000160d5b96600 Exception <a 'java/lang/NoSuchMethodError'{0x00000000feeaf798}: 'int java.lang.invoke.DirectMethodHandle$Holder.invokeVirtual(java.lang.Object, java.lang.Object)'> (0x00000000feeaf798) 
thrown [s\open\src\hotspot\share\interpreter\linkResolver.cpp, line 759]
Event: 82.153 Thread 0x00000160f486cd00 Exception <a 'java/io/IOException'{0x00000000ff1db4e0}: Connection reset by peer> (0x00000000ff1db4e0) 
thrown [s\open\src\hotspot\share\prims\jni.cpp, line 535]

VM Operations (20 events):
Event: 63.986 Executing VM operation: Cleanup
Event: 63.986 Executing VM operation: Cleanup done
Event: 64.990 Executing VM operation: Cleanup
Event: 64.990 Executing VM operation: Cleanup done
Event: 65.997 Executing VM operation: Cleanup
Event: 65.998 Executing VM operation: Cleanup done
Event: 68.005 Executing VM operation: Cleanup
Event: 68.005 Executing VM operation: Cleanup done
Event: 69.010 Executing VM operation: Cleanup
Event: 69.010 Executing VM operation: Cleanup done
Event: 71.022 Executing VM operation: Cleanup
Event: 71.022 Executing VM operation: Cleanup done
Event: 74.038 Executing VM operation: Cleanup
Event: 74.038 Executing VM operation: Cleanup done
Event: 75.039 Executing VM operation: Cleanup
Event: 75.039 Executing VM operation: Cleanup done
Event: 80.096 Executing VM operation: Cleanup
Event: 80.096 Executing VM operation: Cleanup done
Event: 82.126 Executing VM operation: Cleanup
Event: 82.126 Executing VM operation: Cleanup done

Events (20 events):
Event: 11.972 loading class sun/util/logging/internal/LoggingProviderImpl$JULWrapper done
Event: 11.973 loading class java/io/ObjectInputFilter
Event: 11.973 loading class java/io/ObjectInputFilter done
Event: 11.974 loading class java/io/ObjectInputFilter$Config$BuiltinFilterFactory
Event: 11.974 loading class java/io/ObjectInputFilter$Config$BuiltinFilterFactory done
Event: 11.974 loading class jdk/internal/access/JavaObjectInputFilterAccess
Event: 11.974 loading class jdk/internal/access/JavaObjectInputFilterAccess done
Event: 11.974 loading class java/lang/System$Logger$Level
Event: 11.975 loading class java/lang/System$Logger$Level done
Event: 11.975 loading class java/io/Bits
Event: 11.975 loading class java/io/Bits done
Event: 67.065 loading class jdk/internal/misc/ScopedMemoryAccess$Scope
Event: 67.066 loading class jdk/internal/misc/ScopedMemoryAccess$Scope done
Event: 82.122 loading class sun/net/ConnectionResetException
Event: 82.122 loading class sun/net/ConnectionResetException done
Event: 82.152 loading class java/util/concurrent/locks/AbstractQueuedSynchronizer$ExclusiveNode
Event: 82.153 loading class java/util/concurrent/locks/AbstractQueuedSynchronizer$ExclusiveNode done
Event: 82.154 Thread 0x00000160f486cd00 Thread exited: 0x00000160f486cd00
Event: 82.155 loading class java/util/concurrent/ConcurrentLinkedQueue$Itr
Event: 82.156 loading class java/util/concurrent/ConcurrentLinkedQueue$Itr done


Dynamic libraries:
0x00007ff606eb0000 - 0x00007ff606ec0000 	D:\jdk\bin\java.exe
0x00007ffb60ad0000 - 0x00007ffb60cc8000 	C:\WINDOWS\SYSTEM32\ntdll.dll
0x00007ffb5efb0000 - 0x00007ffb5f06d000 	C:\WINDOWS\System32\KERNEL32.DLL
0x00007ffb5e4f0000 - 0x00007ffb5e7e6000 	C:\WINDOWS\System32\KERNELBASE.dll
0x00007ffb5e1b0000 - 0x00007ffb5e2b0000 	C:\WINDOWS\System32\ucrtbase.dll
0x00007ffb3eac0000 - 0x00007ffb3ead9000 	D:\jdk\bin\jli.dll
0x00007ffb53e70000 - 0x00007ffb53e8b000 	D:\jdk\bin\VCRUNTIME140.dll
0x00007ffb602e0000 - 0x00007ffb6038f000 	C:\WINDOWS\System32\ADVAPI32.dll
0x00007ffb5fa40000 - 0x00007ffb5fade000 	C:\WINDOWS\System32\msvcrt.dll
0x00007ffb5ebe0000 - 0x00007ffb5ec7c000 	C:\WINDOWS\System32\sechost.dll
0x00007ffb60790000 - 0x00007ffb608b6000 	C:\WINDOWS\System32\RPCRT4.dll
0x00007ffb5ee10000 - 0x00007ffb5efae000 	C:\WINDOWS\System32\USER32.dll
0x00007ffb5e990000 - 0x00007ffb5e9b2000 	C:\WINDOWS\System32\win32u.dll
0x00007ffb60a60000 - 0x00007ffb60a8c000 	C:\WINDOWS\System32\GDI32.dll
0x00007ffb5e9c0000 - 0x00007ffb5eada000 	C:\WINDOWS\System32\gdi32full.dll
0x00007ffb38940000 - 0x00007ffb38bda000 	C:\WINDOWS\WinSxS\amd64_microsoft.windows.common-controls_6595b64144ccf1df_6.0.19041.3636_none_60b6a03d71f818d5\COMCTL32.dll
0x00007ffb5e8f0000 - 0x00007ffb5e98d000 	C:\WINDOWS\System32\msvcp_win.dll
0x00007ffb525e0000 - 0x00007ffb525ea000 	C:\WINDOWS\SYSTEM32\VERSION.dll
0x00007ffb5fa10000 - 0x00007ffb5fa40000 	C:\WINDOWS\System32\IMM32.DLL
0x00007ffb558e0000 - 0x00007ffb558ec000 	D:\jdk\bin\vcruntime140_1.dll
0x00007ffb1cda0000 - 0x00007ffb1ce2e000 	D:\jdk\bin\msvcp140.dll
0x00007ffab8390000 - 0x00007ffab8f6e000 	D:\jdk\bin\server\jvm.dll
0x00007ffb60620000 - 0x00007ffb60628000 	C:\WINDOWS\System32\PSAPI.DLL
0x00007ffb41e20000 - 0x00007ffb41e47000 	C:\WINDOWS\SYSTEM32\WINMM.dll
0x00007ffb3f5e0000 - 0x00007ffb3f5e9000 	C:\WINDOWS\SYSTEM32\WSOCK32.dll
0x00007ffb60400000 - 0x00007ffb6046b000 	C:\WINDOWS\System32\WS2_32.dll
0x00007ffb5ca00000 - 0x00007ffb5ca12000 	C:\WINDOWS\SYSTEM32\kernel.appcore.dll
0x00007ffb42ff0000 - 0x00007ffb42ffa000 	D:\jdk\bin\jimage.dll
0x00007ffb5bd70000 - 0x00007ffb5bf54000 	C:\WINDOWS\SYSTEM32\DBGHELP.DLL
0x00007ffb39260000 - 0x00007ffb39294000 	C:\WINDOWS\SYSTEM32\dbgcore.DLL
0x00007ffb5e7f0000 - 0x00007ffb5e872000 	C:\WINDOWS\System32\bcryptPrimitives.dll
0x00007ffb3d810000 - 0x00007ffb3d835000 	D:\jdk\bin\java.dll
0x00007ffb1c4f0000 - 0x00007ffb1c5c7000 	D:\jdk\bin\jsvml.dll
0x00007ffb5fb90000 - 0x00007ffb602d4000 	C:\WINDOWS\System32\SHELL32.dll
0x00007ffb5c250000 - 0x00007ffb5c9eb000 	C:\WINDOWS\SYSTEM32\windows.storage.dll
0x00007ffb5f4e0000 - 0x00007ffb5f834000 	C:\WINDOWS\System32\combase.dll
0x00007ffb5dbf0000 - 0x00007ffb5dc1d000 	C:\WINDOWS\SYSTEM32\Wldp.dll
0x00007ffb5fae0000 - 0x00007ffb5fb8d000 	C:\WINDOWS\System32\SHCORE.dll
0x00007ffb603a0000 - 0x00007ffb603f5000 	C:\WINDOWS\System32\shlwapi.dll
0x00007ffb5e0e0000 - 0x00007ffb5e105000 	C:\WINDOWS\SYSTEM32\profapi.dll
0x00007ffb3d7f0000 - 0x00007ffb3d809000 	D:\jdk\bin\net.dll
0x00007ffb5b190000 - 0x00007ffb5b29a000 	C:\WINDOWS\SYSTEM32\WINHTTP.dll
0x00007ffb5d950000 - 0x00007ffb5d9ba000 	C:\WINDOWS\system32\mswsock.dll
0x00007ffb3d370000 - 0x00007ffb3d386000 	D:\jdk\bin\nio.dll
0x00007ffb3d350000 - 0x00007ffb3d368000 	D:\jdk\bin\zip.dll
0x00007ffb43ff0000 - 0x00007ffb44000000 	D:\jdk\bin\verify.dll
0x00007ffb3db70000 - 0x00007ffb3db97000 	C:\Users\Mmjiang\.gradle\native\68d5fa5c4cc2d200863cafc0d521ce42e7d3e7ee720ec0a83991735586a16f82\windows-amd64\native-platform.dll
0x00007ffb55900000 - 0x00007ffb5590a000 	C:\Users\Mmjiang\.gradle\native\jansi\1.18\windows64\jansi.dll
0x00007ffb41720000 - 0x00007ffb4172a000 	D:\jdk\bin\management.dll
0x00007ffb40070000 - 0x00007ffb4007b000 	D:\jdk\bin\management_ext.dll
0x00007ffb5db40000 - 0x00007ffb5db58000 	C:\WINDOWS\SYSTEM32\CRYPTSP.dll
0x00007ffb5d210000 - 0x00007ffb5d244000 	C:\WINDOWS\system32\rsaenh.dll
0x00007ffb5e2b0000 - 0x00007ffb5e2d7000 	C:\WINDOWS\System32\bcrypt.dll
0x00007ffb5e060000 - 0x00007ffb5e08e000 	C:\WINDOWS\SYSTEM32\USERENV.dll
0x00007ffb5db60000 - 0x00007ffb5db6c000 	C:\WINDOWS\SYSTEM32\CRYPTBASE.dll
0x00007ffb5d5f0000 - 0x00007ffb5d62b000 	C:\WINDOWS\SYSTEM32\IPHLPAPI.DLL
0x00007ffb606f0000 - 0x00007ffb606f8000 	C:\WINDOWS\System32\NSI.dll
0x00007ffb543f0000 - 0x00007ffb54407000 	C:\WINDOWS\SYSTEM32\dhcpcsvc6.DLL
0x00007ffb54360000 - 0x00007ffb5437d000 	C:\WINDOWS\SYSTEM32\dhcpcsvc.DLL
0x00007ffb5d640000 - 0x00007ffb5d70a000 	C:\WINDOWS\SYSTEM32\DNSAPI.dll
0x00007ffb3ff70000 - 0x00007ffb3ff7e000 	D:\jdk\bin\sunmscapi.dll
0x00007ffb5e390000 - 0x00007ffb5e4ed000 	C:\WINDOWS\System32\CRYPT32.dll
0x00007ffb5dc60000 - 0x00007ffb5dc87000 	C:\WINDOWS\SYSTEM32\ncrypt.dll
0x00007ffb5dc20000 - 0x00007ffb5dc5b000 	C:\WINDOWS\SYSTEM32\NTASN1.dll
0x00007ffb3fee0000 - 0x00007ffb3fee7000 	C:\WINDOWS\system32\wshunix.dll

dbghelp: loaded successfully - version: 4.0.5 - missing functions: none
symbol engine: initialized successfully - sym options: 0x614 - pdb path: .;D:\jdk\bin;C:\WINDOWS\SYSTEM32;C:\WINDOWS\WinSxS\amd64_microsoft.windows.common-controls_6595b64144ccf1df_6.0.19041.3636_none_60b6a03d71f818d5;D:\jdk\bin\server;C:\Users\Mmjiang\.gradle\native\68d5fa5c4cc2d200863cafc0d521ce42e7d3e7ee720ec0a83991735586a16f82\windows-amd64;C:\Users\Mmjiang\.gradle\native\jansi\1.18\windows64

VM Arguments:
jvm_args: -Xmx64m -Xms64m -Dorg.gradle.appname=gradlew 
java_command: org.gradle.wrapper.GradleWrapperMain app:installDebug -PreactNativeDevServerPort=8081
java_class_path (initial): C:\Users\Mmjiang\Desktop\AwesomeProject\android\\gradle\wrapper\gradle-wrapper.jar
Launcher Type: SUN_STANDARD

[Global flags]
     intx CICompilerCount                          = 4                                         {product} {ergonomic}
     uint ConcGCThreads                            = 2                                         {product} {ergonomic}
     uint G1ConcRefinementThreads                  = 8                                         {product} {ergonomic}
   size_t G1HeapRegionSize                         = 1048576                                   {product} {ergonomic}
    uintx GCDrainStackTargetSize                   = 64                                        {product} {ergonomic}
   size_t InitialHeapSize                          = 67108864                                  {product} {command line}
   size_t MarkStackSize                            = 4194304                                   {product} {ergonomic}
   size_t MaxHeapSize                              = 67108864                                  {product} {command line}
   size_t MaxNewSize                               = 39845888                                  {product} {ergonomic}
   size_t MinHeapDeltaBytes                        = 1048576                                   {product} {ergonomic}
   size_t MinHeapSize                              = 67108864                                  {product} {command line}
    uintx NonNMethodCodeHeapSize                   = 5839372                                {pd product} {ergonomic}
    uintx NonProfiledCodeHeapSize                  = 122909434                              {pd product} {ergonomic}
    uintx ProfiledCodeHeapSize                     = 122909434                              {pd product} {ergonomic}
    uintx ReservedCodeCacheSize                    = 251658240                              {pd product} {ergonomic}
     bool SegmentedCodeCache                       = true                                      {product} {ergonomic}
   size_t SoftMaxHeapSize                          = 67108864                               {manageable} {ergonomic}
     bool UseCompressedClassPointers               = true                           {product lp64_product} {ergonomic}
     bool UseCompressedOops                        = true                           {product lp64_product} {ergonomic}
     bool UseG1GC                                  = true                                      {product} {ergonomic}
     bool UseLargePagesIndividualAllocation        = false                                  {pd product} {ergonomic}

Logging:
Log output configuration:
 #0: stdout all=warning uptime,level,tags
 #1: stderr all=off uptime,level,tags

Environment Variables:
JAVA_HOME=D:\jdk
CLASSPATH=C:\Users\Mmjiang\Desktop\AwesomeProject\android\\gradle\wrapper\gradle-wrapper.jar
PATH=C:\Users\Mmjiang\AppData\Local\Temp\yarn--1702259457618-0.5973113484174812;C:\Users\Mmjiang\Desktop\AwesomeProject\node_modules\.bin;C:\Users\Mmjiang\AppData\Local\Yarn\Data\link\node_modules\.bin;C:\Users\Mmjiang\AppData\Local\Yarn\bin;D:\libexec\lib\node_modules\npm\bin\node-gyp-bin;D:\lib\node_modules\npm\bin\node-gyp-bin;D:\nodejs\node_modules\npm\bin\node-gyp-bin;C:\Program Files\Common Files\Oracle\Java\javapath;C:\Python311\Scripts\;C:\Python311\;D:\bin\;C:\WINDOWS\system32;C:\WINDOWS;C:\WINDOWS\System32\Wbem;C:\WINDOWS\System32\WindowsPowerShell\v1.0\;C:\WINDOWS\System32\OpenSSH\;C:\Program Files\MySQL\MySQL Server 5.7\bin;D:\;C:\ProgramData\chocolatey\bin;D:\nodejs\;D:\android-sdk\Sdk\emulator;D:\android-sdk\Sdk\platform-tools;D:\android-sdk\Sdk\cmdline-tools\10.0\bin;D:\LLVM\bin;C:\Users\Mmjiang\AppData\Local\Programs\Python\Python37\Scripts\;C:\Users\Mmjiang\AppData\Local\Programs\Python\Python37\;C:\Users\Mmjiang\AppData\Local\Microsoft\WindowsApps;C:\Program Files (x86)\SSH Communications Security\SSH Secure Shell;C:\Users\Mmjiang\AppData\Local\Pandoc\;D:\MiTeX\miktex\bin\x64\;C:\Users\Mmjiang\Desktop\G\bin;C:\Program Files (x86)\Tencent\WeChat\;C:\Program Files\Bandizip\;D:\Git\cmd;D:\Mogoose\bin;D:\CLion 2023.2\bin;;C:\Users\Mmjiang\AppData\Roaming\npm;D:\Microsoft VS Code\bin
USERNAME=Mmjiang
OS=Windows_NT
PROCESSOR_IDENTIFIER=Intel64 Family 6 Model 142 Stepping 12, GenuineIntel



---------------  S Y S T E M  ---------------

OS:
 Windows 10 , 64 bit Build 19041 (10.0.19041.3636)
OS uptime: 19 days 8:01 hours

CPU: total 8 (initial active 8) (4 cores per cpu, 2 threads per core) family 6 model 142 stepping 12 microcode 0xde, cx8, cmov, fxsr, ht, mmx, 3dnowpref, sse, sse2, sse3, ssse3, sse4.1, sse4.2, popcnt, lzcnt, tsc, tscinvbit, avx, avx2, aes, erms, clmul, bmi1, bmi2, adx, fma, vzeroupper, clflush, clflushopt

Memory: 4k page, system-wide physical 7977M (655M free)
TotalPageFile size 32553M (AvailPageFile size 425M)
current process WorkingSet (physical memory assigned to process): 90M, peak: 92M
current process commit charge ("private bytes"): 163M, peak: 166M

vm_info: Java HotSpot(TM) 64-Bit Server VM (17.0.8+9-LTS-211) for windows-amd64 JRE (17.0.8+9-LTS-211), built on Jun 14 2023 10:34:31 by "mach5one" with MS VC++ 17.1 (VS2022)

END.
